
[/app/bot/command_modules/gm_app_cmds.py] — 84 issue(s):
  Line 1    [ERROR] Import "discord" could not be resolved
  Line 2    [ERROR] Import "discord" could not be resolved
  Line 3    [ERROR] Import "discord.ext" could not be resolved
  Line 24   [ERROR] Import "sqlalchemy.ext.asyncio" could not be resolved
  Line 27   [ERROR] Import "bot.database.models.pending_generation" could not be resolved
  Line 28   [ERROR] "parse_and_validate_ai_response" is unknown import symbol
  Line 29   [ERROR] "GenerationType" is unknown import symbol
  Line 35   [ERROR] Incorrect keyword arguments for __init_subclass__ method
  Line 35   [ERROR] No parameter named "name"
  Line 50   [ERROR] "Location" is not awaitable
  "Location" is incompatible with protocol "Awaitable[_T_co@Awaitable]"
    "__await__" is not present
  Line 50   [ERROR] "None" is not awaitable
  "None" is incompatible with protocol "Awaitable[_T_co@Awaitable]"
    "__await__" is not present
  Line 53   [ERROR] "None" is not awaitable
  "None" is incompatible with protocol "Awaitable[_T_co@Awaitable]"
    "__await__" is not present
  Line 56   [ERROR] "Character" is not awaitable
  "Character" is incompatible with protocol "Awaitable[_T_co@Awaitable]"
    "__await__" is not present
  Line 56   [ERROR] "None" is not awaitable
  "None" is incompatible with protocol "Awaitable[_T_co@Awaitable]"
    "__await__" is not present
  Line 59   [ERROR] "Event" is not awaitable
  "Event" is incompatible with protocol "Awaitable[_T_co@Awaitable]"
    "__await__" is not present
  Line 59   [ERROR] "None" is not awaitable
  "None" is incompatible with protocol "Awaitable[_T_co@Awaitable]"
    "__await__" is not present
  Line 76   [ERROR] Cannot access attribute "trigger_manual_simulation_tick" for class "GameManager"
  Attribute "trigger_manual_simulation_tick" is unknown
  Line 148  [ERROR] Cannot access attribute "remove_character" for class "CharacterManager"
  Attribute "remove_character" is unknown
  Line 191  [ERROR] "Character" is not awaitable
  "Character" is incompatible with protocol "Awaitable[_T_co@Awaitable]"
    "__await__" is not present
  Line 191  [ERROR] "None" is not awaitable
  "None" is incompatible with protocol "Awaitable[_T_co@Awaitable]"
    "__await__" is not present
  Line 281  [ERROR] "None" is not awaitable
  "None" is incompatible with protocol "Awaitable[_T_co@Awaitable]"
    "__await__" is not present
  Line 325  [ERROR] Cannot access attribute "update_npc_field" for class "NpcManager"
  Attribute "update_npc_field" is unknown
  Line 330  [ERROR] "None" is not awaitable
  "None" is incompatible with protocol "Awaitable[_T_co@Awaitable]"
    "__await__" is not present
  Line 362  [ERROR] "None" is not awaitable
  "None" is incompatible with protocol "Awaitable[_T_co@Awaitable]"
    "__await__" is not present
  Line 377  [ERROR] "Location" is not awaitable
  "Location" is incompatible with protocol "Awaitable[_T_co@Awaitable]"
    "__await__" is not present
  Line 377  [ERROR] "None" is not awaitable
  "None" is incompatible with protocol "Awaitable[_T_co@Awaitable]"
    "__await__" is not present
  Line 382  [ERROR] Cannot access attribute "update_npc_field" for class "NpcManager"
  Attribute "update_npc_field" is unknown
  Line 387  [ERROR] "None" is not awaitable
  "None" is incompatible with protocol "Awaitable[_T_co@Awaitable]"
    "__await__" is not present
  Line 396  [ERROR] Cannot access attribute "trigger_stats_recalculation" for class "NpcManager"
  Attribute "trigger_stats_recalculation" is unknown
  Line 429  [ERROR] "Character" is not awaitable
  "Character" is incompatible with protocol "Awaitable[_T_co@Awaitable]"
    "__await__" is not present
  Line 429  [ERROR] "None" is not awaitable
  "None" is incompatible with protocol "Awaitable[_T_co@Awaitable]"
    "__await__" is not present
  Line 544  [ERROR] "Item" is not awaitable
  "Item" is incompatible with protocol "Awaitable[_T_co@Awaitable]"
    "__await__" is not present
  Line 544  [ERROR] "None" is not awaitable
  "None" is incompatible with protocol "Awaitable[_T_co@Awaitable]"
    "__await__" is not present
  Line 556  [ERROR] Expected 1 positional argument
  Line 635  [ERROR] Expected 1 positional argument
  Line 644  [ERROR] "Character" is not awaitable
  "Character" is incompatible with protocol "Awaitable[_T_co@Awaitable]"
    "__await__" is not present
  Line 644  [ERROR] "None" is not awaitable
  "None" is incompatible with protocol "Awaitable[_T_co@Awaitable]"
    "__await__" is not present
  Line 648  [ERROR] "None" is not awaitable
  "None" is incompatible with protocol "Awaitable[_T_co@Awaitable]"
    "__await__" is not present
  Line 652  [ERROR] "Location" is not awaitable
  "Location" is incompatible with protocol "Awaitable[_T_co@Awaitable]"
    "__await__" is not present
  Line 652  [ERROR] "None" is not awaitable
  "None" is incompatible with protocol "Awaitable[_T_co@Awaitable]"
    "__await__" is not present
  Line 689  [ERROR] "Dict[str, Any]" is not awaitable
  "Dict[str, Any]" is incompatible with protocol "Awaitable[_T_co@Awaitable]"
    "__await__" is not present
  Line 689  [ERROR] "None" is not awaitable
  "None" is incompatible with protocol "Awaitable[_T_co@Awaitable]"
    "__await__" is not present
  Line 743  [ERROR] Cannot access attribute "get_raw_rules_config_dict_for_guild" for class "RuleEngine"
  Attribute "get_raw_rules_config_dict_for_guild" is unknown
  Line 747  [ERROR] Cannot access attribute "get_default_rules_config_data_model" for class "RuleEngine"
  Attribute "get_default_rules_config_data_model" is unknown
  Line 749  [ERROR] Type "object" is not assignable to declared type "Dict[str, Any] | None"
  Type "object" is not assignable to type "Dict[str, Any] | None"
    "object" is not assignable to "Dict[str, Any]"
    "object" is not assignable to "None"
  Line 796  [ERROR] Cannot access attribute "save_rules_config_for_guild_from_dict" for class "RuleEngine"
  Attribute "save_rules_config_for_guild_from_dict" is unknown
  Line 809  [ERROR] Cannot access attribute "load_rules_config_for_guild" for class "RuleEngine"
  Attribute "load_rules_config_for_guild" is unknown
  Line 966  [ERROR] "Location" is not awaitable
  "Location" is incompatible with protocol "Awaitable[_T_co@Awaitable]"
    "__await__" is not present
  Line 966  [ERROR] "None" is not awaitable
  "None" is incompatible with protocol "Awaitable[_T_co@Awaitable]"
    "__await__" is not present
  Line 973  [ERROR] "List[NPC]" is not awaitable
  "List[NPC]" is incompatible with protocol "Awaitable[_T_co@Awaitable]"
    "__await__" is not present
  Line 976  [ERROR] "List[NPC]" is not awaitable
  "List[NPC]" is incompatible with protocol "Awaitable[_T_co@Awaitable]"
    "__await__" is not present
  Line 989  [ERROR] "Location" is not awaitable
  "Location" is incompatible with protocol "Awaitable[_T_co@Awaitable]"
    "__await__" is not present
  Line 989  [ERROR] "None" is not awaitable
  "None" is incompatible with protocol "Awaitable[_T_co@Awaitable]"
    "__await__" is not present
  Line 1100 [ERROR] "Character" is not awaitable
  "Character" is incompatible with protocol "Awaitable[_T_co@Awaitable]"
    "__await__" is not present
  Line 1100 [ERROR] "None" is not awaitable
  "None" is incompatible with protocol "Awaitable[_T_co@Awaitable]"
    "__await__" is not present
  Line 1134 [ERROR] "Location" is not awaitable
  "Location" is incompatible with protocol "Awaitable[_T_co@Awaitable]"
    "__await__" is not present
  Line 1134 [ERROR] "None" is not awaitable
  "None" is incompatible with protocol "Awaitable[_T_co@Awaitable]"
    "__await__" is not present
  Line 1179 [ERROR] Cannot access attribute "get_all_location_instances" for class "LocationManager"
  Attribute "get_all_location_instances" is unknown
  Line 1186 [ERROR] "Location" is not awaitable
  "Location" is incompatible with protocol "Awaitable[_T_co@Awaitable]"
    "__await__" is not present
  Line 1186 [ERROR] "None" is not awaitable
  "None" is incompatible with protocol "Awaitable[_T_co@Awaitable]"
    "__await__" is not present
  Line 1223 [ERROR] "Location" is not awaitable
  "Location" is incompatible with protocol "Awaitable[_T_co@Awaitable]"
    "__await__" is not present
  Line 1223 [ERROR] "None" is not awaitable
  "None" is incompatible with protocol "Awaitable[_T_co@Awaitable]"
    "__await__" is not present
  Line 1254 [ERROR] "List[NPC]" is not awaitable
  "List[NPC]" is incompatible with protocol "Awaitable[_T_co@Awaitable]"
    "__await__" is not present
  Line 1258 [ERROR] "List[Character]" is not awaitable
  "List[Character]" is incompatible with protocol "Awaitable[_T_co@Awaitable]"
    "__await__" is not present
  Line 1264 [ERROR] Cannot access attribute "get_active_events_for_location" for class "EventManager"
  Attribute "get_active_events_for_location" is unknown
  Line 1267 [ERROR] "List[Event]" is not awaitable
  "List[Event]" is incompatible with protocol "Awaitable[_T_co@Awaitable]"
    "__await__" is not present
  Line 1293 [ERROR] Import "bot.database.models.pending_generation" could not be resolved
  Line 1296 [ERROR] Cannot access attribute "get_entities_by_conditions" for class "DBService"
  Attribute "get_entities_by_conditions" is unknown
  Line 1335 [ERROR] Import "bot.database.models.pending_generation" could not be resolved
  Line 1338 [ERROR] Cannot access attribute "get_entity_by_pk" for class "DBService"
  Attribute "get_entity_by_pk" is unknown
  Line 1418 [ERROR] Import "bot.database.models.pending_generation" could not be resolved
  Line 1429 [ERROR] Object of type "object" cannot be used with "async with" because it does not correctly implement __aenter__
  Attribute "__aenter__" is unknown
  Line 1429 [ERROR] Object of type "object" cannot be used with "with" because it does not correctly implement __aexit__
  Attribute "__aexit__" is unknown
  Line 1464 [ERROR] Object of type "object" cannot be used with "async with" because it does not correctly implement __aenter__
  Attribute "__aenter__" is unknown
  Line 1464 [ERROR] Object of type "object" cannot be used with "with" because it does not correctly implement __aexit__
  Attribute "__aexit__" is unknown
  Line 1496 [ERROR] Import "bot.database.models.pending_generation" could not be resolved
  Line 1500 [ERROR] Cannot access attribute "get_entity_by_pk" for class "DBService"
  Attribute "get_entity_by_pk" is unknown
  Line 1576 [ERROR] Import "bot.database.models.pending_generation" could not be resolved
  Line 1577 [ERROR] "parse_and_validate_ai_response" is unknown import symbol
  Line 1578 [ERROR] "GenerationType" is unknown import symbol
  Line 1580 [ERROR] Object of type "object" cannot be used with "async with" because it does not correctly implement __aenter__
  Attribute "__aenter__" is unknown
  Line 1580 [ERROR] Object of type "object" cannot be used with "with" because it does not correctly implement __aexit__
  Attribute "__aexit__" is unknown
  Line 1649 [ERROR] Object of type "object" cannot be used with "async with" because it does not correctly implement __aenter__
  Attribute "__aenter__" is unknown
  Line 1649 [ERROR] Object of type "object" cannot be used with "with" because it does not correctly implement __aexit__
  Attribute "__aexit__" is unknown

[/app/bot/game/command_handlers/action_commands.py] — 78 issue(s):
  Line 3    [ERROR] Import "discord" could not be resolved
  Line 24   [ERROR] "object" is not awaitable
  "object" is incompatible with protocol "Awaitable[_T_co@Awaitable]"
    "__await__" is not present
  Line 28   [ERROR] "object" is not awaitable
  "object" is incompatible with protocol "Awaitable[_T_co@Awaitable]"
    "__await__" is not present
  Line 35   [ERROR] "object" is not awaitable
  "object" is incompatible with protocol "Awaitable[_T_co@Awaitable]"
    "__await__" is not present
  Line 39   [ERROR] Cannot access attribute "process_action" for class "CharacterActionProcessor"
  Attribute "process_action" is unknown
  Line 41   [ERROR] "object" is not awaitable
  "object" is incompatible with protocol "Awaitable[_T_co@Awaitable]"
    "__await__" is not present
  Line 42   [ERROR] "object" is not awaitable
  "object" is incompatible with protocol "Awaitable[_T_co@Awaitable]"
    "__await__" is not present
  Line 43   [ERROR] "object" is not awaitable
  "object" is incompatible with protocol "Awaitable[_T_co@Awaitable]"
    "__await__" is not present
  Line 54   [ERROR] "object" is not awaitable
  "object" is incompatible with protocol "Awaitable[_T_co@Awaitable]"
    "__await__" is not present
  Line 55   [ERROR] "object" is not awaitable
  "object" is incompatible with protocol "Awaitable[_T_co@Awaitable]"
    "__await__" is not present
  Line 56   [ERROR] "object" is not awaitable
  "object" is incompatible with protocol "Awaitable[_T_co@Awaitable]"
    "__await__" is not present
  Line 66   [ERROR] "object" is not awaitable
  "object" is incompatible with protocol "Awaitable[_T_co@Awaitable]"
    "__await__" is not present
  Line 70   [ERROR] "get_character_by_discord_id" is not a known attribute of "None"
  Line 71   [ERROR] "object" is not awaitable
  "object" is incompatible with protocol "Awaitable[_T_co@Awaitable]"
    "__await__" is not present
  Line 75   [ERROR] "object" is not awaitable
  "object" is incompatible with protocol "Awaitable[_T_co@Awaitable]"
    "__await__" is not present
  Line 79   [ERROR] "None" is not awaitable
  "None" is incompatible with protocol "Awaitable[_T_co@Awaitable]"
    "__await__" is not present
  Line 79   [ERROR] "get_npc" is not a known attribute of "None"
  Line 81   [ERROR] "get_npc_by_name" is not a known attribute of "None"
  Line 81   [ERROR] Cannot access attribute "get_npc_by_name" for class "NpcManager"
  Attribute "get_npc_by_name" is unknown
  Line 82   [ERROR] "object" is not awaitable
  "object" is incompatible with protocol "Awaitable[_T_co@Awaitable]"
    "__await__" is not present
  Line 92   [ERROR] "None" is not awaitable
  "None" is incompatible with protocol "Awaitable[_T_co@Awaitable]"
    "__await__" is not present
  Line 92   [ERROR] "get_location_name" is not a known attribute of "None"
  Line 92   [ERROR] "str" is not awaitable
  "str" is incompatible with protocol "Awaitable[_T_co@Awaitable]"
    "__await__" is not present
  Line 93   [ERROR] "None" is not awaitable
  "None" is incompatible with protocol "Awaitable[_T_co@Awaitable]"
    "__await__" is not present
  Line 93   [ERROR] "get_location_name" is not a known attribute of "None"
  Line 93   [ERROR] "str" is not awaitable
  "str" is incompatible with protocol "Awaitable[_T_co@Awaitable]"
    "__await__" is not present
  Line 94   [ERROR] "object" is not awaitable
  "object" is incompatible with protocol "Awaitable[_T_co@Awaitable]"
    "__await__" is not present
  Line 97   [ERROR] "Combat" is not awaitable
  "Combat" is incompatible with protocol "Awaitable[_T_co@Awaitable]"
    "__await__" is not present
  Line 97   [ERROR] "None" is not awaitable
  "None" is incompatible with protocol "Awaitable[_T_co@Awaitable]"
    "__await__" is not present
  Line 97   [ERROR] "get_combat_by_participant_id" is not a known attribute of "None"
  Line 98   [ERROR] "object" is not awaitable
  "object" is incompatible with protocol "Awaitable[_T_co@Awaitable]"
    "__await__" is not present
  Line 99   [ERROR] "Combat" is not awaitable
  "Combat" is incompatible with protocol "Awaitable[_T_co@Awaitable]"
    "__await__" is not present
  Line 99   [ERROR] "None" is not awaitable
  "None" is incompatible with protocol "Awaitable[_T_co@Awaitable]"
    "__await__" is not present
  Line 99   [ERROR] "get_combat_by_participant_id" is not a known attribute of "None"
  Line 100  [ERROR] "object" is not awaitable
  "object" is incompatible with protocol "Awaitable[_T_co@Awaitable]"
    "__await__" is not present
  Line 101  [ERROR] "object" is not awaitable
  "object" is incompatible with protocol "Awaitable[_T_co@Awaitable]"
    "__await__" is not present
  Line 106  [ERROR] "start_combat" is not a known attribute of "None"
  Line 106  [ERROR] Expected 3 positional arguments
  Line 107  [ERROR] "object" is not awaitable
  "object" is incompatible with protocol "Awaitable[_T_co@Awaitable]"
    "__await__" is not present
  Line 108  [ERROR] "object" is not awaitable
  "object" is incompatible with protocol "Awaitable[_T_co@Awaitable]"
    "__await__" is not present
  Line 109  [ERROR] "object" is not awaitable
  "object" is incompatible with protocol "Awaitable[_T_co@Awaitable]"
    "__await__" is not present
  Line 110  [ERROR] "object" is not awaitable
  "object" is incompatible with protocol "Awaitable[_T_co@Awaitable]"
    "__await__" is not present
  Line 120  [ERROR] "object" is not awaitable
  "object" is incompatible with protocol "Awaitable[_T_co@Awaitable]"
    "__await__" is not present
  Line 121  [ERROR] "object" is not awaitable
  "object" is incompatible with protocol "Awaitable[_T_co@Awaitable]"
    "__await__" is not present
  Line 128  [ERROR] "object" is not awaitable
  "object" is incompatible with protocol "Awaitable[_T_co@Awaitable]"
    "__await__" is not present
  Line 133  [ERROR] "object" is not awaitable
  "object" is incompatible with protocol "Awaitable[_T_co@Awaitable]"
    "__await__" is not present
  Line 137  [ERROR] "object" is not awaitable
  "object" is incompatible with protocol "Awaitable[_T_co@Awaitable]"
    "__await__" is not present
  Line 138  [ERROR] "object" is not awaitable
  "object" is incompatible with protocol "Awaitable[_T_co@Awaitable]"
    "__await__" is not present
  Line 147  [ERROR] "object" is not awaitable
  "object" is incompatible with protocol "Awaitable[_T_co@Awaitable]"
    "__await__" is not present
  Line 148  [ERROR] "object" is not awaitable
  "object" is incompatible with protocol "Awaitable[_T_co@Awaitable]"
    "__await__" is not present
  Line 149  [ERROR] "object" is not awaitable
  "object" is incompatible with protocol "Awaitable[_T_co@Awaitable]"
    "__await__" is not present
  Line 158  [ERROR] "object" is not awaitable
  "object" is incompatible with protocol "Awaitable[_T_co@Awaitable]"
    "__await__" is not present
  Line 162  [ERROR] "get_character_by_discord_id" is not a known attribute of "None"
  Line 163  [ERROR] "object" is not awaitable
  "object" is incompatible with protocol "Awaitable[_T_co@Awaitable]"
    "__await__" is not present
  Line 167  [ERROR] "None" is not awaitable
  "None" is incompatible with protocol "Awaitable[_T_co@Awaitable]"
    "__await__" is not present
  Line 167  [ERROR] "get_npc" is not a known attribute of "None"
  Line 169  [ERROR] "get_npc_by_name" is not a known attribute of "None"
  Line 169  [ERROR] Cannot access attribute "get_npc_by_name" for class "NpcManager"
  Attribute "get_npc_by_name" is unknown
  Line 170  [ERROR] "object" is not awaitable
  "object" is incompatible with protocol "Awaitable[_T_co@Awaitable]"
    "__await__" is not present
  Line 176  [ERROR] "object" is not awaitable
  "object" is incompatible with protocol "Awaitable[_T_co@Awaitable]"
    "__await__" is not present
  Line 177  [ERROR] "object" is not awaitable
  "object" is incompatible with protocol "Awaitable[_T_co@Awaitable]"
    "__await__" is not present
  Line 179  [ERROR] "process_steal_action" is not a known attribute of "None"
  Line 181  [ERROR] "object" is not awaitable
  "object" is incompatible with protocol "Awaitable[_T_co@Awaitable]"
    "__await__" is not present
  Line 182  [ERROR] "object" is not awaitable
  "object" is incompatible with protocol "Awaitable[_T_co@Awaitable]"
    "__await__" is not present
  Line 191  [ERROR] "object" is not awaitable
  "object" is incompatible with protocol "Awaitable[_T_co@Awaitable]"
    "__await__" is not present
  Line 192  [ERROR] "object" is not awaitable
  "object" is incompatible with protocol "Awaitable[_T_co@Awaitable]"
    "__await__" is not present
  Line 193  [ERROR] "object" is not awaitable
  "object" is incompatible with protocol "Awaitable[_T_co@Awaitable]"
    "__await__" is not present
  Line 203  [ERROR] "object" is not awaitable
  "object" is incompatible with protocol "Awaitable[_T_co@Awaitable]"
    "__await__" is not present
  Line 207  [ERROR] "get_character_by_discord_id" is not a known attribute of "None"
  Line 208  [ERROR] "object" is not awaitable
  "object" is incompatible with protocol "Awaitable[_T_co@Awaitable]"
    "__await__" is not present
  Line 216  [ERROR] "None" is not awaitable
  "None" is incompatible with protocol "Awaitable[_T_co@Awaitable]"
    "__await__" is not present
  Line 216  [ERROR] "get_npc" is not a known attribute of "None"
  Line 218  [ERROR] "Character" is not awaitable
  "Character" is incompatible with protocol "Awaitable[_T_co@Awaitable]"
    "__await__" is not present
  Line 218  [ERROR] "None" is not awaitable
  "None" is incompatible with protocol "Awaitable[_T_co@Awaitable]"
    "__await__" is not present
  Line 218  [ERROR] "get_character" is not a known attribute of "None"
  Line 222  [ERROR] "process_use_item_action" is not a known attribute of "None"
  Line 224  [ERROR] "object" is not awaitable
  "object" is incompatible with protocol "Awaitable[_T_co@Awaitable]"
    "__await__" is not present
  Line 225  [ERROR] "object" is not awaitable
  "object" is incompatible with protocol "Awaitable[_T_co@Awaitable]"
    "__await__" is not present

[/app/tests/integration/test_core_flows.py] — 61 issue(s):
  Line 130  [ERROR] No parameter named "game_manager"
  Line 141  [ERROR] Cannot access attribute "get_location_instance_by_id" for class "LocationManager"
  Attribute "get_location_instance_by_id" is unknown
  Line 155  [ERROR] Arguments missing for parameters "user_id", "character_name"
  Line 156  [ERROR] No parameter named "discord_user_id"
  Line 157  [ERROR] No parameter named "name_i18n"
  Line 159  [ERROR] No parameter named "initial_location_id"
  Line 160  [ERROR] No parameter named "player_id"
  Line 165  [ERROR] Cannot access attribute "current_location_id" for class "Character"
  Attribute "current_location_id" is unknown
  Line 166  [ERROR] Cannot access attribute "current_location_id" for class "Character"
  Attribute "current_location_id" is unknown
  Line 167  [ERROR] Cannot access attribute "current_location_id" for class "Character"
  Attribute "current_location_id" is unknown
  Line 167  [ERROR] Cannot access attribute "get_location_instance_by_id" for class "LocationManager"
  Attribute "get_location_instance_by_id" is unknown
  Line 183  [ERROR] Cannot access attribute "model_validate" for class "type[Location]"
  Attribute "model_validate" is unknown
  Line 184  [ERROR] Cannot access attribute "model_validate" for class "type[Location]"
  Attribute "model_validate" is unknown
  Line 190  [ERROR] Cannot access attribute "model_validate" for class "type[Location]"
  Attribute "model_validate" is unknown
  Line 191  [ERROR] Cannot access attribute "model_validate" for class "type[Location]"
  Attribute "model_validate" is unknown
  Line 204  [ERROR] Arguments missing for parameters "user_id", "character_name"
  Line 205  [ERROR] No parameter named "discord_user_id"
  Line 206  [ERROR] No parameter named "name_i18n"
  Line 207  [ERROR] No parameter named "initial_location_id"
  Line 208  [ERROR] No parameter named "player_id"
  Line 211  [ERROR] Cannot access attribute "current_location_id" for class "Character"
  Attribute "current_location_id" is unknown
  Line 219  [ERROR] Cannot access attribute "get_character_by_id" for class "CharacterManager"
  Attribute "get_character_by_id" is unknown
  Line 242  [ERROR] Cannot access attribute "model_validate" for class "type[Location]"
  Attribute "model_validate" is unknown
  Line 244  [ERROR] Argument of type "LocationManager" cannot be assigned to parameter "character_manager" of type "CharacterManager | None" in function "__init__"
  Type "LocationManager" is not assignable to type "CharacterManager | None"
    "LocationManager" is not assignable to "CharacterManager"
    "LocationManager" is not assignable to "None"
  Line 246  [ERROR] Cannot access attribute "_load_item_templates_from_settings" for class "ItemManager"
  Attribute "_load_item_templates_from_settings" is unknown
  Line 251  [ERROR] Argument missing for parameter "character_name"
  Line 251  [ERROR] No parameter named "initial_location_id"
  Line 251  [ERROR] No parameter named "name_i18n"
  Line 251  [ERROR] No parameter named "player_id"
  Line 256  [ERROR] Cannot access attribute "create_item_instance_in_world" for class "ItemManager"
  Attribute "create_item_instance_in_world" is unknown
  Line 258  [ERROR] Cannot access attribute "model_validate" for class "type[Item]"
  Attribute "model_validate" is unknown
  Line 261  [ERROR] Cannot access attribute "get_items_by_location_id" for class "ItemManager"
  Attribute "get_items_by_location_id" is unknown
  Line 270  [ERROR] Cannot access attribute "update_item_instance_in_world" for class "ItemManager"
  Attribute "update_item_instance_in_world" is unknown
  Line 274  [ERROR] Cannot access attribute "get_items_by_owner_id" for class "ItemManager"
  Attribute "get_items_by_owner_id" is unknown
  Line 278  [ERROR] Cannot access attribute "get_items_by_location_id" for class "ItemManager"
  Attribute "get_items_by_location_id" is unknown
  Line 289  [ERROR] Cannot access attribute "create_item_instance_in_inventory" for class "ItemManager"
  Attribute "create_item_instance_in_inventory" is unknown
  Line 291  [ERROR] Cannot access attribute "model_validate" for class "type[Item]"
  Attribute "model_validate" is unknown
  Line 296  [ERROR] Cannot access attribute "update_item_instance_in_world" for class "ItemManager"
  Attribute "update_item_instance_in_world" is unknown
  Line 300  [ERROR] Cannot access attribute "get_items_by_location_id" for class "ItemManager"
  Attribute "get_items_by_location_id" is unknown
  Line 304  [ERROR] Cannot access attribute "get_items_by_owner_id" for class "ItemManager"
  Attribute "get_items_by_owner_id" is unknown
  Line 318  [ERROR] Cannot access attribute "model_validate" for class "type[Location]"
  Attribute "model_validate" is unknown
  Line 325  [ERROR] "json" is not defined
  Line 325  [ERROR] Argument missing for parameter "character_name"
  Line 325  [ERROR] No parameter named "initial_location_id"
  Line 325  [ERROR] No parameter named "name_i18n"
  Line 325  [ERROR] No parameter named "player_id"
  Line 325  [ERROR] No parameter named "stats_json"
  Line 331  [ERROR] "json" is not defined
  Line 331  [ERROR] Argument missing for parameter "character_name"
  Line 331  [ERROR] No parameter named "initial_location_id"
  Line 331  [ERROR] No parameter named "name_i18n"
  Line 331  [ERROR] No parameter named "player_id"
  Line 331  [ERROR] No parameter named "stats_json"
  Line 345  [ERROR] "json" is not defined
  Line 349  [ERROR] Cannot access attribute "update_character_health" for class "CharacterManager"
  Attribute "update_character_health" is unknown
  Line 352  [ERROR] Cannot access attribute "get_character_by_id" for class "CharacterManager"
  Attribute "get_character_by_id" is unknown
  Line 355  [ERROR] "json" is not defined
  Line 362  [ERROR] "json" is not defined
  Line 369  [ERROR] Cannot access attribute "update_character_health" for class "CharacterManager"
  Attribute "update_character_health" is unknown
  Line 374  [ERROR] Cannot access attribute "get_character_by_id" for class "CharacterManager"
  Attribute "get_character_by_id" is unknown
  Line 377  [ERROR] "json" is not defined

[/app/bot/game/character_processors/character_action_processor.py] — 60 issue(s):
  Line 101  [ERROR] Cannot access attribute "rules_config_data" for class "RuleEngine"
  Attribute "rules_config_data" is unknown
  Line 114  [ERROR] Cannot access attribute "begin_transaction" for class "DBService"
  Attribute "begin_transaction" is unknown
  Line 115  [ERROR] "object" is not awaitable
  "object" is incompatible with protocol "Awaitable[_T_co@Awaitable]"
    "__await__" is not present
  Line 115  [ERROR] Cannot access attribute "begin_transaction" for class "DBService"
  Attribute "begin_transaction" is unknown
  Line 163  [ERROR] Cannot access attribute "handle_talk_action" for class "DialogueManager"
  Attribute "handle_talk_action" is unknown
  Line 166  [ERROR] "object" is not awaitable
  "object" is incompatible with protocol "Awaitable[_T_co@Awaitable]"
    "__await__" is not present
  Line 166  [ERROR] Cannot access attribute "handle_talk_action" for class "DialogueManager"
  Attribute "handle_talk_action" is unknown
  Line 186  [ERROR] "Character" is not awaitable
  "Character" is incompatible with protocol "Awaitable[_T_co@Awaitable]"
    "__await__" is not present
  Line 186  [ERROR] "None" is not awaitable
  "None" is incompatible with protocol "Awaitable[_T_co@Awaitable]"
    "__await__" is not present
  Line 188  [ERROR] "None" is not awaitable
  "None" is incompatible with protocol "Awaitable[_T_co@Awaitable]"
    "__await__" is not present
  Line 199  [ERROR] No parameter named "additional_params"
  Line 205  [ERROR] Cannot access attribute "process_interaction" for class "LocationInteractionService"
  Attribute "process_interaction" is unknown
  Line 208  [ERROR] "object" is not awaitable
  "object" is incompatible with protocol "Awaitable[_T_co@Awaitable]"
    "__await__" is not present
  Line 208  [ERROR] Cannot access attribute "process_interaction" for class "LocationInteractionService"
  Attribute "process_interaction" is unknown
  Line 223  [ERROR] "object" is not awaitable
  "object" is incompatible with protocol "Awaitable[_T_co@Awaitable]"
    "__await__" is not present
  Line 223  [ERROR] Cannot access attribute "commit_transaction" for class "DBService"
  Attribute "commit_transaction" is unknown
  Line 223  [ERROR] Cannot access attribute "commit_transaction" for class "DBService"
  Attribute "commit_transaction" is unknown
  Line 226  [ERROR] "object" is not awaitable
  "object" is incompatible with protocol "Awaitable[_T_co@Awaitable]"
    "__await__" is not present
  Line 226  [ERROR] Cannot access attribute "rollback_transaction" for class "DBService"
  Attribute "rollback_transaction" is unknown
  Line 226  [ERROR] Cannot access attribute "rollback_transaction" for class "DBService"
  Attribute "rollback_transaction" is unknown
  Line 232  [ERROR] Cannot access attribute "rollback_transaction" for class "DBService"
  Attribute "rollback_transaction" is unknown
  Line 233  [ERROR] "object" is not awaitable
  "object" is incompatible with protocol "Awaitable[_T_co@Awaitable]"
    "__await__" is not present
  Line 233  [ERROR] Cannot access attribute "rollback_transaction" for class "DBService"
  Attribute "rollback_transaction" is unknown
  Line 238  [ERROR] Cannot access attribute "is_transaction_active" for class "DBService"
  Attribute "is_transaction_active" is unknown
  Line 238  [ERROR] Cannot access attribute "is_transaction_active" for class "DBService"
  Attribute "is_transaction_active" is unknown
  Line 240  [ERROR] "object" is not awaitable
  "object" is incompatible with protocol "Awaitable[_T_co@Awaitable]"
    "__await__" is not present
  Line 240  [ERROR] Cannot access attribute "rollback_transaction" for class "DBService"
  Attribute "rollback_transaction" is unknown
  Line 240  [ERROR] Cannot access attribute "rollback_transaction" for class "DBService"
  Attribute "rollback_transaction" is unknown
  Line 260  [ERROR] "Character" is not awaitable
  "Character" is incompatible with protocol "Awaitable[_T_co@Awaitable]"
    "__await__" is not present
  Line 260  [ERROR] "None" is not awaitable
  "None" is incompatible with protocol "Awaitable[_T_co@Awaitable]"
    "__await__" is not present
  Line 265  [ERROR] Cannot access attribute "is_party_busy" for class "PartyManager"
  Attribute "is_party_busy" is unknown
  Line 266  [ERROR] "object" is not awaitable
  "object" is incompatible with protocol "Awaitable[_T_co@Awaitable]"
    "__await__" is not present
  Line 266  [ERROR] Cannot access attribute "is_party_busy" for class "PartyManager"
  Attribute "is_party_busy" is unknown
  Line 282  [ERROR] "Character" is not awaitable
  "Character" is incompatible with protocol "Awaitable[_T_co@Awaitable]"
    "__await__" is not present
  Line 282  [ERROR] "None" is not awaitable
  "None" is incompatible with protocol "Awaitable[_T_co@Awaitable]"
    "__await__" is not present
  Line 306  [ERROR] "object" is not awaitable
  "object" is incompatible with protocol "Awaitable[_T_co@Awaitable]"
    "__await__" is not present
  Line 375  [ERROR] "Character" is not awaitable
  "Character" is incompatible with protocol "Awaitable[_T_co@Awaitable]"
    "__await__" is not present
  Line 375  [ERROR] "None" is not awaitable
  "None" is incompatible with protocol "Awaitable[_T_co@Awaitable]"
    "__await__" is not present
  Line 403  [ERROR] "Character" is not awaitable
  "Character" is incompatible with protocol "Awaitable[_T_co@Awaitable]"
    "__await__" is not present
  Line 403  [ERROR] "None" is not awaitable
  "None" is incompatible with protocol "Awaitable[_T_co@Awaitable]"
    "__await__" is not present
  Line 432  [ERROR] "Character" is not awaitable
  "Character" is incompatible with protocol "Awaitable[_T_co@Awaitable]"
    "__await__" is not present
  Line 432  [ERROR] "None" is not awaitable
  "None" is incompatible with protocol "Awaitable[_T_co@Awaitable]"
    "__await__" is not present
  Line 500  [ERROR] Cannot access attribute "current_location_id" for class "Character"
  Attribute "current_location_id" is unknown
  Line 513  [ERROR] Cannot access attribute "current_location_id" for class "Character"
  Attribute "current_location_id" is unknown
  Line 513  [ERROR] Expected 4 positional arguments
  Line 529  [ERROR] Cannot access attribute "current_location_id" for class "Character"
  Attribute "current_location_id" is unknown
  Line 607  [ERROR] "Combat" is not awaitable
  "Combat" is incompatible with protocol "Awaitable[_T_co@Awaitable]"
    "__await__" is not present
  Line 607  [ERROR] "None" is not awaitable
  "None" is incompatible with protocol "Awaitable[_T_co@Awaitable]"
    "__await__" is not present
  Line 644  [ERROR] "traceback" is not defined
  Line 696  [ERROR] Cannot access attribute "get_item_instance_by_id" for class "InventoryManager"
  Attribute "get_item_instance_by_id" is unknown
  Line 719  [ERROR] "object" is not awaitable
  "object" is incompatible with protocol "Awaitable[_T_co@Awaitable]"
    "__await__" is not present
  Line 719  [ERROR] Cannot access attribute "get_item_instance_by_id" for class "InventoryManager"
  Attribute "get_item_instance_by_id" is unknown
  Line 740  [ERROR] No parameter named "quantity_to_remove"
  Line 747  [ERROR] Cannot access attribute "current_location_id" for class "Character"
  Attribute "current_location_id" is unknown
  Line 747  [ERROR] Cannot access attribute "current_location_id" for class "Character"
  Attribute "current_location_id" is unknown
  Line 750  [ERROR] "bool" is not awaitable
  "bool" is incompatible with protocol "Awaitable[_T_co@Awaitable]"
    "__await__" is not present
  Line 750  [ERROR] Argument of type "float" cannot be assigned to parameter "quantity" of type "int" in function "add_item"
  "float" is not assignable to "int"
  Line 757  [ERROR] Argument of type "float" cannot be assigned to parameter "quantity" of type "int" in function "add_item_to_location"
  "float" is not assignable to "int"
  Line 763  [ERROR] "bool" is not awaitable
  "bool" is incompatible with protocol "Awaitable[_T_co@Awaitable]"
    "__await__" is not present
  Line 763  [ERROR] Argument of type "float" cannot be assigned to parameter "quantity" of type "int" in function "add_item"
  "float" is not assignable to "int"

[/app/tests/commands/test_gm_app_cmds.py] — 45 issue(s):
  Line 1    [ERROR] Import "pytest" could not be resolved
  Line 8    [ERROR] Import "discord" could not be resolved
  Line 9    [ERROR] Import "discord" could not be resolved
  Line 10   [ERROR] Import "discord.ext" could not be resolved
  Line 16   [ERROR] Import "bot.game.managers.rule_engine" could not be resolved
  Line 18   [ERROR] "parse_and_validate_ai_response" is unknown import symbol
  Line 31   [ERROR] "DBService" is not a known attribute of module "bot.database.crud_utils"
  Line 165  [ERROR] "apply_approved_generation" is not a known attribute of "None"
  Line 165  [ERROR] Cannot assign to attribute "return_value" for class "MethodType"
  Attribute "return_value" is unknown
  Line 174  [ERROR] "apply_approved_generation" is not a known attribute of "None"
  Line 174  [ERROR] Cannot access attribute "assert_awaited_once_with" for class "MethodType"
  Attribute "assert_awaited_once_with" is unknown
  Line 194  [ERROR] "apply_approved_generation" is not a known attribute of "None"
  Line 194  [ERROR] Cannot assign to attribute "return_value" for class "MethodType"
  Attribute "return_value" is unknown
  Line 212  [ERROR] "db_service" is not a known attribute of "None"
  Line 213  [ERROR] "db_service" is not a known attribute of "None"
  Line 218  [ERROR] "get_rule" is not a known attribute of "None"
  Line 219  [ERROR] "rule_engine" is not a known attribute of "None"
  Line 219  [ERROR] "rule_engine" is not a known attribute of "None"
  Line 220  [ERROR] "get_rule" is not a known attribute of "None"
  Line 220  [ERROR] "rule_engine" is not a known attribute of "None"
  Line 220  [ERROR] Cannot assign to attribute "get_rule" for class "RuleEngine"
  Attribute "get_rule" is unknown
  Line 276  [ERROR] "get_raw_rules_config_dict_for_guild" is not a known attribute of "None"
  Line 276  [ERROR] "rule_engine" is not a known attribute of "None"
  Line 276  [ERROR] Cannot assign to attribute "get_raw_rules_config_dict_for_guild" for class "RuleEngine"
  Attribute "get_raw_rules_config_dict_for_guild" is unknown
  Line 277  [ERROR] "rule_engine" is not a known attribute of "None"
  Line 277  [ERROR] "save_rules_config_for_guild_from_dict" is not a known attribute of "None"
  Line 277  [ERROR] Cannot assign to attribute "save_rules_config_for_guild_from_dict" for class "RuleEngine"
  Attribute "save_rules_config_for_guild_from_dict" is unknown
  Line 278  [ERROR] "load_rules_config_for_guild" is not a known attribute of "None"
  Line 278  [ERROR] "rule_engine" is not a known attribute of "None"
  Line 278  [ERROR] Cannot assign to attribute "load_rules_config_for_guild" for class "RuleEngine"
  Attribute "load_rules_config_for_guild" is unknown
  Line 283  [ERROR] "get_raw_rules_config_dict_for_guild" is not a known attribute of "None"
  Line 283  [ERROR] "rule_engine" is not a known attribute of "None"
  Line 283  [ERROR] Cannot access attribute "get_raw_rules_config_dict_for_guild" for class "RuleEngine"
  Attribute "get_raw_rules_config_dict_for_guild" is unknown
  Line 284  [ERROR] "rule_engine" is not a known attribute of "None"
  Line 284  [ERROR] "save_rules_config_for_guild_from_dict" is not a known attribute of "None"
  Line 284  [ERROR] Cannot access attribute "save_rules_config_for_guild_from_dict" for class "RuleEngine"
  Attribute "save_rules_config_for_guild_from_dict" is unknown
  Line 299  [ERROR] "get_raw_rules_config_dict_for_guild" is not a known attribute of "None"
  Line 299  [ERROR] "rule_engine" is not a known attribute of "None"
  Line 299  [ERROR] Cannot assign to attribute "get_raw_rules_config_dict_for_guild" for class "RuleEngine"
  Attribute "get_raw_rules_config_dict_for_guild" is unknown
  Line 300  [ERROR] "rule_engine" is not a known attribute of "None"
  Line 300  [ERROR] "save_rules_config_for_guild_from_dict" is not a known attribute of "None"
  Line 300  [ERROR] Cannot assign to attribute "save_rules_config_for_guild_from_dict" for class "RuleEngine"
  Attribute "save_rules_config_for_guild_from_dict" is unknown
  Line 312  [ERROR] "get_raw_rules_config_dict_for_guild" is not a known attribute of "None"
  Line 312  [ERROR] "rule_engine" is not a known attribute of "None"
  Line 312  [ERROR] Cannot assign to attribute "get_raw_rules_config_dict_for_guild" for class "RuleEngine"
  Attribute "get_raw_rules_config_dict_for_guild" is unknown

[/app/bot/game/rules/combat_rules.py] — 36 issue(s):
  Line 215  [ERROR] "Character" is not awaitable
  "Character" is incompatible with protocol "Awaitable[_T_co@Awaitable]"
    "__await__" is not present
  Line 215  [ERROR] "None" is not awaitable
  "None" is incompatible with protocol "Awaitable[_T_co@Awaitable]"
    "__await__" is not present
  Line 216  [ERROR] "None" is not awaitable
  "None" is incompatible with protocol "Awaitable[_T_co@Awaitable]"
    "__await__" is not present
  Line 219  [ERROR] "Character" is not awaitable
  "Character" is incompatible with protocol "Awaitable[_T_co@Awaitable]"
    "__await__" is not present
  Line 219  [ERROR] "None" is not awaitable
  "None" is incompatible with protocol "Awaitable[_T_co@Awaitable]"
    "__await__" is not present
  Line 220  [ERROR] "None" is not awaitable
  "None" is incompatible with protocol "Awaitable[_T_co@Awaitable]"
    "__await__" is not present
  Line 272  [ERROR] Cannot access attribute "add_log_entry" for class "GameLogManager"
  Attribute "add_log_entry" is unknown
  Line 312  [ERROR] "Character" is not awaitable
  "Character" is incompatible with protocol "Awaitable[_T_co@Awaitable]"
    "__await__" is not present
  Line 312  [ERROR] "None" is not awaitable
  "None" is incompatible with protocol "Awaitable[_T_co@Awaitable]"
    "__await__" is not present
  Line 320  [ERROR] "None" is not awaitable
  "None" is incompatible with protocol "Awaitable[_T_co@Awaitable]"
    "__await__" is not present
  Line 331  [ERROR] Cannot access attribute "add_log_entry" for class "GameLogManager"
  Attribute "add_log_entry" is unknown
  Line 342  [ERROR] "Character" is not awaitable
  "Character" is incompatible with protocol "Awaitable[_T_co@Awaitable]"
    "__await__" is not present
  Line 342  [ERROR] "None" is not awaitable
  "None" is incompatible with protocol "Awaitable[_T_co@Awaitable]"
    "__await__" is not present
  Line 343  [ERROR] "None" is not awaitable
  "None" is incompatible with protocol "Awaitable[_T_co@Awaitable]"
    "__await__" is not present
  Line 350  [ERROR] Cannot access attribute "add_log_entry" for class "GameLogManager"
  Attribute "add_log_entry" is unknown
  Line 394  [ERROR] Cannot access attribute "add_log_entry" for class "GameLogManager"
  Attribute "add_log_entry" is unknown
  Line 417  [ERROR] Cannot access attribute "add_log_entry" for class "GameLogManager"
  Attribute "add_log_entry" is unknown
  Line 436  [ERROR] Cannot access attribute "add_log_entry" for class "GameLogManager"
  Attribute "add_log_entry" is unknown
  Line 449  [ERROR] Cannot access attribute "add_log_entry" for class "GameLogManager"
  Attribute "add_log_entry" is unknown
  Line 457  [ERROR] Cannot access attribute "add_log_entry" for class "GameLogManager"
  Attribute "add_log_entry" is unknown
  Line 465  [ERROR] Cannot access attribute "add_log_entry" for class "GameLogManager"
  Attribute "add_log_entry" is unknown
  Line 473  [ERROR] Cannot access attribute "add_log_entry" for class "GameLogManager"
  Attribute "add_log_entry" is unknown
  Line 478  [ERROR] Operator "*" not supported for "None"
  Line 481  [ERROR] Cannot access attribute "apply_status" for class "StatusManager"
  Attribute "apply_status" is unknown
  Line 496  [ERROR] Cannot access attribute "add_log_entry" for class "GameLogManager"
  Attribute "add_log_entry" is unknown
  Line 502  [ERROR] Cannot access attribute "add_log_entry" for class "GameLogManager"
  Attribute "add_log_entry" is unknown
  Line 522  [ERROR] "Character" is not awaitable
  "Character" is incompatible with protocol "Awaitable[_T_co@Awaitable]"
    "__await__" is not present
  Line 522  [ERROR] "None" is not awaitable
  "None" is incompatible with protocol "Awaitable[_T_co@Awaitable]"
    "__await__" is not present
  Line 524  [ERROR] "None" is not awaitable
  "None" is incompatible with protocol "Awaitable[_T_co@Awaitable]"
    "__await__" is not present
  Line 539  [ERROR] Cannot access attribute "add_log_entry" for class "GameLogManager"
  Attribute "add_log_entry" is unknown
  Line 560  [ERROR] Cannot access attribute "add_log_entry" for class "GameLogManager"
  Attribute "add_log_entry" is unknown
  Line 579  [ERROR] "Character" is not awaitable
  "Character" is incompatible with protocol "Awaitable[_T_co@Awaitable]"
    "__await__" is not present
  Line 579  [ERROR] "None" is not awaitable
  "None" is incompatible with protocol "Awaitable[_T_co@Awaitable]"
    "__await__" is not present
  Line 581  [ERROR] "None" is not awaitable
  "None" is incompatible with protocol "Awaitable[_T_co@Awaitable]"
    "__await__" is not present
  Line 604  [ERROR] Cannot access attribute "add_log_entry" for class "GameLogManager"
  Attribute "add_log_entry" is unknown
  Line 622  [ERROR] Cannot access attribute "add_log_entry" for class "GameLogManager"
  Attribute "add_log_entry" is unknown

[/app/bot/game/world_processors/world_view_service.py] — 36 issue(s):
  Line 75   [ERROR] "Character" is not awaitable
  "Character" is incompatible with protocol "Awaitable[_T_co@Awaitable]"
    "__await__" is not present
  Line 75   [ERROR] "None" is not awaitable
  "None" is incompatible with protocol "Awaitable[_T_co@Awaitable]"
    "__await__" is not present
  Line 98   [ERROR] Parameter "default_lang" is already assigned
  Line 102  [ERROR] "Location" is not awaitable
  "Location" is incompatible with protocol "Awaitable[_T_co@Awaitable]"
    "__await__" is not present
  Line 102  [ERROR] "None" is not awaitable
  "None" is incompatible with protocol "Awaitable[_T_co@Awaitable]"
    "__await__" is not present
  Line 109  [ERROR] Cannot access attribute "model_dump" for class "Location"
  Attribute "model_dump" is unknown
  Line 123  [ERROR] "List[Character]" is not awaitable
  "List[Character]" is incompatible with protocol "Awaitable[_T_co@Awaitable]"
    "__await__" is not present
  Line 133  [ERROR] "List[NPC]" is not awaitable
  "List[NPC]" is incompatible with protocol "Awaitable[_T_co@Awaitable]"
    "__await__" is not present
  Line 143  [ERROR] No parameter named "owner_type"
  Line 150  [ERROR] Cannot access attribute "get_all_parties_for_guild" for class "PartyManager"
  Attribute "get_all_parties_for_guild" is unknown
  Line 158  [ERROR] Parameter "default_lang" is already assigned
  Line 159  [ERROR] Parameter "default_lang" is already assigned
  Line 164  [ERROR] Parameter "default_lang" is already assigned
  Line 166  [ERROR] Parameter "default_lang" is already assigned
  Line 168  [ERROR] Parameter "default_lang" is already assigned
  Line 186  [ERROR] Parameter "default_lang" is already assigned
  Line 199  [ERROR] Parameter "default_lang" is already assigned
  Line 202  [ERROR] "List[Relationship]" is not awaitable
  "List[Relationship]" is incompatible with protocol "Awaitable[_T_co@Awaitable]"
    "__await__" is not present
  Line 218  [ERROR] Parameter "default_lang" is already assigned
  Line 219  [ERROR] Cannot access attribute "get" for class "str"
  Attribute "get" is unknown
  Line 225  [ERROR] "List[Dict[str, Any]]" is not awaitable
  "List[Dict[str, Any]]" is incompatible with protocol "Awaitable[_T_co@Awaitable]"
    "__await__" is not present
  Line 237  [ERROR] Cannot access attribute "get_stage_title" for class "Quest"
  Attribute "get_stage_title" is unknown
  Line 238  [ERROR] Cannot access attribute "get_stage_description" for class "Quest"
  Attribute "get_stage_description" is unknown
  Line 259  [ERROR] Parameter "default_lang" is already assigned
  Line 261  [ERROR] "Location" is not awaitable
  "Location" is incompatible with protocol "Awaitable[_T_co@Awaitable]"
    "__await__" is not present
  Line 261  [ERROR] "None" is not awaitable
  "None" is incompatible with protocol "Awaitable[_T_co@Awaitable]"
    "__await__" is not present
  Line 266  [ERROR] Cannot access attribute "model_dump" for class "Location"
  Attribute "model_dump" is unknown
  Line 274  [ERROR] Parameter "default_lang" is already assigned
  Line 294  [ERROR] "Character" is not awaitable
  "Character" is incompatible with protocol "Awaitable[_T_co@Awaitable]"
    "__await__" is not present
  Line 294  [ERROR] "None" is not awaitable
  "None" is incompatible with protocol "Awaitable[_T_co@Awaitable]"
    "__await__" is not present
  Line 303  [ERROR] "Character" is not awaitable
  "Character" is incompatible with protocol "Awaitable[_T_co@Awaitable]"
    "__await__" is not present
  Line 303  [ERROR] "None" is not awaitable
  "None" is incompatible with protocol "Awaitable[_T_co@Awaitable]"
    "__await__" is not present
  Line 306  [ERROR] "None" is not awaitable
  "None" is incompatible with protocol "Awaitable[_T_co@Awaitable]"
    "__await__" is not present
  Line 309  [ERROR] Cannot access attribute "get_item_instance_by_id" for class "ItemManager"
  Attribute "get_item_instance_by_id" is unknown
  Line 333  [ERROR] Parameter "default_lang" is already assigned
  Line 371  [ERROR] Parameter "default_lang" is already assigned

[/app/bot/game/rules/resolvers/skill_check_resolver.py] — 35 issue(s):
  Line 38   [ERROR] "json" is not defined
  Line 39   [ERROR] "json" is not defined
  Line 40   [ERROR] "logger" is not defined
  Line 68   [ERROR] Expected 2 more positional arguments
  Line 104  [ERROR] "Character" is not awaitable
  "Character" is incompatible with protocol "Awaitable[_T_co@Awaitable]"
    "__await__" is not present
  Line 104  [ERROR] "None" is not awaitable
  "None" is incompatible with protocol "Awaitable[_T_co@Awaitable]"
    "__await__" is not present
  Line 118  [ERROR] "json" is not defined
  Line 119  [ERROR] "json" is not defined
  Line 145  [ERROR] "Character" is not awaitable
  "Character" is incompatible with protocol "Awaitable[_T_co@Awaitable]"
    "__await__" is not present
  Line 145  [ERROR] "None" is not awaitable
  "None" is incompatible with protocol "Awaitable[_T_co@Awaitable]"
    "__await__" is not present
  Line 151  [ERROR] "None" is not awaitable
  "None" is incompatible with protocol "Awaitable[_T_co@Awaitable]"
    "__await__" is not present
  Line 169  [ERROR] "json" is not defined
  Line 170  [ERROR] "json" is not defined
  Line 200  [ERROR] "Character" is not awaitable
  "Character" is incompatible with protocol "Awaitable[_T_co@Awaitable]"
    "__await__" is not present
  Line 200  [ERROR] "None" is not awaitable
  "None" is incompatible with protocol "Awaitable[_T_co@Awaitable]"
    "__await__" is not present
  Line 207  [ERROR] "json" is not defined
  Line 208  [ERROR] "json" is not defined
  Line 208  [ERROR] "logger" is not defined
  Line 247  [ERROR] "json" is not defined
  Line 248  [ERROR] "json" is not defined
  Line 275  [ERROR] "logger" is not defined
  Line 290  [ERROR] "Character" is not awaitable
  "Character" is incompatible with protocol "Awaitable[_T_co@Awaitable]"
    "__await__" is not present
  Line 290  [ERROR] "None" is not awaitable
  "None" is incompatible with protocol "Awaitable[_T_co@Awaitable]"
    "__await__" is not present
  Line 297  [ERROR] "json" is not defined
  Line 298  [ERROR] "json" is not defined
  Line 305  [ERROR] "json" is not defined
  Line 306  [ERROR] "json" is not defined
  Line 383  [ERROR] "Character" is not awaitable
  "Character" is incompatible with protocol "Awaitable[_T_co@Awaitable]"
    "__await__" is not present
  Line 383  [ERROR] "None" is not awaitable
  "None" is incompatible with protocol "Awaitable[_T_co@Awaitable]"
    "__await__" is not present
  Line 398  [ERROR] "json" is not defined
  Line 399  [ERROR] "json" is not defined
  Line 416  [ERROR] "Character" is not awaitable
  "Character" is incompatible with protocol "Awaitable[_T_co@Awaitable]"
    "__await__" is not present
  Line 416  [ERROR] "None" is not awaitable
  "None" is incompatible with protocol "Awaitable[_T_co@Awaitable]"
    "__await__" is not present
  Line 433  [ERROR] "json" is not defined
  Line 434  [ERROR] "json" is not defined

[/app/bot/game/rules/rule_engine.py] — 33 issue(s):
  Line 107  [ERROR] Type "Dict[str, Any] | LocationManager | None" is not assignable to declared type "LocationManager | None"
  Type "Dict[str, Any] | LocationManager | None" is not assignable to type "LocationManager | None"
    Type "Dict[str, Any]" is not assignable to type "LocationManager | None"
      "Dict[str, Any]" is not assignable to "LocationManager"
      "Dict[str, Any]" is not assignable to "None"
  Line 166  [ERROR] Type "List[Item] | list[Dict[str, Any]]" is not assignable to declared type "List[Dict[str, Any]]"
  Type "List[Item] | list[Dict[str, Any]]" is not assignable to type "List[Dict[str, Any]]"
    "List[Item]" is not assignable to "List[Dict[str, Any]]"
      Type parameter "_T@list" is invariant, but "Item" is not the same as "Dict[str, Any]"
      Consider switching from "list" to "Sequence" which is covariant
  Line 211  [ERROR] Argument missing for parameter "entity_id"
  Line 211  [ERROR] Parameter "guild_id" is already assigned
  Line 215  [ERROR] Cannot access attribute "get_party_by_member_id" for class "PartyManager"
  Attribute "get_party_by_member_id" is unknown
  Line 367  [ERROR] Argument of type "CharacterManager | None" cannot be assigned to parameter "character_manager" of type "CharacterManager" in function "process_dialogue_action"
  Type "CharacterManager | None" is not assignable to type "CharacterManager"
    "None" is not assignable to "CharacterManager"
  Line 367  [ERROR] Argument of type "NpcManager | None" cannot be assigned to parameter "npc_manager" of type "NpcManager" in function "process_dialogue_action"
  Type "NpcManager | None" is not assignable to type "NpcManager"
    "None" is not assignable to "NpcManager"
  Line 368  [ERROR] Argument of type "RelationshipManager | None" cannot be assigned to parameter "relationship_manager" of type "RelationshipManager" in function "process_dialogue_action"
  Type "RelationshipManager | None" is not assignable to type "RelationshipManager"
    "None" is not assignable to "RelationshipManager"
  Line 375  [ERROR] Argument of type "CharacterManager | None" cannot be assigned to parameter "character_manager" of type "CharacterManager" in function "get_filtered_dialogue_options"
  Type "CharacterManager | None" is not assignable to type "CharacterManager"
    "None" is not assignable to "CharacterManager"
  Line 376  [ERROR] Argument of type "NpcManager | None" cannot be assigned to parameter "npc_manager" of type "NpcManager" in function "get_filtered_dialogue_options"
  Type "NpcManager | None" is not assignable to type "NpcManager"
    "None" is not assignable to "NpcManager"
  Line 376  [ERROR] Argument of type "RelationshipManager | None" cannot be assigned to parameter "relationship_manager" of type "RelationshipManager" in function "get_filtered_dialogue_options"
  Type "RelationshipManager | None" is not assignable to type "RelationshipManager"
    "None" is not assignable to "RelationshipManager"
  Line 391  [ERROR] Argument of type "CharacterManager | None" cannot be assigned to parameter "character_manager" of type "CharacterManager" in function "choose_peaceful_action_for_npc"
  Type "CharacterManager | None" is not assignable to type "CharacterManager"
    "None" is not assignable to "CharacterManager"
  Line 391  [ERROR] Argument of type "LocationManager | None" cannot be assigned to parameter "location_manager" of type "LocationManager" in function "choose_peaceful_action_for_npc"
  Type "LocationManager | None" is not assignable to type "LocationManager"
    "None" is not assignable to "LocationManager"
  Line 392  [ERROR] Argument of type "RelationshipManager | None" cannot be assigned to parameter "relationship_manager" of type "RelationshipManager" in function "choose_peaceful_action_for_npc"
  Type "RelationshipManager | None" is not assignable to type "RelationshipManager"
    "None" is not assignable to "RelationshipManager"
  Line 401  [ERROR] Type "Dict[str, Any] | None" is not assignable to declared type "EventStageProcessor | None"
  Type "Dict[str, Any] | None" is not assignable to type "EventStageProcessor | None"
    Type "Dict[str, Any]" is not assignable to type "EventStageProcessor | None"
      "Dict[str, Any]" is not assignable to "EventStageProcessor"
      "Dict[str, Any]" is not assignable to "None"
  Line 403  [ERROR] Type "Dict[str, Any] | None" is not assignable to declared type "((str, Dict[str, Any] | None) -> Awaitable[Any]) | None"
  Type "Dict[str, Any] | None" is not assignable to type "((str, Dict[str, Any] | None) -> Awaitable[Any]) | None"
    Type "Dict[str, Any]" is not assignable to type "((str, Dict[str, Any] | None) -> Awaitable[Any]) | None"
      Type "Dict[str, Any]" is not assignable to type "(str, Dict[str, Any] | None) -> Awaitable[Any]"
      "Dict[str, Any]" is not assignable to "None"
  Line 409  [ERROR] Argument of type "(str, Dict[str, Any] | None) -> Awaitable[Any]" cannot be assigned to parameter "send_message_callback" of type "SendToChannelCallback" in function "advance_stage"
  Type "(str, Dict[str, Any] | None) -> Awaitable[Any]" is not assignable to type "SendToChannelCallback"
    Position-only parameter mismatch; expected 2 but received 1
    Function accepts too few positional parameters; expected 2 but received 1
  Line 409  [ERROR] Argument of type "Dict[str, Any]" cannot be assigned to parameter "character_manager" of type "CharacterManager | None" in function "advance_stage"
  Type "Dict[str, Any]" is not assignable to type "CharacterManager | None"
    "Dict[str, Any]" is not assignable to "CharacterManager"
    "Dict[str, Any]" is not assignable to "None"
  Line 409  [ERROR] Argument of type "Dict[str, Any]" cannot be assigned to parameter "combat_manager" of type "CombatManager | None" in function "advance_stage"
  Type "Dict[str, Any]" is not assignable to type "CombatManager | None"
    "Dict[str, Any]" is not assignable to "CombatManager"
    "Dict[str, Any]" is not assignable to "None"
  Line 409  [ERROR] Argument of type "Dict[str, Any]" cannot be assigned to parameter "crafting_manager" of type "CraftingManager | None" in function "advance_stage"
  Type "Dict[str, Any]" is not assignable to type "CraftingManager | None"
    "Dict[str, Any]" is not assignable to "CraftingManager"
    "Dict[str, Any]" is not assignable to "None"
  Line 409  [ERROR] Argument of type "Dict[str, Any]" cannot be assigned to parameter "dialogue_manager" of type "DialogueManager | None" in function "advance_stage"
  Type "Dict[str, Any]" is not assignable to type "DialogueManager | None"
    "Dict[str, Any]" is not assignable to "DialogueManager"
    "Dict[str, Any]" is not assignable to "None"
  Line 409  [ERROR] Argument of type "Dict[str, Any]" cannot be assigned to parameter "economy_manager" of type "EconomyManager | None" in function "advance_stage"
  Type "Dict[str, Any]" is not assignable to type "EconomyManager | None"
    "Dict[str, Any]" is not assignable to "EconomyManager"
    "Dict[str, Any]" is not assignable to "None"
  Line 409  [ERROR] Argument of type "Dict[str, Any]" cannot be assigned to parameter "event_action_processor" of type "EventActionProcessor | None" in function "advance_stage"
  Type "Dict[str, Any]" is not assignable to type "EventActionProcessor | None"
    "Dict[str, Any]" is not assignable to "EventActionProcessor"
    "Dict[str, Any]" is not assignable to "None"
  Line 409  [ERROR] Argument of type "Dict[str, Any]" cannot be assigned to parameter "event_manager" of type "EventManager | None" in function "advance_stage"
  Type "Dict[str, Any]" is not assignable to type "EventManager | None"
    "Dict[str, Any]" is not assignable to "EventManager"
    "Dict[str, Any]" is not assignable to "None"
  Line 409  [ERROR] Argument of type "Dict[str, Any]" cannot be assigned to parameter "item_manager" of type "ItemManager | None" in function "advance_stage"
  Type "Dict[str, Any]" is not assignable to type "ItemManager | None"
    "Dict[str, Any]" is not assignable to "ItemManager"
    "Dict[str, Any]" is not assignable to "None"
  Line 409  [ERROR] Argument of type "Dict[str, Any]" cannot be assigned to parameter "loc_manager" of type "LocationManager | None" in function "advance_stage"
  Type "Dict[str, Any]" is not assignable to type "LocationManager | None"
    "Dict[str, Any]" is not assignable to "LocationManager"
    "Dict[str, Any]" is not assignable to "None"
  Line 409  [ERROR] Argument of type "Dict[str, Any]" cannot be assigned to parameter "npc_manager" of type "NpcManager | None" in function "advance_stage"
  Type "Dict[str, Any]" is not assignable to type "NpcManager | None"
    "Dict[str, Any]" is not assignable to "NpcManager"
    "Dict[str, Any]" is not assignable to "None"
  Line 409  [ERROR] Argument of type "Dict[str, Any]" cannot be assigned to parameter "on_enter_action_executor" of type "OnEnterActionExecutor | None" in function "advance_stage"
  Type "Dict[str, Any]" is not assignable to type "OnEnterActionExecutor | None"
    "Dict[str, Any]" is not assignable to "OnEnterActionExecutor"
    "Dict[str, Any]" is not assignable to "None"
  Line 409  [ERROR] Argument of type "Dict[str, Any]" cannot be assigned to parameter "party_manager" of type "PartyManager | None" in function "advance_stage"
  Type "Dict[str, Any]" is not assignable to type "PartyManager | None"
    "Dict[str, Any]" is not assignable to "PartyManager"
    "Dict[str, Any]" is not assignable to "None"
  Line 409  [ERROR] Argument of type "Dict[str, Any]" cannot be assigned to parameter "rule_engine" of type "RuleEngine | None" in function "advance_stage"
  Type "Dict[str, Any]" is not assignable to type "RuleEngine | None"
    "Dict[str, Any]" is not assignable to "RuleEngine"
    "Dict[str, Any]" is not assignable to "None"
  Line 409  [ERROR] Argument of type "Dict[str, Any]" cannot be assigned to parameter "stage_description_generator" of type "StageDescriptionGenerator | None" in function "advance_stage"
  Type "Dict[str, Any]" is not assignable to type "StageDescriptionGenerator | None"
    "Dict[str, Any]" is not assignable to "StageDescriptionGenerator"
    "Dict[str, Any]" is not assignable to "None"
  Line 409  [ERROR] Argument of type "Dict[str, Any]" cannot be assigned to parameter "status_manager" of type "StatusManager | None" in function "advance_stage"
  Type "Dict[str, Any]" is not assignable to type "StatusManager | None"
    "Dict[str, Any]" is not assignable to "StatusManager"
    "Dict[str, Any]" is not assignable to "None"
  Line 409  [ERROR] Argument of type "Dict[str, Any]" cannot be assigned to parameter "time_manager" of type "TimeManager | None" in function "advance_stage"
  Type "Dict[str, Any]" is not assignable to type "TimeManager | None"
    "Dict[str, Any]" is not assignable to "TimeManager"
    "Dict[str, Any]" is not assignable to "None"

[/app/bot/game/managers/quest_manager.py] — 31 issue(s):
  Line 8    [ERROR] Import "sqlalchemy" could not be resolved
  Line 15   [ERROR] Import "sqlalchemy.ext.asyncio" could not be resolved
  Line 204  [ERROR] Cannot access attribute "add" for class "object"
  Attribute "add" is unknown
  Line 205  [ERROR] Cannot access attribute "commit" for class "object"
  Attribute "commit" is unknown
  Line 226  [ERROR] Cannot access attribute "is_active" for class "object"
  Attribute "is_active" is unknown
  Line 227  [ERROR] Cannot access attribute "rollback" for class "object"
  Attribute "rollback" is unknown
  Line 466  [ERROR] "Character" is not awaitable
  "Character" is incompatible with protocol "Awaitable[_T_co@Awaitable]"
    "__await__" is not present
  Line 466  [ERROR] "None" is not awaitable
  "None" is incompatible with protocol "Awaitable[_T_co@Awaitable]"
    "__await__" is not present
  Line 663  [ERROR] "Character" is not awaitable
  "Character" is incompatible with protocol "Awaitable[_T_co@Awaitable]"
    "__await__" is not present
  Line 663  [ERROR] "None" is not awaitable
  "None" is incompatible with protocol "Awaitable[_T_co@Awaitable]"
    "__await__" is not present
  Line 708  [ERROR] No parameter named "actor_id"
  Line 826  [ERROR] No parameter named "actor_id"
  Line 869  [ERROR] Cannot access attribute "evaluate_conditions" for class "RuleEngine"
  Attribute "evaluate_conditions" is unknown
  Line 883  [ERROR] Method declaration "handle_player_event_for_quest" is obscured by a declaration of the same name
  Line 998  [ERROR] Cannot access attribute "validate_ai_response" for class "AIResponseValidator"
  Attribute "validate_ai_response" is unknown
  Line 1132 [ERROR] Method declaration "complete_quest" is obscured by a declaration of the same name
  Line 1202 [ERROR] No parameter named "actor_id"
  Line 1256 [ERROR] "adapter" is not a known attribute of "None"
  Line 1336 [ERROR] "get_session" is not a known attribute of "None"
  Line 1340 [ERROR] "prepare_quest_generation_prompt" is not a known attribute of "None"
  Line 1340 [ERROR] Cannot access attribute "prepare_quest_generation_prompt" for class "MultilingualPromptGenerator"
  Attribute "prepare_quest_generation_prompt" is unknown
  Line 1350 [ERROR] "get_completion" is not a known attribute of "None"
  Line 1350 [ERROR] Cannot access attribute "get_completion" for class "OpenAIService"
  Attribute "get_completion" is unknown
  Line 1359 [ERROR] "parse_and_validate_quest_generation_response" is not a known attribute of "None"
  Line 1359 [ERROR] Cannot access attribute "parse_and_validate_quest_generation_response" for class "AIResponseValidator"
  Attribute "parse_and_validate_quest_generation_response" is unknown
  Line 1388 [ERROR] Cannot access attribute "add" for class "object"
  Attribute "add" is unknown
  Line 1409 [ERROR] Cannot access attribute "add" for class "object"
  Attribute "add" is unknown
  Line 1414 [ERROR] Cannot access attribute "commit" for class "object"
  Attribute "commit" is unknown
  Line 1418 [ERROR] Cannot access attribute "refresh" for class "object"
  Attribute "refresh" is unknown
  Line 1427 [ERROR] Cannot access attribute "is_active" for class "object"
  Attribute "is_active" is unknown
  Line 1428 [ERROR] Cannot access attribute "rollback" for class "object"
  Attribute "rollback" is unknown

[/app/bot/services/ai_generation_service.py] — 29 issue(s):
  Line 15   [ERROR] Import "sqlalchemy.ext.asyncio" could not be resolved
  Line 56   [ERROR] Cannot access attribute "LOCATION_CONTENT_GENERATION" for class "type[GenerationType]"
  Attribute "LOCATION_CONTENT_GENERATION" is unknown
  Line 58   [ERROR] Cannot access attribute "NPC_PROFILE_GENERATION" for class "type[GenerationType]"
  Attribute "NPC_PROFILE_GENERATION" is unknown
  Line 60   [ERROR] Cannot access attribute "QUEST_GENERATION" for class "type[GenerationType]"
  Attribute "QUEST_GENERATION" is unknown
  Line 71   [ERROR] "object" is not awaitable
  "object" is incompatible with protocol "Awaitable[_T_co@Awaitable]"
    "__await__" is not present
  Line 84   [ERROR] "object" is not awaitable
  "object" is incompatible with protocol "Awaitable[_T_co@Awaitable]"
    "__await__" is not present
  Line 111  [ERROR] "object" is not awaitable
  "object" is incompatible with protocol "Awaitable[_T_co@Awaitable]"
    "__await__" is not present
  Line 136  [ERROR] "object" is not awaitable
  "object" is incompatible with protocol "Awaitable[_T_co@Awaitable]"
    "__await__" is not present
  Line 153  [ERROR] "object" is not awaitable
  "object" is incompatible with protocol "Awaitable[_T_co@Awaitable]"
    "__await__" is not present
  Line 162  [ERROR] "object" is not awaitable
  "object" is incompatible with protocol "Awaitable[_T_co@Awaitable]"
    "__await__" is not present
  Line 169  [ERROR] Cannot access attribute "LOCATION_CONTENT_GENERATION" for class "type[GenerationType]"
  Attribute "LOCATION_CONTENT_GENERATION" is unknown
  Line 169  [ERROR] Cannot access attribute "NPC_PROFILE_GENERATION" for class "type[GenerationType]"
  Attribute "NPC_PROFILE_GENERATION" is unknown
  Line 176  [ERROR] "object" is not awaitable
  "object" is incompatible with protocol "Awaitable[_T_co@Awaitable]"
    "__await__" is not present
  Line 217  [ERROR] Object of type "object" cannot be used with "async with" because it does not correctly implement __aenter__
  Attribute "__aenter__" is unknown
  Line 217  [ERROR] Object of type "object" cannot be used with "with" because it does not correctly implement __aexit__
  Attribute "__aexit__" is unknown
  Line 237  [ERROR] "object" is not awaitable
  "object" is incompatible with protocol "Awaitable[_T_co@Awaitable]"
    "__await__" is not present
  Line 252  [ERROR] Cannot access attribute "NPC_PROFILE_GENERATION" for class "type[GenerationType]"
  Attribute "NPC_PROFILE_GENERATION" is unknown
  Line 273  [ERROR] "object" is not awaitable
  "object" is incompatible with protocol "Awaitable[_T_co@Awaitable]"
    "__await__" is not present
  Line 277  [ERROR] Cannot access attribute "LOCATION_CONTENT_GENERATION" for class "type[GenerationType]"
  Attribute "LOCATION_CONTENT_GENERATION" is unknown
  Line 293  [ERROR] "object" is not awaitable
  "object" is incompatible with protocol "Awaitable[_T_co@Awaitable]"
    "__await__" is not present
  Line 297  [ERROR] Cannot access attribute "QUEST_GENERATION" for class "type[GenerationType]"
  Attribute "QUEST_GENERATION" is unknown
  Line 305  [ERROR] "object" is not awaitable
  "object" is incompatible with protocol "Awaitable[_T_co@Awaitable]"
    "__await__" is not present
  Line 312  [ERROR] "object" is not awaitable
  "object" is incompatible with protocol "Awaitable[_T_co@Awaitable]"
    "__await__" is not present
  Line 334  [ERROR] Object of type "object" cannot be used with "async with" because it does not correctly implement __aenter__
  Attribute "__aenter__" is unknown
  Line 334  [ERROR] Object of type "object" cannot be used with "with" because it does not correctly implement __aexit__
  Attribute "__aexit__" is unknown
  Line 340  [ERROR] Object of type "object" cannot be used with "async with" because it does not correctly implement __aenter__
  Attribute "__aenter__" is unknown
  Line 340  [ERROR] Object of type "object" cannot be used with "with" because it does not correctly implement __aexit__
  Attribute "__aexit__" is unknown
  Line 341  [ERROR] "object" is not awaitable
  "object" is incompatible with protocol "Awaitable[_T_co@Awaitable]"
    "__await__" is not present
  Line 343  [ERROR] "object" is not awaitable
  "object" is incompatible with protocol "Awaitable[_T_co@Awaitable]"
    "__await__" is not present

[/app/tests/core/test_bot_events_and_basic_commands.py] — 28 issue(s):
  Line 1    [ERROR] Import "pytest" could not be resolved
  Line 4    [ERROR] Import "sqlalchemy.ext.asyncio" could not be resolved
  Line 5    [ERROR] Import "sqlalchemy" could not be resolved
  Line 7    [ERROR] Import "discord" could not be resolved
  Line 8    [ERROR] Import "discord" could not be resolved
  Line 9    [ERROR] Import "discord.ext" could not be resolved
  Line 141  [ERROR] "ANY" is not defined
  Line 149  [ERROR] "db_service" is not a known attribute of "None"
  Line 149  [ERROR] "get_session" is not a known attribute of "None"
  Line 149  [ERROR] Cannot access attribute "return_value" for class "MethodType"
  Attribute "return_value" is unknown
  Line 150  [ERROR] "db_service" is not a known attribute of "None"
  Line 150  [ERROR] "get_session" is not a known attribute of "None"
  Line 150  [ERROR] Cannot access attribute "return_value" for class "MethodType"
  Attribute "return_value" is unknown
  Line 171  [ERROR] "ANY" is not defined
  Line 173  [ERROR] "db_service" is not a known attribute of "None"
  Line 173  [ERROR] "get_session" is not a known attribute of "None"
  Line 173  [ERROR] Cannot access attribute "return_value" for class "MethodType"
  Attribute "return_value" is unknown
  Line 174  [ERROR] "db_service" is not a known attribute of "None"
  Line 174  [ERROR] "get_session" is not a known attribute of "None"
  Line 174  [ERROR] Cannot access attribute "return_value" for class "MethodType"
  Attribute "return_value" is unknown
  Line 191  [ERROR] "cast" is not defined
  Line 197  [ERROR] Cannot access attribute "callback" for class "MethodType"
  Attribute "callback" is unknown
  Line 226  [ERROR] "cast" is not defined
  Line 238  [ERROR] Cannot access attribute "callback" for class "MethodType"
  Attribute "callback" is unknown
  Line 260  [ERROR] "cast" is not defined
  Line 266  [ERROR] Cannot access attribute "callback" for class "MethodType"
  Attribute "callback" is unknown
  Line 296  [ERROR] "cast" is not defined
  Line 314  [ERROR] Cannot access attribute "callback" for class "MethodType"
  Attribute "callback" is unknown

[/app/bot/command_modules/inventory_cmds.py] — 27 issue(s):
  Line 1    [ERROR] Import "discord" could not be resolved
  Line 2    [ERROR] Import "discord" could not be resolved
  Line 3    [ERROR] Import "discord.ext" could not be resolved
  Line 17   [ERROR] "ItemInstance" is unknown import symbol
  Line 23   [ERROR] Incorrect keyword arguments for __init_subclass__ method
  Line 23   [ERROR] No parameter named "name"
  Line 150  [ERROR] Argument missing for parameter "text"
  Line 151  [ERROR] No parameter named "text_input"
  Line 162  [ERROR] Could not access item in TypedDict
  "id" is not a required key in "PlayerActionEntity", so access may result in runtime exception
  Line 215  [ERROR] Cannot access attribute "get_core_rules_config_for_guild" for class "RuleEngine"
  Attribute "get_core_rules_config_for_guild" is unknown
  Line 229  [ERROR] Argument missing for parameter "text"
  Line 230  [ERROR] No parameter named "text_input"
  Line 235  [ERROR] Could not access item in TypedDict
  "id" is not a required key in "PlayerActionEntity", so access may result in runtime exception
  Line 271  [ERROR] Cannot access attribute "get_core_rules_config_for_guild" for class "RuleEngine"
  Attribute "get_core_rules_config_for_guild" is unknown
  Line 296  [ERROR] Argument missing for parameter "text"
  Line 297  [ERROR] No parameter named "text_input"
  Line 301  [ERROR] Could not access item in TypedDict
  "id" is not a required key in "PlayerActionEntity", so access may result in runtime exception
  Line 345  [ERROR] Argument missing for parameter "text"
  Line 346  [ERROR] No parameter named "text_input"
  Line 352  [ERROR] Could not access item in TypedDict
  "id" is not a required key in "PlayerActionEntity", so access may result in runtime exception
  Line 362  [ERROR] Cannot access attribute "transfer_item_character_to_world" for class "ItemManager"
  Attribute "transfer_item_character_to_world" is unknown
  Line 400  [ERROR] Cannot access attribute "get_core_rules_config_for_guild" for class "RuleEngine"
  Attribute "get_core_rules_config_for_guild" is unknown
  Line 423  [ERROR] Argument missing for parameter "text"
  Line 424  [ERROR] No parameter named "text_input"
  Line 452  [ERROR] No parameter named "character_id"
  Line 456  [ERROR] No parameter named "target_entity_id"
  Line 457  [ERROR] No parameter named "target_entity_type"

[/app/bot/services/db_service.py] — 27 issue(s):
  Line 60   [ERROR] "sqlite_path" is possibly unbound
  Line 80   [ERROR] Cannot access attribute "get_session_factory" for class "BaseDbAdapter"
  Attribute "get_session_factory" is unknown
  Line 81   [ERROR] Cannot access attribute "get_session_factory" for class "BaseDbAdapter"
  Attribute "get_session_factory" is unknown
  Line 85   [ERROR] Cannot access attribute "_SessionLocal" for class "BaseDbAdapter"
  Attribute "_SessionLocal" is unknown
  Line 86   [ERROR] Cannot access attribute "_SessionLocal" for class "BaseDbAdapter"
  Attribute "_SessionLocal" is unknown
  Line 131  [ERROR] Cannot access attribute "get_session_factory" for class "BaseDbAdapter"
  Attribute "get_session_factory" is unknown
  Line 132  [ERROR] Cannot access attribute "get_session_factory" for class "BaseDbAdapter"
  Attribute "get_session_factory" is unknown
  Line 139  [ERROR] Cannot access attribute "_SessionLocal" for class "BaseDbAdapter"
  Attribute "_SessionLocal" is unknown
  Line 140  [ERROR] Cannot access attribute "_SessionLocal" for class "BaseDbAdapter"
  Attribute "_SessionLocal" is unknown
  Line 143  [ERROR] Cannot access attribute "_get_connection" for class "BaseDbAdapter"
  Attribute "_get_connection" is unknown
  Line 157  [ERROR] Cannot access attribute "close" for class "object"
  Attribute "close" is unknown
  Line 158  [ERROR] "object" is not awaitable
  "object" is incompatible with protocol "Awaitable[_T_co@Awaitable]"
    "__await__" is not present
  Line 158  [ERROR] Cannot access attribute "close" for class "object"
  Attribute "close" is unknown
  Line 161  [ERROR] Cannot access attribute "_conn_pool" for class "BaseDbAdapter"
  Attribute "_conn_pool" is unknown
  Line 162  [ERROR] Cannot access attribute "_conn_pool" for class "BaseDbAdapter"
  Attribute "_conn_pool" is unknown
  Line 162  [ERROR] Cannot access attribute "_conn_pool" for class "BaseDbAdapter"
  Attribute "_conn_pool" is unknown
  Line 164  [ERROR] "object" is not awaitable
  "object" is incompatible with protocol "Awaitable[_T_co@Awaitable]"
    "__await__" is not present
  Line 164  [ERROR] Cannot access attribute "_conn_pool" for class "BaseDbAdapter"
  Attribute "_conn_pool" is unknown
  Line 957  [ERROR] Argument missing for parameter "db_session"
  Line 958  [ERROR] No parameter named "session"
  Line 980  [ERROR] Argument missing for parameter "db_session"
  Line 981  [ERROR] No parameter named "session"
  Line 1137 [ERROR] Arguments missing for parameters "db_session", "entity_instance", "guild_id"
  Line 1138 [ERROR] No parameter named "session"
  Line 1139 [ERROR] No parameter named "model_class"
  Line 1140 [ERROR] No parameter named "entity_id"
  Line 1142 [ERROR] No parameter named "guild_id_for_verification"

[/app/bot/game/models/character.py] — 26 issue(s):
  Line 170  [ERROR] Argument of type "Any | None" cannot be assigned to parameter "abilities_data" of type "List[Dict[str, Any]]" in function "__init__"
  Type "Any | None" is not assignable to type "List[Dict[str, Any]]"
    "None" is not assignable to "List[Dict[str, Any]]"
  Line 170  [ERROR] Argument of type "Any | None" cannot be assigned to parameter "action_queue" of type "List[Dict[str, Any]]" in function "__init__"
  Type "Any | None" is not assignable to type "List[Dict[str, Any]]"
    "None" is not assignable to "List[Dict[str, Any]]"
  Line 170  [ERROR] Argument of type "Any | None" cannot be assigned to parameter "active_quests" of type "List[str]" in function "__init__"
  Type "Any | None" is not assignable to type "List[str]"
    "None" is not assignable to "List[str]"
  Line 170  [ERROR] Argument of type "Any | None" cannot be assigned to parameter "discord_user_id" of type "int" in function "__init__"
  Type "Any | None" is not assignable to type "int"
    "None" is not assignable to "int"
  Line 170  [ERROR] Argument of type "Any | None" cannot be assigned to parameter "experience" of type "int" in function "__init__"
  Type "Any | None" is not assignable to type "int"
    "None" is not assignable to "int"
  Line 170  [ERROR] Argument of type "Any | None" cannot be assigned to parameter "flags" of type "Dict[str, bool]" in function "__init__"
  Type "Any | None" is not assignable to type "Dict[str, bool]"
    "None" is not assignable to "Dict[str, bool]"
  Line 170  [ERROR] Argument of type "Any | None" cannot be assigned to parameter "gold" of type "int" in function "__init__"
  Type "Any | None" is not assignable to type "int"
    "None" is not assignable to "int"
  Line 170  [ERROR] Argument of type "Any | None" cannot be assigned to parameter "guild_id" of type "str" in function "__init__"
  Type "Any | None" is not assignable to type "str"
    "None" is not assignable to "str"
  Line 170  [ERROR] Argument of type "Any | None" cannot be assigned to parameter "hp" of type "float" in function "__init__"
  Type "Any | None" is not assignable to type "float"
    "None" is not assignable to "float"
  Line 170  [ERROR] Argument of type "Any | None" cannot be assigned to parameter "id" of type "str" in function "__init__"
  Type "Any | None" is not assignable to type "str"
    "None" is not assignable to "str"
  Line 170  [ERROR] Argument of type "Any | None" cannot be assigned to parameter "inventory" of type "List[Dict[str, Any]]" in function "__init__"
  Type "Any | None" is not assignable to type "List[Dict[str, Any]]"
    "None" is not assignable to "List[Dict[str, Any]]"
  Line 170  [ERROR] Argument of type "Any | None" cannot be assigned to parameter "is_alive" of type "bool" in function "__init__"
  Type "Any | None" is not assignable to type "bool"
    "None" is not assignable to "bool"
  Line 170  [ERROR] Argument of type "Any | None" cannot be assigned to parameter "known_abilities" of type "List[str]" in function "__init__"
  Type "Any | None" is not assignable to type "List[str]"
    "None" is not assignable to "List[str]"
  Line 170  [ERROR] Argument of type "Any | None" cannot be assigned to parameter "known_spells" of type "List[str]" in function "__init__"
  Type "Any | None" is not assignable to type "List[str]"
    "None" is not assignable to "List[str]"
  Line 170  [ERROR] Argument of type "Any | None" cannot be assigned to parameter "level" of type "int" in function "__init__"
  Type "Any | None" is not assignable to type "int"
    "None" is not assignable to "int"
  Line 170  [ERROR] Argument of type "Any | None" cannot be assigned to parameter "max_health" of type "float" in function "__init__"
  Type "Any | None" is not assignable to type "float"
    "None" is not assignable to "float"
  Line 170  [ERROR] Argument of type "Any | None" cannot be assigned to parameter "name_i18n" of type "Dict[str, str]" in function "__init__"
  Type "Any | None" is not assignable to type "Dict[str, str]"
    "None" is not assignable to "Dict[str, str]"
  Line 170  [ERROR] Argument of type "Any | None" cannot be assigned to parameter "skills" of type "Dict[str, int]" in function "__init__"
  Type "Any | None" is not assignable to type "Dict[str, int]"
    "None" is not assignable to "Dict[str, int]"
  Line 170  [ERROR] Argument of type "Any | None" cannot be assigned to parameter "skills_data" of type "List[Dict[str, Any]]" in function "__init__"
  Type "Any | None" is not assignable to type "List[Dict[str, Any]]"
    "None" is not assignable to "List[Dict[str, Any]]"
  Line 170  [ERROR] Argument of type "Any | None" cannot be assigned to parameter "spell_cooldowns" of type "Dict[str, float]" in function "__init__"
  Type "Any | None" is not assignable to type "Dict[str, float]"
    "None" is not assignable to "Dict[str, float]"
  Line 170  [ERROR] Argument of type "Any | None" cannot be assigned to parameter "spells_data" of type "List[Dict[str, Any]]" in function "__init__"
  Type "Any | None" is not assignable to type "List[Dict[str, Any]]"
    "None" is not assignable to "List[Dict[str, Any]]"
  Line 170  [ERROR] Argument of type "Any | None" cannot be assigned to parameter "state_variables" of type "Dict[str, Any]" in function "__init__"
  Type "Any | None" is not assignable to type "Dict[str, Any]"
    "None" is not assignable to "Dict[str, Any]"
  Line 170  [ERROR] Argument of type "Any | None" cannot be assigned to parameter "stats" of type "Dict[str, Any]" in function "__init__"
  Type "Any | None" is not assignable to type "Dict[str, Any]"
    "None" is not assignable to "Dict[str, Any]"
  Line 170  [ERROR] Argument of type "Any | None" cannot be assigned to parameter "status_effects" of type "List[Dict[str, Any]]" in function "__init__"
  Type "Any | None" is not assignable to type "List[Dict[str, Any]]"
    "None" is not assignable to "List[Dict[str, Any]]"
  Line 170  [ERROR] Argument of type "Any | None" cannot be assigned to parameter "unspent_xp" of type "int" in function "__init__"
  Type "Any | None" is not assignable to type "int"
    "None" is not assignable to "int"
  Line 227  [ERROR] "uuid" is not defined

[/app/tests/test_conflict_resolver.py] — 26 issue(s):
  Line 161  [ERROR] Expression of type "None" cannot be assigned to parameter of type "Dict[str, Any]"
  "None" is not assignable to "Dict[str, Any]"
  Line 254  [ERROR] Argument of type "MockNotificationService" cannot be assigned to parameter "db_service" of type "DBService" in function "__init__"
  "MockNotificationService" is not assignable to "DBService"
  Line 254  [ERROR] Argument of type "MockRuleEngine" cannot be assigned to parameter "rule_engine" of type "RuleEngine | None" in function "__init__"
  Type "MockRuleEngine" is not assignable to type "RuleEngine | None"
    "MockRuleEngine" is not assignable to "RuleEngine"
    "MockRuleEngine" is not assignable to "None"
  Line 254  [ERROR] Argument of type "MockSqliteAdapter" cannot be assigned to parameter "game_log_manager" of type "GameLogManager | None" in function "__init__"
  Type "MockSqliteAdapter" is not assignable to type "GameLogManager | None"
    "MockSqliteAdapter" is not assignable to "GameLogManager"
    "MockSqliteAdapter" is not assignable to "None"
  Line 254  [ERROR] Argument of type "dict[str, dict[str, Unknown]]" cannot be assigned to parameter "notification_service" of type "NotificationService | None" in function "__init__"
  Type "dict[str, dict[str, Unknown]]" is not assignable to type "NotificationService | None"
    "dict[str, dict[str, Unknown]]" is not assignable to "NotificationService"
    "dict[str, dict[str, Unknown]]" is not assignable to "None"
  Line 263  [ERROR] Cannot access attribute "analyze_actions_for_conflicts" for class "ConflictResolver"
  Attribute "analyze_actions_for_conflicts" is unknown
  Line 285  [ERROR] Cannot access attribute "prepare_for_manual_resolution" for class "ConflictResolver"
  Attribute "prepare_for_manual_resolution" is unknown
  Line 302  [ERROR] No parameter named "params"
  Line 328  [ERROR] Import "pytest" could not be resolved
  Line 444  [ERROR] Cannot access attribute "analyze_actions_for_conflicts" for class "ConflictResolver"
  Attribute "analyze_actions_for_conflicts" is unknown
  Line 447  [ERROR] "rules_config_data" is not a known attribute of "None"
  Line 447  [ERROR] Cannot access attribute "rules_config_data" for class "RuleEngine"
  Attribute "rules_config_data" is unknown
  Line 478  [ERROR] Cannot access attribute "analyze_actions_for_conflicts" for class "ConflictResolver"
  Attribute "analyze_actions_for_conflicts" is unknown
  Line 481  [ERROR] "rules_config_data" is not a known attribute of "None"
  Line 481  [ERROR] Cannot access attribute "rules_config_data" for class "RuleEngine"
  Attribute "rules_config_data" is unknown
  Line 521  [ERROR] Cannot access attribute "analyze_actions_for_conflicts" for class "ConflictResolver"
  Attribute "analyze_actions_for_conflicts" is unknown
  Line 524  [ERROR] "rules_config_data" is not a known attribute of "None"
  Line 524  [ERROR] Cannot access attribute "rules_config_data" for class "RuleEngine"
  Attribute "rules_config_data" is unknown
  Line 578  [ERROR] Arguments missing for parameters "player_id", "target_id", "conflict_type", "conflict_id"
  Line 578  [ERROR] No parameter named "context"
  Line 609  [ERROR] Cannot access attribute "prepare_for_manual_resolution" for class "ConflictResolver"
  Attribute "prepare_for_manual_resolution" is unknown
  Line 624  [ERROR] Cannot access attribute "assert_called_once" for class "FunctionType"
  Attribute "assert_called_once" is unknown
  Line 640  [ERROR] Cannot access attribute "prepare_for_manual_resolution" for class "ConflictResolver"
  Attribute "prepare_for_manual_resolution" is unknown
  Line 647  [ERROR] No parameter named "params"
  Line 661  [ERROR] "__getitem__" method not defined on type "CoroutineType[Any, Any, Dict[str, Any]]"
  Line 662  [ERROR] "__getitem__" method not defined on type "CoroutineType[Any, Any, Dict[str, Any]]"

[/app/bot/game/managers/combat_manager.py] — 25 issue(s):
  Line 180  [ERROR] "None" is not awaitable
  "None" is incompatible with protocol "Awaitable[_T_co@Awaitable]"
    "__await__" is not present
  Line 308  [ERROR] Cannot access attribute "check_combat_end_conditions" for class "Dict[str, Any]"
  Attribute "check_combat_end_conditions" is unknown
  Line 308  [ERROR] Cannot access attribute "check_combat_end_conditions" for class "RuleEngine"
  Attribute "check_combat_end_conditions" is unknown
  Line 319  [ERROR] "None" is not awaitable
  "None" is incompatible with protocol "Awaitable[_T_co@Awaitable]"
    "__await__" is not present
  Line 322  [ERROR] "get" is not a known attribute of "None"
  Line 324  [ERROR] "rules_config_data" is not a known attribute of "None"
  Line 324  [ERROR] Cannot access attribute "rules_config_data" for class "RuleEngine"
  Attribute "rules_config_data" is unknown
  Line 327  [ERROR] Expected 3 positional arguments
  Line 345  [ERROR] Expected 3 positional arguments
  Line 413  [ERROR] Cannot access attribute "check_combat_end_conditions" for class "Dict[str, Any]"
  Attribute "check_combat_end_conditions" is unknown
  Line 413  [ERROR] Cannot access attribute "check_combat_end_conditions" for class "RuleEngine"
  Attribute "check_combat_end_conditions" is unknown
  Line 432  [ERROR] Cannot access attribute "log_error" for class "Dict[str, Any]"
  Attribute "log_error" is unknown
  Line 441  [ERROR] Cannot access attribute "log_info" for class "Dict[str, Any]"
  Attribute "log_info" is unknown
  Line 458  [ERROR] Argument missing for parameter "guild_id"
  Line 477  [ERROR] Cannot access attribute "begin_transaction" for class "DBService"
  Attribute "begin_transaction" is unknown
  Line 485  [ERROR] Cannot access attribute "rollback_transaction" for class "DBService"
  Attribute "rollback_transaction" is unknown
  Line 493  [ERROR] Cannot access attribute "rollback_transaction" for class "DBService"
  Attribute "rollback_transaction" is unknown
  Line 511  [ERROR] Cannot access attribute "commit_transaction" for class "DBService"
  Attribute "commit_transaction" is unknown
  Line 515  [ERROR] Expected 3 positional arguments
  Line 527  [ERROR] Expected 3 positional arguments
  Line 619  [ERROR] Cannot access attribute "commit_transaction" for class "DBService"
  Attribute "commit_transaction" is unknown
  Line 626  [ERROR] Cannot access attribute "rollback_transaction" for class "DBService"
  Attribute "rollback_transaction" is unknown
  Line 673  [ERROR] "None" is not awaitable
  "None" is incompatible with protocol "Awaitable[_T_co@Awaitable]"
    "__await__" is not present
  Line 697  [ERROR] Cannot access attribute "award_experience" for class "RuleEngine"
  Attribute "award_experience" is unknown
  Line 716  [ERROR] "defeated_npcs_participants" is possibly unbound

[/app/tests/game/managers/test_party_manager.py] — 24 issue(s):
  Line 6    [ERROR] Import "discord" could not be resolved
  Line 67   [ERROR] Cannot access attribute "model_validate" for class "type[Party]"
  Attribute "model_validate" is unknown
  Line 78   [ERROR] Cannot access attribute "assert_awaited_once_with" for class "MethodType"
  Attribute "assert_awaited_once_with" is unknown
  Line 83   [ERROR] Cannot access attribute "assert_not_awaited" for class "MethodType"
  Attribute "assert_not_awaited" is unknown
  Line 91   [ERROR] Cannot access attribute "assert_not_awaited" for class "MethodType"
  Attribute "assert_not_awaited" is unknown
  Line 99   [ERROR] Cannot access attribute "assert_awaited_once_with" for class "MethodType"
  Attribute "assert_awaited_once_with" is unknown
  Line 104  [ERROR] Cannot access attribute "model_validate" for class "type[Party]"
  Attribute "model_validate" is unknown
  Line 111  [ERROR] Cannot access attribute "assert_awaited_once_with" for class "MethodType"
  Attribute "assert_awaited_once_with" is unknown
  Line 124  [ERROR] No parameter named "leader_location_id"
  Line 135  [ERROR] Cannot access attribute "assert_awaited_once_with" for class "MethodType"
  Attribute "assert_awaited_once_with" is unknown
  Line 147  [ERROR] Cannot access attribute "add_member_to_party" for class "PartyManager"
  Attribute "add_member_to_party" is unknown
  Line 156  [ERROR] Cannot access attribute "assert_any_call" for class "MethodType"
  Attribute "assert_any_call" is unknown
  Line 161  [ERROR] Cannot access attribute "add_member_to_party" for class "PartyManager"
  Attribute "add_member_to_party" is unknown
  Line 171  [ERROR] Cannot access attribute "add_member_to_party" for class "PartyManager"
  Attribute "add_member_to_party" is unknown
  Line 183  [ERROR] Cannot access attribute "remove_member_from_party" for class "PartyManager"
  Attribute "remove_member_from_party" is unknown
  Line 189  [ERROR] Cannot access attribute "assert_any_call" for class "MethodType"
  Attribute "assert_any_call" is unknown
  Line 199  [ERROR] Cannot access attribute "remove_member_from_party" for class "PartyManager"
  Attribute "remove_member_from_party" is unknown
  Line 221  [ERROR] Cannot access attribute "assert_not_awaited" for class "MethodType"
  Attribute "assert_not_awaited" is unknown
  Line 245  [ERROR] Cannot access attribute "get_party_by_member_id" for class "PartyManager"
  Attribute "get_party_by_member_id" is unknown
  Line 249  [ERROR] Cannot access attribute "get_party_by_member_id" for class "PartyManager"
  Attribute "get_party_by_member_id" is unknown
  Line 254  [ERROR] Cannot access attribute "model_validate" for class "type[Party]"
  Attribute "model_validate" is unknown
  Line 279  [ERROR] Cannot access attribute "load_state_for_guild" for class "PartyManager"
  Attribute "load_state_for_guild" is unknown
  Line 309  [ERROR] Cannot access attribute "check_and_process_party_turn" for class "PartyManager"
  Attribute "check_and_process_party_turn" is unknown
  Line 342  [ERROR] Cannot access attribute "check_and_process_party_turn" for class "PartyManager"
  Attribute "check_and_process_party_turn" is unknown

[/app/bot/game/party_processors/party_action_processor.py] — 22 issue(s):
  Line 24   [ERROR] Import "bot.services.turn_processing_service" could not be resolved
  Line 25   [ERROR] Import "bot.game.guild_game_state_manager" could not be resolved
  Line 26   [ERROR] Import "bot.game.models.guild_game_state" could not be resolved
  Line 79   [ERROR] Cannot access attribute "is_party_busy" for class "PartyManager"
  Attribute "is_party_busy" is unknown
  Line 92   [ERROR] Cannot assign to attribute "current_action" for class "CoroutineType[Any, Any, Party | None]"
  Attribute "current_action" is unknown
  Line 96   [ERROR] Cannot access attribute "add_party_to_active_set" for class "PartyManager"
  Attribute "add_party_to_active_set" is unknown
  Line 97   [ERROR] Cannot access attribute "_parties_with_active_action" for class "PartyManager"
  Attribute "_parties_with_active_action" is unknown
  Line 113  [ERROR] Cannot access attribute "calculate_party_action_duration" for class "RuleEngine"
  Attribute "calculate_party_action_duration" is unknown
  Line 126  [ERROR] Cannot access attribute "action_queue" for class "CoroutineType[Any, Any, Party | None]"
  Attribute "action_queue" is unknown
  Line 127  [ERROR] Cannot assign to attribute "action_queue" for class "CoroutineType[Any, Any, Party | None]"
  Attribute "action_queue" is unknown
  Line 128  [ERROR] Cannot access attribute "action_queue" for class "CoroutineType[Any, Any, Party | None]"
  Attribute "action_queue" is unknown
  Line 132  [ERROR] Cannot access attribute "add_party_to_active_set" for class "PartyManager"
  Attribute "add_party_to_active_set" is unknown
  Line 138  [ERROR] Cannot access attribute "action_queue" for class "CoroutineType[Any, Any, Party | None]"
  Attribute "action_queue" is unknown
  Line 145  [ERROR] Cannot access attribute "remove_party_from_active_set" for class "PartyManager"
  Attribute "remove_party_from_active_set" is unknown
  Line 156  [ERROR] Cannot assign to attribute "current_action" for class "CoroutineType[Any, Any, Party | None]"
  Attribute "current_action" is unknown
  Line 166  [ERROR] Cannot access attribute "remove_party_from_active_set" for class "PartyManager"
  Attribute "remove_party_from_active_set" is unknown
  Line 188  [ERROR] Cannot assign to attribute "current_location_id" for class "CoroutineType[Any, Any, Party | None]"
  Attribute "current_location_id" is unknown
  Line 190  [ERROR] Expected 3 positional arguments
  Line 191  [ERROR] Expected 3 positional arguments
  Line 194  [ERROR] Cannot assign to attribute "current_action" for class "CoroutineType[Any, Any, Party | None]"
  Attribute "current_action" is unknown
  Line 210  [ERROR] "Union" is not defined
  Line 231  [ERROR] "[" was not closed

[/app/tests/game/test_turn_processing_integration.py] — 22 issue(s):
  Line 54   [ERROR] Import "pydantic" could not be resolved
  Line 167  [ERROR] "Any" cannot be instantiated
  Line 167  [ERROR] Argument missing for parameter "discord_user_id"
  Line 168  [ERROR] No parameter named "template_id"
  Line 176  [ERROR] Variable not allowed in type expression
  Line 217  [ERROR] "get" is not a known attribute of "None"
  Line 218  [ERROR] "get" is not a known attribute of "None"
  Line 223  [ERROR] "Any" cannot be instantiated
  Line 225  [ERROR] No parameter named "available_actions"
  Line 234  [ERROR] Variable not allowed in type expression
  Line 243  [ERROR] Variable not allowed in type expression
  Line 274  [ERROR] "get" is not a known attribute of "None"
  Line 275  [ERROR] "get" is not a known attribute of "None"
  Line 284  [ERROR] "Any" cannot be instantiated
  Line 284  [ERROR] Argument missing for parameter "discord_user_id"
  Line 285  [ERROR] No parameter named "template_id"
  Line 293  [ERROR] "Any" cannot be instantiated
  Line 300  [ERROR] Variable not allowed in type expression
  Line 305  [ERROR] Variable not allowed in type expression
  Line 313  [ERROR] Variable not allowed in type expression
  Line 341  [ERROR] Variable not allowed in type expression
  Line 345  [ERROR] Variable not allowed in type expression

[/app/bot/command_modules/world_state_cmds.py] — 21 issue(s):
  Line 3    [ERROR] Import "discord" could not be resolved
  Line 4    [ERROR] Import "discord" could not be resolved
  Line 5    [ERROR] Import "discord.ext" could not be resolved
  Line 7    [ERROR] Import "sqlalchemy.ext.asyncio" could not be resolved
  Line 13   [ERROR] Import "sqlalchemy.orm.attributes" could not be resolved
  Line 21   [ERROR] Incorrect keyword arguments for __init_subclass__ method
  Line 21   [ERROR] No parameter named "name"
  Line 78   [ERROR] Object of type "object" cannot be used with "async with" because it does not correctly implement __aenter__
  Attribute "__aenter__" is unknown
  Line 78   [ERROR] Object of type "object" cannot be used with "with" because it does not correctly implement __aexit__
  Attribute "__aexit__" is unknown
  Line 81   [ERROR] Argument missing for parameter "guild_id"
  Line 142  [ERROR] Object of type "object" cannot be used with "async with" because it does not correctly implement __aenter__
  Attribute "__aenter__" is unknown
  Line 142  [ERROR] Object of type "object" cannot be used with "with" because it does not correctly implement __aexit__
  Attribute "__aexit__" is unknown
  Line 144  [ERROR] Argument missing for parameter "guild_id"
  Line 178  [ERROR] Try statement must have at least one except or finally clause
  Line 191  [ERROR] Object of type "object" cannot be used with "async with" because it does not correctly implement __aenter__
  Attribute "__aenter__" is unknown
  Line 191  [ERROR] Object of type "object" cannot be used with "with" because it does not correctly implement __aexit__
  Attribute "__aexit__" is unknown
  Line 193  [ERROR] Argument missing for parameter "guild_id"
  Line 212  [ERROR] Expected expression
  Line 213  [ERROR] "e" is not defined
  Line 213  [ERROR] Unexpected indentation
  Line 215  [ERROR] "e" is not defined

[/app/bot/game/services/consequence_processor.py] — 19 issue(s):
  Line 103  [ERROR] Cannot access attribute "modify_npc_stats" for class "NpcManager"
  Attribute "modify_npc_stats" is unknown
  Line 112  [ERROR] Cannot access attribute "modify_character_stats" for class "CharacterManager"
  Attribute "modify_character_stats" is unknown
  Line 123  [ERROR] Cannot access attribute "give_item_to_character" for class "ItemManager"
  Attribute "give_item_to_character" is unknown
  Line 128  [ERROR] Cannot access attribute "notify_player" for class "NotificationService"
  Attribute "notify_player" is unknown
  Line 138  [ERROR] Cannot access attribute "remove_item_from_character_by_instance_id" for class "ItemManager"
  Attribute "remove_item_from_character_by_instance_id" is unknown
  Line 140  [ERROR] Cannot access attribute "remove_item_from_character_by_template_id" for class "ItemManager"
  Attribute "remove_item_from_character_by_template_id" is unknown
  Line 147  [ERROR] Cannot access attribute "notify_player" for class "NotificationService"
  Attribute "notify_player" is unknown
  Line 157  [ERROR] Cannot access attribute "move_character_to_location" for class "CharacterManager"
  Attribute "move_character_to_location" is unknown
  Line 160  [ERROR] Cannot access attribute "move_npc_to_location" for class "NpcManager"
  Attribute "move_npc_to_location" is unknown
  Line 171  [ERROR] "Character" is not awaitable
  "Character" is incompatible with protocol "Awaitable[_T_co@Awaitable]"
    "__await__" is not present
  Line 171  [ERROR] "None" is not awaitable
  "None" is incompatible with protocol "Awaitable[_T_co@Awaitable]"
    "__await__" is not present
  Line 174  [ERROR] Cannot access attribute "start_event" for class "EventManager"
  Attribute "start_event" is unknown
  Line 182  [ERROR] Cannot access attribute "update_quest_progress" for class "QuestManager"
  Attribute "update_quest_progress" is unknown
  Line 189  [ERROR] Cannot access attribute "notify_player" for class "NotificationService"
  Attribute "notify_player" is unknown
  Line 197  [ERROR] Cannot access attribute "apply_status_effect" for class "StatusManager"
  Attribute "apply_status_effect" is unknown
  Line 215  [ERROR] "Character" is not awaitable
  "Character" is incompatible with protocol "Awaitable[_T_co@Awaitable]"
    "__await__" is not present
  Line 215  [ERROR] "None" is not awaitable
  "None" is incompatible with protocol "Awaitable[_T_co@Awaitable]"
    "__await__" is not present
  Line 219  [ERROR] Cannot access attribute "award_experience" for class "RuleEngine"
  Attribute "award_experience" is unknown
  Line 223  [ERROR] Cannot access attribute "notify_player" for class "NotificationService"
  Attribute "notify_player" is unknown

[/app/tests/game/managers/test_ability_manager.py] — 19 issue(s):
  Line 2    [ERROR] Import "pytest" could not be resolved
  Line 93   [ERROR] Argument missing for parameter "discord_user_id"
  Line 95   [ERROR] No parameter named "player_id"
  Line 100  [ERROR] No parameter named "ability_cooldowns"
  Line 126  [ERROR] "get_session" is not a known attribute of "None"
  Line 126  [ERROR] Cannot access attribute "assert_not_called" for class "MethodType"
  Attribute "assert_not_called" is unknown
  Line 176  [ERROR] Cannot access attribute "player_id" for class "Character"
  Attribute "player_id" is unknown
  Line 214  [ERROR] "self" is not defined
  Line 219  [ERROR] "self" is not defined
  Line 220  [ERROR] "self" is not defined
  Line 228  [ERROR] "ANY" is not defined
  Line 261  [ERROR] "process_ability_effects" is not a known attribute of "None"
  Line 261  [ERROR] Cannot access attribute "process_ability_effects" for class "RuleEngine"
  Attribute "process_ability_effects" is unknown
  Line 262  [ERROR] "process_ability_effects" is not a known attribute of "None"
  Line 262  [ERROR] Cannot access attribute "process_ability_effects" for class "RuleEngine"
  Attribute "process_ability_effects" is unknown
  Line 290  [ERROR] "process_ability_effects" is not a known attribute of "None"
  Line 290  [ERROR] Cannot access attribute "process_ability_effects" for class "RuleEngine"
  Attribute "process_ability_effects" is unknown
  Line 291  [ERROR] "process_ability_effects" is not a known attribute of "None"
  Line 291  [ERROR] Cannot access attribute "process_ability_effects" for class "RuleEngine"
  Attribute "process_ability_effects" is unknown

[/app/bot/game/action_processor.py] — 18 issue(s):
  Line 55   [ERROR] Argument of type "str" cannot be assigned to parameter "discord_user_id" of type "int" in function "get_character_by_discord_id"
  "str" is not assignable to "int"
  Line 68   [ERROR] "Location" is not awaitable
  "Location" is incompatible with protocol "Awaitable[_T_co@Awaitable]"
    "__await__" is not present
  Line 68   [ERROR] "None" is not awaitable
  "None" is incompatible with protocol "Awaitable[_T_co@Awaitable]"
    "__await__" is not present
  Line 80   [ERROR] "object" is not awaitable
  "object" is incompatible with protocol "Awaitable[_T_co@Awaitable]"
    "__await__" is not present
  Line 94   [ERROR] "asyncio" is not defined
  Line 95   [ERROR] "object" is not awaitable
  "object" is incompatible with protocol "Awaitable[_T_co@Awaitable]"
    "__await__" is not present
  Line 110  [ERROR] "object" is not awaitable
  "object" is incompatible with protocol "Awaitable[_T_co@Awaitable]"
    "__await__" is not present
  Line 128  [ERROR] "logger" is not defined
  Line 145  [ERROR] "List[Character]" is not awaitable
  "List[Character]" is incompatible with protocol "Awaitable[_T_co@Awaitable]"
    "__await__" is not present
  Line 145  [ERROR] "asyncio" is not defined
  Line 174  [ERROR] "object" is not awaitable
  "object" is incompatible with protocol "Awaitable[_T_co@Awaitable]"
    "__await__" is not present
  Line 181  [ERROR] "object" is not awaitable
  "object" is incompatible with protocol "Awaitable[_T_co@Awaitable]"
    "__await__" is not present
  Line 183  [ERROR] "logger" is not defined
  Line 220  [ERROR] "object" is not awaitable
  "object" is incompatible with protocol "Awaitable[_T_co@Awaitable]"
    "__await__" is not present
  Line 248  [ERROR] "logger" is not defined
  Line 251  [ERROR] "object" is not awaitable
  "object" is incompatible with protocol "Awaitable[_T_co@Awaitable]"
    "__await__" is not present
  Line 323  [ERROR] "object" is not awaitable
  "object" is incompatible with protocol "Awaitable[_T_co@Awaitable]"
    "__await__" is not present
  Line 332  [ERROR] "logger" is not defined

[/app/bot/game/managers/equipment_manager.py] — 17 issue(s):
  Line 17   [ERROR] "ItemDefinition" is unknown import symbol
  Line 58   [ERROR] "Character" is not awaitable
  "Character" is incompatible with protocol "Awaitable[_T_co@Awaitable]"
    "__await__" is not present
  Line 58   [ERROR] "None" is not awaitable
  "None" is incompatible with protocol "Awaitable[_T_co@Awaitable]"
    "__await__" is not present
  Line 65   [ERROR] Cannot access attribute "get_item_instance_by_id" for class "InventoryManager"
  Attribute "get_item_instance_by_id" is unknown
  Line 66   [ERROR] "object" is not awaitable
  "object" is incompatible with protocol "Awaitable[_T_co@Awaitable]"
    "__await__" is not present
  Line 66   [ERROR] Cannot access attribute "get_item_instance_by_id" for class "InventoryManager"
  Attribute "get_item_instance_by_id" is unknown
  Line 143  [ERROR] Argument missing for parameter "item_template_id"
  Line 144  [ERROR] No parameter named "item_instance_id"
  Line 144  [ERROR] No parameter named "quantity_to_remove"
  Line 172  [ERROR] "Character" is not awaitable
  "Character" is incompatible with protocol "Awaitable[_T_co@Awaitable]"
    "__await__" is not present
  Line 172  [ERROR] "None" is not awaitable
  "None" is incompatible with protocol "Awaitable[_T_co@Awaitable]"
    "__await__" is not present
  Line 203  [ERROR] Type "object" is not assignable to declared type "Dict[str, Any] | None"
  Type "object" is not assignable to type "Dict[str, Any] | None"
    "object" is not assignable to "Dict[str, Any]"
    "object" is not assignable to "None"
  Line 229  [ERROR] Argument missing for parameter "item_template_id"
  Line 259  [ERROR] "Character" is not awaitable
  "Character" is incompatible with protocol "Awaitable[_T_co@Awaitable]"
    "__await__" is not present
  Line 259  [ERROR] "None" is not awaitable
  "None" is incompatible with protocol "Awaitable[_T_co@Awaitable]"
    "__await__" is not present
  Line 270  [ERROR] "None" is not awaitable
  "None" is incompatible with protocol "Awaitable[_T_co@Awaitable]"
    "__await__" is not present
  Line 275  [ERROR] Type "Unknown | dict[Unknown, Unknown]" is not assignable to declared type "Player | NPC | Character | None"
  Type "Unknown | dict[Unknown, Unknown]" is not assignable to type "Player | NPC | Character | None"
    Type "dict[Unknown, Unknown]" is not assignable to type "Player | NPC | Character | None"
      "dict[Unknown, Unknown]" is not assignable to "Player"
      "dict[Unknown, Unknown]" is not assignable to "NPC"
      "dict[Unknown, Unknown]" is not assignable to "Character"
      "dict[Unknown, Unknown]" is not assignable to "None"

[/app/bot/command_modules/game_setup_cmds.py] — 16 issue(s):
  Line 1    [ERROR] Import "discord" could not be resolved
  Line 2    [ERROR] Import "discord" could not be resolved
  Line 3    [ERROR] Import "discord.ext" could not be resolved
  Line 7    [ERROR] Import "sqlalchemy.exc" could not be resolved
  Line 8    [ERROR] Import "sqlalchemy" could not be resolved
  Line 9    [ERROR] Import "sqlalchemy.ext.asyncio" could not be resolved
  Line 55   [ERROR] Type "object" is not assignable to declared type "str | None"
  Type "object" is not assignable to type "str | None"
    "object" is not assignable to "str"
    "object" is not assignable to "None"
  Line 92   [ERROR] Argument of type "object" cannot be assigned to parameter "x" of type "ConvertibleToInt" in function "__new__"
  Type "object" is not assignable to type "ConvertibleToInt"
    "object" is not assignable to "str"
    "object" is incompatible with protocol "Buffer"
      "__buffer__" is not present
    "object" is incompatible with protocol "SupportsInt"
      "__int__" is not present
    "object" is incompatible with protocol "SupportsIndex"
      "__index__" is not present
  Line 92   [ERROR] Argument of type "object" cannot be assigned to parameter "x" of type "ConvertibleToInt" in function "__new__"
  Type "object" is not assignable to type "ConvertibleToInt"
    "object" is not assignable to "str"
    "object" is incompatible with protocol "Buffer"
      "__buffer__" is not present
    "object" is incompatible with protocol "SupportsInt"
      "__int__" is not present
    "object" is incompatible with protocol "SupportsIndex"
      "__index__" is not present
  ...
  Line 102  [ERROR] Incorrect keyword arguments for __init_subclass__ method
  Line 102  [ERROR] No parameter named "name"
  Line 169  [ERROR] "execute" is not a known attribute of "None"
  Line 179  [ERROR] "object" is not awaitable
  "object" is incompatible with protocol "Awaitable[_T_co@Awaitable]"
    "__await__" is not present
  Line 202  [ERROR] "commit" is not a known attribute of "None"
  Line 224  [ERROR] "object" is not awaitable
  "object" is incompatible with protocol "Awaitable[_T_co@Awaitable]"
    "__await__" is not present
  Line 311  [ERROR] "object" is not awaitable
  "object" is incompatible with protocol "Awaitable[_T_co@Awaitable]"
    "__await__" is not present

[/app/bot/game/managers/game_manager.py] — 16 issue(s):
  Line 10   [ERROR] Import "sqlalchemy.exc" could not be resolved
  Line 13   [ERROR] Import "discord" could not be resolved
  Line 14   [ERROR] Import "discord" could not be resolved
  Line 27   [ERROR] Import "discord" could not be resolved
  Line 72   [ERROR] Import "pydantic" could not be resolved
  Line 258  [ERROR] Argument of type "(channel_id: int) -> SendToChannelCallback" cannot be assigned to parameter "send_callback_factory" of type "SendCallbackFactory" in function "__init__"
  Type "(channel_id: int) -> SendToChannelCallback" is not assignable to type "SendCallbackFactory"
    Function return type "SendToChannelCallback" is incompatible with type "SendChannelMessageCallback"
      Type "SendToChannelCallback" is not assignable to type "SendChannelMessageCallback"
        Function accepts too many positional parameters; expected 1 but received 2
  Line 258  [ERROR] Argument of type "None" cannot be assigned to parameter "event_stage_processor" of type "EventStageProcessor" in function "__init__"
  "None" is not assignable to "EventStageProcessor"
  Line 277  [ERROR] Argument of type "None" cannot be assigned to parameter "action_scheduler" of type "GuildActionScheduler" in function "__init__"
  "None" is not assignable to "GuildActionScheduler"
  Line 277  [ERROR] Argument of type "None" cannot be assigned to parameter "npc_action_planner" of type "NPCActionPlanner" in function "__init__"
  "None" is not assignable to "NPCActionPlanner"
  Line 277  [ERROR] Argument of type "None" cannot be assigned to parameter "npc_action_processor" of type "NPCActionProcessor" in function "__init__"
  "None" is not assignable to "NPCActionProcessor"
  Line 279  [ERROR] Argument of type "OpenAIService | None" cannot be assigned to parameter "openai_service" of type "OpenAIService" in function "__init__"
  Type "OpenAIService | None" is not assignable to type "OpenAIService"
    "None" is not assignable to "OpenAIService"
  Line 309  [ERROR] No parameter named "openai_service"
  Line 337  [ERROR] "AsyncSession" is not defined
  Line 487  [ERROR] "AsyncSession" is not defined
  Line 495  [ERROR] "AsyncSession" is not defined
  Line 539  [ERROR] "AsyncSession" is not defined

[/app/tests/game/managers/test_combat_manager.py] — 16 issue(s):
  Line 14   [ERROR] Import "bot.game.managers.rule_engine" could not be resolved
  Line 54   [ERROR] No parameter named "game_log_manager"
  Line 55   [ERROR] No parameter named "inventory_manager"
  Line 56   [ERROR] No parameter named "relationship_manager"
  Line 57   [ERROR] No parameter named "quest_manager"
  Line 75   [ERROR] No parameter named "stats_json"
  Line 76   [ERROR] No parameter named "stats_json"
  Line 78   [ERROR] No parameter named "stats_json"
  Line 79   [ERROR] No parameter named "stats_json"
  Line 90   [ERROR] No parameter named "combat_log_json"
  Line 213  [ERROR] No parameter named "stats_json"
  Line 214  [ERROR] No parameter named "stats_json"
  Line 259  [ERROR] No parameter named "stats_json"
  Line 262  [ERROR] No parameter named "combat_log_json"
  Line 279  [ERROR] Cannot access attribute "_get_manager_kwargs" for class "CombatManager"
  Attribute "_get_manager_kwargs" is unknown
  Line 300  [ERROR] Cannot access attribute "_get_manager_kwargs" for class "CombatManager"
  Attribute "_get_manager_kwargs" is unknown

[/app/bot/cogs/master_commands.py] — 15 issue(s):
  Line 1    [ERROR] Import "discord" could not be resolved
  Line 2    [ERROR] Import "discord.ext" could not be resolved
  Line 3    [ERROR] Import "discord" could not be resolved
  Line 13   [ERROR] Import "sqlalchemy.orm.attributes" could not be resolved
  Line 25   [ERROR] Incorrect keyword arguments for __init_subclass__ method
  Line 25   [ERROR] No parameter named "name"
  Line 62   [ERROR] Arguments missing for parameters "guild_id", "user_id"
  Line 76   [ERROR] Arguments missing for parameters "key", "lang"
  Line 128  [ERROR] "get" is not a known attribute of "None"
  Line 132  [ERROR] "get" is not a known attribute of "None"
  Line 154  [ERROR] "commit" is not a known attribute of "None"
  Line 195  [ERROR] "get" is not a known attribute of "None"
  Line 220  [ERROR] "commit" is not a known attribute of "None"
  Line 246  [ERROR] "get" is not a known attribute of "None"
  Line 260  [ERROR] "commit" is not a known attribute of "None"

[/app/bot/game/managers/location_manager.py] — 15 issue(s):
  Line 20   [ERROR] Import "sqlalchemy.future" could not be resolved
  Line 41   [ERROR] Import "sqlalchemy.ext.asyncio" could not be resolved
  Line 201  [ERROR] Import "sqlalchemy" could not be resolved
  Line 211  [ERROR] "execute" is not a known attribute of "None"
  Line 229  [ERROR] "merge" is not a known attribute of "None"
  Line 261  [ERROR] "get" is not a known attribute of "None"
  Line 299  [ERROR] Cannot access attribute "get_rule" for class "RuleEngine"
  Attribute "get_rule" is unknown
  Line 302  [ERROR] "get" is not a known attribute of "None"
  Line 309  [ERROR] "add" is not a known attribute of "None"
  Line 314  [ERROR] "get" is not a known attribute of "None"
  Line 317  [ERROR] "add" is not a known attribute of "None"
  Line 320  [ERROR] "get" is not a known attribute of "None"
  Line 322  [ERROR] "player_ids_json" is not a known attribute of "None"
  Line 328  [ERROR] "add" is not a known attribute of "None"
  Line 363  [ERROR] Method declaration "move_entity" is obscured by a declaration of the same name

[/app/bot/command_modules/action_cmds.py] — 14 issue(s):
  Line 1    [ERROR] Import "discord" could not be resolved
  Line 2    [ERROR] Import "discord" could not be resolved
  Line 3    [ERROR] Import "discord.ext" could not be resolved
  Line 26   [ERROR] Incorrect keyword arguments for __init_subclass__ method
  Line 26   [ERROR] No parameter named "name"
  Line 68   [ERROR] Argument of type "None" cannot be assigned to parameter "data_dict" of type "Dict[str, Any]" in function "get_i18n_text"
  "None" is not assignable to "Dict[str, Any]"
  Line 82   [ERROR] No parameter named "default_text"
  Line 91   [ERROR] Argument of type "None" cannot be assigned to parameter "data_dict" of type "Dict[str, Any]" in function "get_i18n_text"
  "None" is not assignable to "Dict[str, Any]"
  Line 95   [ERROR] Argument of type "None" cannot be assigned to parameter "data_dict" of type "Dict[str, Any]" in function "get_i18n_text"
  "None" is not assignable to "Dict[str, Any]"
  Line 159  [ERROR] No parameter named "default_text"
  Line 168  [ERROR] Argument of type "None" cannot be assigned to parameter "data_dict" of type "Dict[str, Any]" in function "get_i18n_text"
  "None" is not assignable to "Dict[str, Any]"
  Line 172  [ERROR] Argument of type "None" cannot be assigned to parameter "data_dict" of type "Dict[str, Any]" in function "get_i18n_text"
  "None" is not assignable to "Dict[str, Any]"
  Line 195  [ERROR] Argument missing for parameter "guild_id"
  Line 201  [ERROR] Argument missing for parameter "guild_id"

[/app/bot/command_modules/exploration_cmds.py] — 14 issue(s):
  Line 1    [ERROR] Import "discord" could not be resolved
  Line 2    [ERROR] Import "discord" could not be resolved
  Line 3    [ERROR] Import "discord.ext" could not be resolved
  Line 7    [ERROR] Import "discord.ui" could not be resolved
  Line 8    [ERROR] Import "discord" could not be resolved
  Line 23   [ERROR] Incorrect keyword arguments for __init_subclass__ method
  Line 23   [ERROR] No parameter named "name"
  Line 87   [ERROR] "Character" is not awaitable
  "Character" is incompatible with protocol "Awaitable[_T_co@Awaitable]"
    "__await__" is not present
  Line 87   [ERROR] "None" is not awaitable
  "None" is incompatible with protocol "Awaitable[_T_co@Awaitable]"
    "__await__" is not present
  Line 99   [ERROR] "Character" is not awaitable
  "Character" is incompatible with protocol "Awaitable[_T_co@Awaitable]"
    "__await__" is not present
  Line 99   [ERROR] "None" is not awaitable
  "None" is incompatible with protocol "Awaitable[_T_co@Awaitable]"
    "__await__" is not present
  Line 313  [ERROR] Cannot access attribute "process_action" for class "CharacterActionProcessor"
  Attribute "process_action" is unknown
  Line 353  [ERROR] Argument missing for parameter "guild_id"
  Line 371  [ERROR] Argument missing for parameter "guild_id"

[/app/bot/game/world_processors/world_simulation_processor.py] — 14 issue(s):
  Line 140  [ERROR] Argument missing for parameter "template_id"
  Line 144  [ERROR] Cannot access attribute "get_location_instance_by_id" for class "LocationManager"
  Attribute "get_location_instance_by_id" is unknown
  Line 154  [ERROR] Argument of type "str" cannot be assigned to parameter "discord_user_id" of type "int" in function "get_character_by_discord_id"
  "str" is not assignable to "int"
  Line 166  [ERROR] "object" is not awaitable
  "object" is incompatible with protocol "Awaitable[_T_co@Awaitable]"
    "__await__" is not present
  Line 199  [ERROR] "object" is not awaitable
  "object" is incompatible with protocol "Awaitable[_T_co@Awaitable]"
    "__await__" is not present
  Line 228  [ERROR] Result of async function call is not used; use "await" or assign result to variable
  Line 256  [ERROR] Cannot access attribute "get_entities_with_active_action" for class "NpcManager"
  Attribute "get_entities_with_active_action" is unknown
  Line 261  [ERROR] Cannot access attribute "get_parties_with_active_action" for class "PartyManager"
  Attribute "get_parties_with_active_action" is unknown
  Line 270  [ERROR] "object" is not awaitable
  "object" is incompatible with protocol "Awaitable[_T_co@Awaitable]"
    "__await__" is not present
  Line 276  [ERROR] Cannot access attribute "get_active_events_by_guild" for class "EventManager"
  Attribute "get_active_events_by_guild" is unknown
  Line 286  [ERROR] Cannot access attribute "get_active_events_by_guild" for class "EventManager"
  Attribute "get_active_events_by_guild" is unknown
  Line 317  [ERROR] "__getitem__" method not defined on type "object"
  Line 317  [ERROR] "__getitem__" method not defined on type "object"
  Line 336  [ERROR] Cannot access attribute "model_validate" for class "type[EventStage]"
  Attribute "model_validate" is unknown

[/app/tests/game/managers/test_quest_manager.py] — 14 issue(s):
  Line 15   [ERROR] Import "sqlalchemy.ext.asyncio" could not be resolved
  Line 82   [ERROR] No parameter named "template_id"
  Line 94   [ERROR] Cannot access attribute "model_dump" for class "Quest"
  Attribute "model_dump" is unknown
  Line 127  [ERROR] Cannot access attribute "model_dump" for class "Quest"
  Attribute "model_dump" is unknown
  Line 225  [ERROR] Cannot access attribute "model_dump" for class "Quest"
  Attribute "model_dump" is unknown
  Line 274  [ERROR] "get" is not a known attribute of "None"
  Line 275  [ERROR] "get" is not a known attribute of "None"
  Line 276  [ERROR] "get" is not a known attribute of "None"
  Line 277  [ERROR] "get" is not a known attribute of "None"
  Line 370  [ERROR] "get" is not a known attribute of "None"
  Line 372  [ERROR] "get" is not a known attribute of "None"
  Line 373  [ERROR] "get" is not a known attribute of "None"
  Line 374  [ERROR] "get" is not a known attribute of "None"
  Line 375  [ERROR] "get" is not a known attribute of "None"

[/app/bot/game/npc_processors/npc_action_processor.py] — 13 issue(s):
  Line 109  [ERROR] Cannot access attribute "is_busy" for class "NpcManager"
  Attribute "is_busy" is unknown
  Line 125  [ERROR] Cannot access attribute "add_entity_with_active_action" for class "NpcManager"
  Attribute "add_entity_with_active_action" is unknown
  Line 147  [ERROR] Cannot access attribute "get_location_static_by_id" for class "LocationManager"
  Attribute "get_location_static_by_id" is unknown
  Line 153  [ERROR] Argument of type "Any | Literal['move'] | None" cannot be assigned to parameter "action_type" of type "str" in function "calculate_action_duration"
  Type "Any | Literal['move'] | None" is not assignable to type "str"
    "None" is not assignable to "str"
  Line 153  [ERROR] Argument of type "str" cannot be assigned to parameter "guild_id" of type "Dict[str, Any]" in function "calculate_action_duration"
  "str" is not assignable to "Dict[str, Any]"
  Line 186  [ERROR] Argument of type "str" cannot be assigned to parameter "guild_id" of type "Dict[str, Any]" in function "calculate_action_duration"
  "str" is not assignable to "Dict[str, Any]"
  Line 195  [ERROR] Cannot access attribute "add_entity_with_active_action" for class "NpcManager"
  Attribute "add_entity_with_active_action" is unknown
  Line 203  [ERROR] Cannot access attribute "remove_entity_with_active_action" for class "NpcManager"
  Attribute "remove_entity_with_active_action" is unknown
  Line 224  [ERROR] Cannot access attribute "remove_entity_with_active_action" for class "NpcManager"
  Attribute "remove_entity_with_active_action" is unknown
  Line 233  [ERROR] Argument of type "Any | None" cannot be assigned to parameter "action_type" of type "str" in function "get_handler"
  Type "Any | None" is not assignable to type "str"
    "None" is not assignable to "str"
  Line 240  [ERROR] Argument of type "SendCallbackFactory" cannot be assigned to parameter "send_callback_factory" of type "(int) -> SendToChannelCallback" in function "handle"
  Type "SendCallbackFactory" is not assignable to type "(int) -> SendToChannelCallback"
    Function return type "SendChannelMessageCallback" is incompatible with type "SendToChannelCallback"
      Type "SendChannelMessageCallback" is not assignable to type "SendToChannelCallback"
        Position-only parameter mismatch; expected 2 but received 1
        Function accepts too few positional parameters; expected 2 but received 1
  Line 274  [ERROR] "Combat" is not awaitable
  "Combat" is incompatible with protocol "Awaitable[_T_co@Awaitable]"
    "__await__" is not present
  Line 274  [ERROR] "None" is not awaitable
  "None" is incompatible with protocol "Awaitable[_T_co@Awaitable]"
    "__await__" is not present

[/app/bot/game/turn_processor.py] — 13 issue(s):
  Line 5    [ERROR] Import "sqlalchemy.ext.asyncio" could not be resolved
  Line 13   [ERROR] Import "bot.game.managers.conflict_resolver" could not be resolved
  Line 52   [ERROR] Cannot access attribute "get_core_rules_config_for_guild" for class "RuleEngine"
  Attribute "get_core_rules_config_for_guild" is unknown
  Line 114  [ERROR] "add" is not a known attribute of "None"
  Line 158  [ERROR] Cannot access attribute "send_character_feedback" for class "NotificationService"
  Attribute "send_character_feedback" is unknown
  Line 179  [ERROR] Cannot access attribute "send_character_feedback" for class "NotificationService"
  Attribute "send_character_feedback" is unknown
  Line 181  [ERROR] Cannot access attribute "send_character_feedback" for class "NotificationService"
  Attribute "send_character_feedback" is unknown
  Line 189  [ERROR] Cannot access attribute "send_character_feedback" for class "NotificationService"
  Attribute "send_character_feedback" is unknown
  Line 199  [ERROR] "add" is not a known attribute of "None"
  Line 203  [ERROR] "commit" is not a known attribute of "None"
  Line 204  [ERROR] "commit" is not a known attribute of "None"
  Line 204  [ERROR] "object" is not awaitable
  "object" is incompatible with protocol "Awaitable[_T_co@Awaitable]"
    "__await__" is not present
  Line 212  [ERROR] "object" is not awaitable
  "object" is incompatible with protocol "Awaitable[_T_co@Awaitable]"
    "__await__" is not present

[/app/tests/game/managers/test_location_manager.py] — 13 issue(s):
  Line 8    [ERROR] Import "pytest" could not be resolved
  Line 15   [ERROR] Import "sqlalchemy.ext.asyncio" could not be resolved
  Line 123  [ERROR] "EventStageProcessor" is not defined
  Line 124  [ERROR] "EventActionProcessor" is not defined
  Line 149  [ERROR] Cannot access attribute "model_validate" for class "type[Location]"
  Attribute "model_validate" is unknown
  Line 150  [ERROR] Cannot access attribute "model_validate" for class "type[Location]"
  Attribute "model_validate" is unknown
  Line 209  [ERROR] Cannot access attribute "model_validate" for class "type[Location]"
  Attribute "model_validate" is unknown
  Line 312  [ERROR] Cannot access attribute "model_validate" for class "type[Location]"
  Attribute "model_validate" is unknown
  Line 313  [ERROR] Cannot access attribute "model_validate" for class "type[Location]"
  Attribute "model_validate" is unknown
  Line 358  [ERROR] "TypingAny" is not defined
  Line 358  [ERROR] "TypingAny" is not defined
  Line 358  [ERROR] "TypingAny" is not defined
  Line 428  [ERROR] "mock" is not a known attribute of module "unittest"

[/app/bot/game/command_handlers/interaction_commands.py] — 12 issue(s):
  Line 3    [ERROR] Import "discord" could not be resolved
  Line 40   [ERROR] "get_character_by_discord_id" is not a known attribute of "None"
  Line 45   [ERROR] "get_npc" is not a known attribute of "None"
  Line 48   [ERROR] "get_npc_by_name" is not a known attribute of "None"
  Line 62   [ERROR] "get_location_name" is not a known attribute of "None"
  Line 63   [ERROR] "get_location_name" is not a known attribute of "None"
  Line 68   [ERROR] "get_dialogue_template" is not a known attribute of "None"
  Line 69   [ERROR] "get_dialogue_template" is not a known attribute of "None"
  Line 75   [ERROR] "start_dialogue" is not a known attribute of "None"
  Line 133  [ERROR] "get_character_by_discord_id" is not a known attribute of "None"
  Line 144  [ERROR] "buy_item" is not a known attribute of "None"
  Line 155  [ERROR] "get_item_template" is not a known attribute of "None"

[/app/bot/game/managers/party_manager.py] — 12 issue(s):
  Line 180  [ERROR] "merge" is not a known attribute of "None"
  Line 205  [ERROR] "Character" is not awaitable
  "Character" is incompatible with protocol "Awaitable[_T_co@Awaitable]"
    "__await__" is not present
  Line 205  [ERROR] "None" is not awaitable
  "None" is incompatible with protocol "Awaitable[_T_co@Awaitable]"
    "__await__" is not present
  Line 292  [ERROR] "Character" is not awaitable
  "Character" is incompatible with protocol "Awaitable[_T_co@Awaitable]"
    "__await__" is not present
  Line 292  [ERROR] "None" is not awaitable
  "None" is incompatible with protocol "Awaitable[_T_co@Awaitable]"
    "__await__" is not present
  Line 331  [ERROR] Cannot access attribute "get_character_for_update" for class "CharacterManager"
  Attribute "get_character_for_update" is unknown
  Line 334  [ERROR] "Character" is not awaitable
  "Character" is incompatible with protocol "Awaitable[_T_co@Awaitable]"
    "__await__" is not present
  Line 334  [ERROR] "None" is not awaitable
  "None" is incompatible with protocol "Awaitable[_T_co@Awaitable]"
    "__await__" is not present
  Line 357  [ERROR] Argument of type "Any | None" cannot be assigned to parameter "x" of type "ConvertibleToInt" in function "__new__"
  Type "Any | None" is not assignable to type "ConvertibleToInt"
    Type "None" is not assignable to type "ConvertibleToInt"
      "None" is not assignable to "str"
      "None" is incompatible with protocol "Buffer"
        "__buffer__" is not present
      "None" is incompatible with protocol "SupportsInt"
        "__int__" is not present
      "None" is incompatible with protocol "SupportsIndex"
  Line 357  [ERROR] Argument of type "Any | None" cannot be assigned to parameter "x" of type "ConvertibleToInt" in function "__new__"
  Type "Any | None" is not assignable to type "ConvertibleToInt"
    Type "None" is not assignable to type "ConvertibleToInt"
      "None" is not assignable to "str"
      "None" is incompatible with protocol "Buffer"
        "__buffer__" is not present
      "None" is incompatible with protocol "SupportsInt"
        "__int__" is not present
      "None" is incompatible with protocol "SupportsIndex"
  ...
  Line 388  [ERROR] "Character" is not awaitable
  "Character" is incompatible with protocol "Awaitable[_T_co@Awaitable]"
    "__await__" is not present
  Line 388  [ERROR] "None" is not awaitable
  "None" is incompatible with protocol "Awaitable[_T_co@Awaitable]"
    "__await__" is not present

[/app/bot/game/utils/stats_calculator.py] — 12 issue(s):
  Line 207  [ERROR] Argument of type "Any | None" cannot be assigned to parameter "x" of type "ConvertibleToInt" in function "__new__"
  Type "Any | None" is not assignable to type "ConvertibleToInt"
    Type "None" is not assignable to type "ConvertibleToInt"
      "None" is not assignable to "str"
      "None" is incompatible with protocol "Buffer"
        "__buffer__" is not present
      "None" is incompatible with protocol "SupportsInt"
        "__int__" is not present
      "None" is incompatible with protocol "SupportsIndex"
  Line 207  [ERROR] Argument of type "Any | None" cannot be assigned to parameter "x" of type "ConvertibleToInt" in function "__new__"
  Type "Any | None" is not assignable to type "ConvertibleToInt"
    Type "None" is not assignable to type "ConvertibleToInt"
      "None" is not assignable to "str"
      "None" is incompatible with protocol "Buffer"
        "__buffer__" is not present
      "None" is incompatible with protocol "SupportsInt"
        "__int__" is not present
      "None" is incompatible with protocol "SupportsIndex"
  Line 207  [ERROR] Argument of type "Any | None" cannot be assigned to parameter "x" of type "ConvertibleToInt" in function "__new__"
  Type "Any | None" is not assignable to type "ConvertibleToInt"
    Type "None" is not assignable to type "ConvertibleToInt"
      "None" is not assignable to "str"
      "None" is incompatible with protocol "Buffer"
        "__buffer__" is not present
      "None" is incompatible with protocol "SupportsInt"
        "__int__" is not present
      "None" is incompatible with protocol "SupportsIndex"
  ...
  Line 207  [ERROR] Argument of type "Any | None" cannot be assigned to parameter "x" of type "ConvertibleToInt" in function "__new__"
  Type "Any | None" is not assignable to type "ConvertibleToInt"
    Type "None" is not assignable to type "ConvertibleToInt"
      "None" is not assignable to "str"
      "None" is incompatible with protocol "Buffer"
        "__buffer__" is not present
      "None" is incompatible with protocol "SupportsInt"
        "__int__" is not present
      "None" is incompatible with protocol "SupportsIndex"
  ...
  Line 211  [ERROR] Argument of type "Any | None" cannot be assigned to parameter "x" of type "ConvertibleToInt" in function "__new__"
  Type "Any | None" is not assignable to type "ConvertibleToInt"
    Type "None" is not assignable to type "ConvertibleToInt"
      "None" is not assignable to "str"
      "None" is incompatible with protocol "Buffer"
        "__buffer__" is not present
      "None" is incompatible with protocol "SupportsInt"
        "__int__" is not present
      "None" is incompatible with protocol "SupportsIndex"
  Line 211  [ERROR] Argument of type "Any | None" cannot be assigned to parameter "x" of type "ConvertibleToInt" in function "__new__"
  Type "Any | None" is not assignable to type "ConvertibleToInt"
    Type "None" is not assignable to type "ConvertibleToInt"
      "None" is not assignable to "str"
      "None" is incompatible with protocol "Buffer"
        "__buffer__" is not present
      "None" is incompatible with protocol "SupportsInt"
        "__int__" is not present
      "None" is incompatible with protocol "SupportsIndex"
  ...
  Line 224  [ERROR] Argument of type "Any | None" cannot be assigned to parameter "x" of type "ConvertibleToFloat" in function "__new__"
  Type "Any | None" is not assignable to type "ConvertibleToFloat"
    Type "None" is not assignable to type "ConvertibleToFloat"
      "None" is not assignable to "str"
      "None" is incompatible with protocol "Buffer"
        "__buffer__" is not present
      "None" is incompatible with protocol "SupportsFloat"
        "__float__" is not present
      "None" is incompatible with protocol "SupportsIndex"
  Line 224  [ERROR] Argument of type "Any | None" cannot be assigned to parameter "x" of type "ConvertibleToFloat" in function "__new__"
  Type "Any | None" is not assignable to type "ConvertibleToFloat"
    Type "None" is not assignable to type "ConvertibleToFloat"
      "None" is not assignable to "str"
      "None" is incompatible with protocol "Buffer"
        "__buffer__" is not present
      "None" is incompatible with protocol "SupportsFloat"
        "__float__" is not present
      "None" is incompatible with protocol "SupportsIndex"
  ...
  Line 224  [ERROR] Argument of type "Any | None" cannot be assigned to parameter "x" of type "ConvertibleToInt" in function "__new__"
  Type "Any | None" is not assignable to type "ConvertibleToInt"
    Type "None" is not assignable to type "ConvertibleToInt"
      "None" is not assignable to "str"
      "None" is incompatible with protocol "Buffer"
        "__buffer__" is not present
      "None" is incompatible with protocol "SupportsInt"
        "__int__" is not present
      "None" is incompatible with protocol "SupportsIndex"
  Line 224  [ERROR] Argument of type "Any | None" cannot be assigned to parameter "x" of type "ConvertibleToInt" in function "__new__"
  Type "Any | None" is not assignable to type "ConvertibleToInt"
    Type "None" is not assignable to type "ConvertibleToInt"
      "None" is not assignable to "str"
      "None" is incompatible with protocol "Buffer"
        "__buffer__" is not present
      "None" is incompatible with protocol "SupportsInt"
        "__int__" is not present
      "None" is incompatible with protocol "SupportsIndex"
  ...
  Line 239  [ERROR] Argument of type "Any | None" cannot be assigned to parameter "x" of type "ConvertibleToInt" in function "__new__"
  Type "Any | None" is not assignable to type "ConvertibleToInt"
    Type "None" is not assignable to type "ConvertibleToInt"
      "None" is not assignable to "str"
      "None" is incompatible with protocol "Buffer"
        "__buffer__" is not present
      "None" is incompatible with protocol "SupportsInt"
        "__int__" is not present
      "None" is incompatible with protocol "SupportsIndex"
  Line 239  [ERROR] Argument of type "Any | None" cannot be assigned to parameter "x" of type "ConvertibleToInt" in function "__new__"
  Type "Any | None" is not assignable to type "ConvertibleToInt"
    Type "None" is not assignable to type "ConvertibleToInt"
      "None" is not assignable to "str"
      "None" is incompatible with protocol "Buffer"
        "__buffer__" is not present
      "None" is incompatible with protocol "SupportsInt"
        "__int__" is not present
      "None" is incompatible with protocol "SupportsIndex"
  ...

[/app/tests/commands/test_settings_cmds.py] — 12 issue(s):
  Line 2    [ERROR] Import "pytest" could not be resolved
  Line 5    [ERROR] Import "discord" could not be resolved
  Line 6    [ERROR] Import "sqlalchemy.ext.asyncio" could not be resolved
  Line 14   [ERROR] "commands" is not defined
  Line 15   [ERROR] "Optional" is not defined
  Line 100  [ERROR] "cast" is not defined
  Line 128  [ERROR] "cast" is not defined
  Line 154  [ERROR] "cast" is not defined
  Line 175  [ERROR] "cast" is not defined
  Line 200  [ERROR] "cast" is not defined
  Line 201  [ERROR] "cast" is not defined
  Line 225  [ERROR] "cast" is not defined

[/app/tests/game/ai/test_npc_ai_systems.py] — 12 issue(s):
  Line 77   [ERROR] Import "pydantic" could not be resolved
  Line 100  [ERROR] Cannot assign to attribute "name" for class "MockNPC*"
  "str" is not assignable to "property"
  Line 113  [ERROR] "action_type" is not a known attribute of "None"
  Line 114  [ERROR] "actor_id" is not a known attribute of "None"
  Line 115  [ERROR] "guild_id" is not a known attribute of "None"
  Line 145  [ERROR] "action_type" is not a known attribute of "None"
  Line 146  [ERROR] "actor_id" is not a known attribute of "None"
  Line 147  [ERROR] "guild_id" is not a known attribute of "None"
  Line 148  [ERROR] "action_data" is not a known attribute of "None"
  Line 149  [ERROR] "action_data" is not a known attribute of "None"
  Line 173  [ERROR] "action_type" is not a known attribute of "None"
  Line 174  [ERROR] "actor_id" is not a known attribute of "None"

[/app/tests/game/commands/test_game_setup_cmds.py] — 12 issue(s):
  Line 12   [ERROR] Import "sqlalchemy.ext.asyncio" could not be resolved
  Line 63   [ERROR] "LocationManager" is not defined
  Line 100  [ERROR] Cannot access attribute "callback" for class "MethodType"
  Attribute "callback" is unknown
  Line 131  [ERROR] "player_lang" is not defined
  Line 132  [ERROR] "player_lang" is not defined
  Line 140  [ERROR] "player_lang" is not defined
  Line 140  [ERROR] Cannot access attribute "callback" for class "MethodType"
  Attribute "callback" is unknown
  Line 153  [ERROR] "player_lang" is not defined
  Line 159  [ERROR] "player_lang" is not defined
  Line 160  [ERROR] "player_lang" is not defined
  Line 172  [ERROR] Cannot access attribute "callback" for class "MethodType"
  Attribute "callback" is unknown
  Line 187  [ERROR] Cannot access attribute "callback" for class "MethodType"
  Attribute "callback" is unknown

[/app/tests/nlu/test_player_action_parser.py] — 12 issue(s):
  Line 1    [ERROR] Import "pytest" could not be resolved
  Line 4    [ERROR] Import "spacy" could not be resolved
  Line 138  [ERROR] "nlp_en" is not defined
  Line 139  [ERROR] "nlp_en" is not defined
  Line 152  [ERROR] Could not access item in TypedDict
  "id" is not a required key in "PlayerActionEntity", so access may result in runtime exception
  Line 153  [ERROR] Could not access item in TypedDict
  "type" is not a required key in "PlayerActionEntity", so access may result in runtime exception
  Line 154  [ERROR] Could not access item in TypedDict
  "id" is not a required key in "PlayerActionEntity", so access may result in runtime exception
  Line 154  [ERROR] Object of type "None" is not subscriptable
  Line 176  [ERROR] "nlp_en" is not defined
  Line 187  [ERROR] Could not access item in TypedDict
  "id" is not a required key in "PlayerActionEntity", so access may result in runtime exception
  Line 188  [ERROR] Could not access item in TypedDict
  "id" is not a required key in "PlayerActionEntity", so access may result in runtime exception
  Line 188  [ERROR] Object of type "None" is not subscriptable

[/app/bot/command_modules/guild_config_cmds.py] — 11 issue(s):
  Line 3    [ERROR] Import "discord" could not be resolved
  Line 4    [ERROR] Import "discord" could not be resolved
  Line 5    [ERROR] Import "discord.ext" could not be resolved
  Line 10   [ERROR] Import "sqlalchemy.future" could not be resolved
  Line 21   [ERROR] "RPGBot" is not defined
  Line 25   [ERROR] "Optional" is not defined
  Line 30   [ERROR] "Optional" is not defined
  Line 50   [ERROR] Try statement must have at least one except or finally clause
  Line 78   [ERROR] Expected expression
  Line 79   [ERROR] "e" is not defined
  Line 79   [ERROR] Unexpected indentation

[/app/bot/command_modules/party_cmds.py] — 11 issue(s):
  Line 1    [ERROR] Import "discord" could not be resolved
  Line 3    [ERROR] Import "discord" could not be resolved
  Line 4    [ERROR] Import "discord.ext" could not be resolved
  Line 14   [ERROR] Import "bot.database.models.player" could not be resolved
  Line 15   [ERROR] Import "bot.database.models.party" could not be resolved
  Line 36   [ERROR] Incorrect keyword arguments for __init_subclass__ method
  Line 36   [ERROR] No parameter named "name"
  Line 287  [ERROR] "Location" is not awaitable
  "Location" is incompatible with protocol "Awaitable[_T_co@Awaitable]"
    "__await__" is not present
  Line 287  [ERROR] "None" is not awaitable
  "None" is incompatible with protocol "Awaitable[_T_co@Awaitable]"
    "__await__" is not present
  Line 292  [ERROR] "Location" is not awaitable
  "Location" is incompatible with protocol "Awaitable[_T_co@Awaitable]"
    "__await__" is not present
  Line 292  [ERROR] "None" is not awaitable
  "None" is incompatible with protocol "Awaitable[_T_co@Awaitable]"
    "__await__" is not present

[/app/bot/database/guild_transaction.py] — 11 issue(s):
  Line 3    [ERROR] Import "sqlalchemy.ext.asyncio" could not be resolved
  Line 4    [ERROR] Import "sqlalchemy.orm" could not be resolved
  Line 50   [ERROR] Object of type "object" is not callable
  Attribute "__call__" is unknown
  Line 68   [ERROR] "info" is not a known attribute of "None"
  Line 69   [ERROR] "info" is not a known attribute of "None"
  Line 75   [ERROR] "in_transaction" is not a known attribute of "None"
  Line 77   [ERROR] "begin_nested" is not a known attribute of "None"
  Line 80   [ERROR] "begin" is not a known attribute of "None"
  Line 88   [ERROR] "dirty" is not a known attribute of "None"
  Line 94   [ERROR] "new" is not a known attribute of "None"
  Line 97   [ERROR] "info" is not a known attribute of "None"

[/app/bot/game/managers/spell_manager.py] — 11 issue(s):
  Line 7    [ERROR] Import "sqlalchemy.ext.asyncio" could not be resolved
  Line 54   [ERROR] Cannot access attribute "model_validate" for class "type[Spell]"
  Attribute "model_validate" is unknown
  Line 146  [ERROR] "Character" is not awaitable
  "Character" is incompatible with protocol "Awaitable[_T_co@Awaitable]"
    "__await__" is not present
  Line 146  [ERROR] "None" is not awaitable
  "None" is incompatible with protocol "Awaitable[_T_co@Awaitable]"
    "__await__" is not present
  Line 153  [ERROR] "object" is not awaitable
  "object" is incompatible with protocol "Awaitable[_T_co@Awaitable]"
    "__await__" is not present
  Line 166  [ERROR] "None" is not awaitable
  "None" is incompatible with protocol "Awaitable[_T_co@Awaitable]"
    "__await__" is not present
  Line 181  [ERROR] "Character" is not awaitable
  "Character" is incompatible with protocol "Awaitable[_T_co@Awaitable]"
    "__await__" is not present
  Line 181  [ERROR] "None" is not awaitable
  "None" is incompatible with protocol "Awaitable[_T_co@Awaitable]"
    "__await__" is not present
  Line 202  [ERROR] "None" is not awaitable
  "None" is incompatible with protocol "Awaitable[_T_co@Awaitable]"
    "__await__" is not present
  Line 224  [ERROR] "None" is not awaitable
  "None" is incompatible with protocol "Awaitable[_T_co@Awaitable]"
    "__await__" is not present
  Line 232  [ERROR] "object" is not awaitable
  "object" is incompatible with protocol "Awaitable[_T_co@Awaitable]"
    "__await__" is not present

[/app/bot/game/managers/undo_manager.py] — 11 issue(s):
  Line 208  [ERROR] Cannot access attribute "revert_location_change" for class "CharacterManager"
  Attribute "revert_location_change" is unknown
  Line 219  [ERROR] Cannot access attribute "revert_hp_change" for class "CharacterManager"
  Attribute "revert_hp_change" is unknown
  Line 229  [ERROR] Cannot access attribute "revert_stat_changes" for class "CharacterManager"
  Attribute "revert_stat_changes" is unknown
  Line 238  [ERROR] Cannot access attribute "revert_inventory_changes" for class "CharacterManager"
  Attribute "revert_inventory_changes" is unknown
  Line 248  [ERROR] Cannot access attribute "revert_status_effect_change" for class "CharacterManager"
  Attribute "revert_status_effect_change" is unknown
  Line 263  [ERROR] Cannot access attribute "revert_hp_change" for class "CharacterManager"
  Attribute "revert_hp_change" is unknown
  Line 296  [ERROR] Cannot access attribute "revert_hp_change" for class "CharacterManager"
  Attribute "revert_hp_change" is unknown
  Line 306  [ERROR] Cannot access attribute "revert_xp_change" for class "CharacterManager"
  Attribute "revert_xp_change" is unknown
  Line 316  [ERROR] Cannot access attribute "revert_quest_progress_update" for class "QuestManager"
  Attribute "revert_quest_progress_update" is unknown
  Line 326  [ERROR] Cannot access attribute "revert_quest_start" for class "QuestManager"
  Attribute "revert_quest_start" is unknown
  Line 336  [ERROR] Cannot access attribute "revert_quest_status_change" for class "QuestManager"
  Attribute "revert_quest_status_change" is unknown

[/app/bot/game/services/location_interaction_service.py] — 11 issue(s):
  Line 5    [ERROR] Import "sqlalchemy.ext.asyncio" could not be resolved
  Line 23   [ERROR] Import "bot.game.check_framework.check_resolver" could not be resolved
  Line 25   [ERROR] "LocationInteractionRule" is unknown import symbol
  Line 84   [ERROR] Type "(m: str) -> None" is not assignable to declared type "SendToChannelCallback"
  Type "(m: str) -> None" is not assignable to type "SendToChannelCallback"
    Function return type "None" is incompatible with type "Awaitable[Any]"
      "None" is incompatible with protocol "Awaitable[Any]"
        "__await__" is not present
  Line 111  [ERROR] Cannot access attribute "give_item_to_character_by_template_id" for class "InventoryManager"
  Attribute "give_item_to_character_by_template_id" is unknown
  Line 138  [ERROR] Cannot access attribute "apply_status_effect" for class "StatusManager"
  Attribute "apply_status_effect" is unknown
  Line 171  [ERROR] Cannot access attribute "get_rules_config" for class "RuleEngine"
  Attribute "get_rules_config" is unknown
  Line 188  [ERROR] "DEFAULT_BOT_LANGUAGE" is not defined
  Line 214  [ERROR] Cannot access attribute "character_has_item_template" for class "InventoryManager"
  Attribute "character_has_item_template" is unknown
  Line 222  [ERROR] Cannot access attribute "send_character_feedback" for class "NotificationService"
  Attribute "send_character_feedback" is unknown
  Line 233  [ERROR] Type "tuple[Literal[True], str | Unknown | None]" is not assignable to return type "Tuple[bool, str]"
  Type "str | Unknown | None" is not assignable to type "str"
    "None" is not assignable to "str"

[/app/tests/api/routers/test_item_router.py] — 11 issue(s):
  Line 1    [ERROR] Import "pytest" could not be resolved
  Line 6    [ERROR] Import "fastapi" could not be resolved
  Line 7    [ERROR] Import "sqlalchemy.exc" could not be resolved
  Line 8    [ERROR] Import "sqlalchemy.orm" could not be resolved
  Line 77   [ERROR] No parameter named "guild_id"
  Line 93   [ERROR] No parameter named "guild_id"
  Line 106  [ERROR] No parameter named "guild_id"
  Line 165  [ERROR] No parameter named "guild_id"
  Line 178  [ERROR] No parameter named "guild_id"
  Line 189  [ERROR] No parameter named "guild_id"
  Line 199  [ERROR] No parameter named "guild_id"

[/app/tests/game/managers/test_relationship_manager_updates.py] — 11 issue(s):
  Line 1    [ERROR] Import "pytest" could not be resolved
  Line 103  [ERROR] Argument of type "MockDBService" cannot be assigned to parameter "db_service" of type "DBService | None" in function "__init__"
  Type "MockDBService" is not assignable to type "DBService | None"
    "MockDBService" is not assignable to "DBService"
    "MockDBService" is not assignable to "None"
  Line 103  [ERROR] Argument of type "MockRuleEngine" cannot be assigned to parameter "rule_engine" of type "RuleEngine | None" in function "__init__"
  Type "MockRuleEngine" is not assignable to type "RuleEngine | None"
    "MockRuleEngine" is not assignable to "RuleEngine"
    "MockRuleEngine" is not assignable to "None"
  Line 133  [ERROR] Argument of type "MockRuleEngine" cannot be assigned to parameter "rule_engine" of type "RuleEngine" in function "update_relationship"
  "MockRuleEngine" is not assignable to "RuleEngine"
  Line 134  [ERROR] Argument of type "MockGameLogManager" cannot be assigned to parameter "game_log_manager" of type "GameLogManager" in function "update_relationship"
  "MockGameLogManager" is not assignable to "GameLogManager"
  Line 217  [ERROR] Argument of type "MockRuleEngine" cannot be assigned to parameter "rule_engine" of type "RuleEngine" in function "update_relationship"
  "MockRuleEngine" is not assignable to "RuleEngine"
  Line 218  [ERROR] Argument of type "MockGameLogManager" cannot be assigned to parameter "game_log_manager" of type "GameLogManager" in function "update_relationship"
  "MockGameLogManager" is not assignable to "GameLogManager"
  Line 259  [ERROR] Argument of type "MockRuleEngine" cannot be assigned to parameter "rule_engine" of type "RuleEngine" in function "update_relationship"
  "MockRuleEngine" is not assignable to "RuleEngine"
  Line 260  [ERROR] Argument of type "MockGameLogManager" cannot be assigned to parameter "game_log_manager" of type "GameLogManager" in function "update_relationship"
  "MockGameLogManager" is not assignable to "GameLogManager"
  Line 278  [ERROR] Argument of type "MockRuleEngine" cannot be assigned to parameter "rule_engine" of type "RuleEngine" in function "update_relationship"
  "MockRuleEngine" is not assignable to "RuleEngine"
  Line 279  [ERROR] Argument of type "MockGameLogManager" cannot be assigned to parameter "game_log_manager" of type "GameLogManager" in function "update_relationship"
  "MockGameLogManager" is not assignable to "GameLogManager"

[/app/tests/rules/test_rule_engine.py] — 11 issue(s):
  Line 9    [ERROR] Class declaration "TestRuleEngineResolveCheck" is obscured by a declaration of the same name
  Line 267  [ERROR] Cannot access attribute "rule_engine" for class "TestRuleEngineResolveCheck*"
  Attribute "rule_engine" is unknown
  Line 271  [ERROR] Argument of type "Literal[0]" cannot be assigned to parameter "base_die_override" of type "str | None" in function "perform_check"
  Type "Literal[0]" is not assignable to type "str | None"
    "Literal[0]" is not assignable to "str"
    "Literal[0]" is not assignable to "None"
  Line 278  [ERROR] Cannot access attribute "rule_engine" for class "TestRuleEngineResolveCheck*"
  Attribute "rule_engine" is unknown
  Line 282  [ERROR] Argument of type "Literal[0]" cannot be assigned to parameter "base_die_override" of type "str | None" in function "perform_check"
  Type "Literal[0]" is not assignable to type "str | None"
    "Literal[0]" is not assignable to "str"
    "Literal[0]" is not assignable to "None"
  Line 292  [ERROR] Cannot access attribute "rule_engine" for class "TestRuleEngineResolveCheck*"
  Attribute "rule_engine" is unknown
  Line 306  [ERROR] Cannot access attribute "rule_engine" for class "TestRuleEngineResolveCheck*"
  Attribute "rule_engine" is unknown
  Line 316  [ERROR] Argument of type "Literal[0]" cannot be assigned to parameter "base_die_override" of type "str | None" in function "perform_check"
  Type "Literal[0]" is not assignable to type "str | None"
    "Literal[0]" is not assignable to "str"
    "Literal[0]" is not assignable to "None"
  Line 316  [ERROR] Cannot access attribute "rule_engine" for class "TestRuleEngineResolveCheck*"
  Attribute "rule_engine" is unknown
  Line 325  [ERROR] Argument of type "Literal[2]" cannot be assigned to parameter "base_die_override" of type "str | None" in function "perform_check"
  Type "Literal[2]" is not assignable to type "str | None"
    "Literal[2]" is not assignable to "str"
    "Literal[2]" is not assignable to "None"
  Line 325  [ERROR] Cannot access attribute "rule_engine" for class "TestRuleEngineResolveCheck*"
  Attribute "rule_engine" is unknown

[/app/bot/bot_core.py] — 10 issue(s):
  Line 7    [ERROR] Import "discord" could not be resolved
  Line 14   [ERROR] Import "discord.ext" could not be resolved
  Line 15   [ERROR] Import "discord" could not be resolved
  Line 16   [ERROR] Import "dotenv" could not be resolved
  Line 26   [ERROR] Import "sqlalchemy.ext.asyncio" could not be resolved
  Line 27   [ERROR] Import "sqlalchemy.exc" could not be resolved
  Line 188  [ERROR] Import "sqlalchemy.future" could not be resolved
  Line 190  [ERROR] Import "sqlalchemy.exc" could not be resolved
  Line 219  [ERROR] "SQLAlchemyIntegrityError" is possibly unbound
  Line 434  [ERROR] Cannot access attribute "get_game_channel_ids" for class "GameManager"
  Attribute "get_game_channel_ids" is unknown

[/app/bot/command_modules/settings_cmds.py] — 10 issue(s):
  Line 1    [ERROR] Import "discord" could not be resolved
  Line 2    [ERROR] Import "discord" could not be resolved
  Line 3    [ERROR] Import "discord.ext" could not be resolved
  Line 7    [ERROR] Import "sqlalchemy.future" could not be resolved
  Line 24   [ERROR] Incorrect keyword arguments for __init_subclass__ method
  Line 24   [ERROR] No parameter named "name"
  Line 92   [ERROR] Type "Character | None" is not assignable to declared type "Player | None"
  Type "Character | None" is not assignable to type "Player | None"
    Type "Character" is not assignable to type "Player | None"
      "Character" is not assignable to "Player"
      "Character" is not assignable to "None"
  Line 93   [ERROR] Argument of type "str" cannot be assigned to parameter "discord_id" of type "int" in function "get_player_by_discord_id"
  "str" is not assignable to "int"
  Line 101  [ERROR] Argument missing for parameter "guild_id"
  Line 105  [ERROR] No parameter named "guild_id_str"

[/app/bot/game/managers/ability_manager.py] — 10 issue(s):
  Line 8    [ERROR] Import "sqlalchemy.ext.asyncio" could not be resolved
  Line 9    [ERROR] Import "sqlalchemy.future" could not be resolved
  Line 121  [ERROR] Cannot access attribute "execute" for class "object"
  Attribute "execute" is unknown
  Line 129  [ERROR] Cannot access attribute "execute" for class "object"
  Attribute "execute" is unknown
  Line 144  [ERROR] No parameter named "effect_i18n"
  Line 145  [ERROR] No parameter named "cost"
  Line 212  [ERROR] Cannot access attribute "check_ability_learning_requirements" for class "RuleEngine"
  Attribute "check_ability_learning_requirements" is unknown
  Line 228  [ERROR] "None" is not awaitable
  "None" is incompatible with protocol "Awaitable[_T_co@Awaitable]"
    "__await__" is not present
  Line 277  [ERROR] "None" is not awaitable
  "None" is incompatible with protocol "Awaitable[_T_co@Awaitable]"
    "__await__" is not present
  Line 291  [ERROR] "None" is not awaitable
  "None" is incompatible with protocol "Awaitable[_T_co@Awaitable]"
    "__await__" is not present

[/app/bot/nlu/player_action_parser.py] — 10 issue(s):
  Line 4    [ERROR] Import "spacy" could not be resolved
  Line 5    [ERROR] Import "spacy.matcher" could not be resolved
  Line 146  [ERROR] Type "Dict[str, List[GameEntity]]" is not assignable to declared type "Dict[str, List[Dict[str, Any]]]"
  "Dict[str, List[GameEntity]]" is not assignable to "Dict[str, List[Dict[str, Any]]]"
    Type parameter "_VT@dict" is invariant, but "List[GameEntity]" is not the same as "List[Dict[str, Any]]"
    Consider switching from "dict" to "Mapping" which is covariant in the value type
  Line 167  [ERROR] Could not assign item in TypedDict
  "List[Dict[str, Any]]" is not assignable to "List[PlayerActionEntity]"
    Type parameter "_T@list" is invariant, but "Dict[str, Any]" is not the same as "PlayerActionEntity"
    Consider switching from "list" to "Sequence" which is covariant
  Line 183  [ERROR] Could not assign item in TypedDict
  "list[Dict[str, Any]]" is not assignable to "List[PlayerActionEntity]"
    Type parameter "_T@list" is invariant, but "Dict[str, Any]" is not the same as "PlayerActionEntity"
    Consider switching from "list" to "Sequence" which is covariant
  Line 262  [ERROR] Could not assign item in TypedDict
  Type "Dict[str, Any]" is not assignable to type "PlayerActionEntity | None"
    "Dict[str, Any]" is not assignable to "PlayerActionEntity"
    "Dict[str, Any]" is not assignable to "None"
  Line 295  [ERROR] Could not assign item in TypedDict
  Type "Dict[str, Any]" is not assignable to type "PlayerActionEntity | None"
    "Dict[str, Any]" is not assignable to "PlayerActionEntity"
    "Dict[str, Any]" is not assignable to "None"
  Line 313  [ERROR] No parameter named "message_key"
  Line 314  [ERROR] No parameter named "message_params"
  Line 325  [ERROR] Argument missing for parameter "db_service"

[/app/tests/game/character_processors/test_character_action_processor.py] — 10 issue(s):
  Line 45   [ERROR] Arguments missing for parameters "discord_user_id", "name_i18n"
  Line 45   [ERROR] No parameter named "current_health"
  Line 45   [ERROR] No parameter named "name"
  Line 46   [ERROR] No parameter named "inventory_json"
  Line 46   [ERROR] No parameter named "stats_json"
  Line 47   [ERROR] No parameter named "equipment_json"
  Line 48   [ERROR] No parameter named "discord_channel_id"
  Line 62   [ERROR] "inventory" overrides symbol of same name in class "Character"
  "property" is not assignable to "List[Dict[str, Any]]"
  Line 150  [ERROR] Argument of type "dict[Any, Any]" cannot be assigned to parameter "context_channel_id" of type "int | None" in function "handle_explore_action"
  Type "dict[Any, Any]" is not assignable to type "int | None"
    "dict[Any, Any]" is not assignable to "int"
    "dict[Any, Any]" is not assignable to "None"
  Line 161  [ERROR] Argument of type "dict[Any, Any]" cannot be assigned to parameter "context_channel_id" of type "int | None" in function "handle_explore_action"
  Type "dict[Any, Any]" is not assignable to type "int | None"
    "dict[Any, Any]" is not assignable to "int"
    "dict[Any, Any]" is not assignable to "None"

[/app/bot/ai/generation_manager.py] — 9 issue(s):
  Line 9    [ERROR] Import "sqlalchemy.orm.attributes" could not be resolved
  Line 15   [ERROR] Import "sqlalchemy.future" could not be resolved
  Line 16   [ERROR] Import "sqlalchemy.ext.asyncio" could not be resolved
  Line 26   [ERROR] Import "bot.database.models.guild_config" could not be resolved
  Line 46   [ERROR] Expected 0 positional arguments
  Line 79   [ERROR] "object" is not awaitable
  "object" is incompatible with protocol "Awaitable[_T_co@Awaitable]"
    "__await__" is not present
  Line 110  [ERROR] "object" is not awaitable
  "object" is incompatible with protocol "Awaitable[_T_co@Awaitable]"
    "__await__" is not present
  Line 195  [ERROR] "add" is not a known attribute of "None"
  Line 195  [ERROR] "flush" is not a known attribute of "None"

[/app/bot/api/routers/character.py] — 9 issue(s):
  Line 2    [ERROR] Import "fastapi" could not be resolved
  Line 3    [ERROR] Import "sqlalchemy.ext.asyncio" could not be resolved
  Line 4    [ERROR] Import "sqlalchemy.future" could not be resolved
  Line 5    [ERROR] Import "sqlalchemy.exc" could not be resolved
  Line 10   [ERROR] Import "fastapi" could not be resolved
  Line 11   [ERROR] Import "sqlalchemy.ext.asyncio" could not be resolved
  Line 12   [ERROR] Import "sqlalchemy.future" could not be resolved
  Line 13   [ERROR] Import "sqlalchemy.exc" could not be resolved
  Line 32   [ERROR] Import "pydantic" could not be resolved

[/app/bot/api/routers/combat.py] — 9 issue(s):
  Line 2    [ERROR] Import "fastapi" could not be resolved
  Line 3    [ERROR] Import "sqlalchemy.ext.asyncio" could not be resolved
  Line 4    [ERROR] Import "sqlalchemy.future" could not be resolved
  Line 5    [ERROR] Import "sqlalchemy.orm" could not be resolved
  Line 38   [ERROR] "Tuple" is not defined
  Line 101  [ERROR] Import "sqlalchemy.orm.attributes" could not be resolved
  Line 112  [ERROR] Import "sqlalchemy.orm.attributes" could not be resolved
  Line 163  [ERROR] "json" is not defined
  Line 164  [ERROR] "json" is not defined

[/app/bot/database/crud_utils.py] — 9 issue(s):
  Line 8    [ERROR] Import "sqlalchemy.ext.asyncio" could not be resolved
  Line 9    [ERROR] Import "sqlalchemy.future" could not be resolved
  Line 10   [ERROR] Import "sqlalchemy.exc" could not be resolved
  Line 11   [ERROR] Import "sqlalchemy.orm" could not be resolved
  Line 49   [ERROR] "in_transaction" is not a known attribute of "None"
  Line 50   [ERROR] "begin" is not a known attribute of "None"
  Line 55   [ERROR] Type "_Wrapped[..., Coroutine[Any, Any, Any], ..., CoroutineType[Any, Any, Any]]" is not assignable to return type "F@decorator"
  Type "_Wrapped[..., Coroutine[Any, Any, Any], ..., CoroutineType[Any, Any, Any]]" is not assignable to type "F@decorator"
  Line 256  [WARNING] TypeVar "ModelType" appears only once in generic function signature
  Use "Any" instead
  Line 332  [ERROR] Argument of type "(session_factory: Any, guild_id: str) -> CoroutineType[Any, Any, None]" cannot be assigned to parameter "func" of type "(**_P@asynccontextmanager) -> AsyncIterator[_T_co@asynccontextmanager]" in function "asynccontextmanager"
  Type "(session_factory: Any, guild_id: str) -> CoroutineType[Any, Any, None]" is not assignable to type "(**_P@asynccontextmanager) -> AsyncIterator[_T_co@asynccontextmanager]"
    Function return type "CoroutineType[Any, Any, None]" is incompatible with type "AsyncIterator[_T_co@asynccontextmanager]"
      "CoroutineType[Any, Any, None]" is incompatible with protocol "AsyncIterator[_T_co@asynccontextmanager]"
        "__anext__" is not present
        "__aiter__" is not present

[/app/bot/game/managers/character_manager.py] — 9 issue(s):
  Line 12   [ERROR] Import "pydantic" could not be resolved
  Line 14   [ERROR] Import "sqlalchemy.ext.asyncio" could not be resolved
  Line 15   [ERROR] Import "sqlalchemy.future" could not be resolved
  Line 16   [ERROR] Import "sqlalchemy.orm.attributes" could not be resolved
  Line 33   [ERROR] "NPCManager" is unknown import symbol
  Line 111  [ERROR] Argument of type "Character" cannot be assigned to parameter "entity" of type "Player | NPC | Character" in function "calculate_effective_stats"
  Type "Character" is not assignable to type "Player | NPC | Character"
    "Character" is not assignable to "Player"
    "Character" is not assignable to "NPC"
    "bot.game.models.character.Character" is not assignable to "bot.database.models.character_related.Character"
  Line 214  [ERROR] Cannot access attribute "get_base_stats_for_new_character" for class "RuleEngine"
  Attribute "get_base_stats_for_new_character" is unknown
  Line 219  [ERROR] Cannot access attribute "get_default_starting_location" for class "LocationManager"
  Attribute "get_default_starting_location" is unknown
  Line 329  [ERROR] Import "sqlalchemy" could not be resolved

[/app/bot/game/managers/faction_manager.py] — 9 issue(s):
  Line 5    [ERROR] Import "sqlalchemy.ext.asyncio" could not be resolved
  Line 64   [ERROR] Cannot access attribute "prepare_faction_generation_prompt" for class "MultilingualPromptGenerator"
  Attribute "prepare_faction_generation_prompt" is unknown
  Line 74   [ERROR] Cannot access attribute "get_completion" for class "OpenAIService"
  Attribute "get_completion" is unknown
  Line 82   [ERROR] Cannot access attribute "parse_and_validate_faction_generation_response" for class "AIResponseValidator"
  Attribute "parse_and_validate_faction_generation_response" is unknown
  Line 117  [ERROR] Cannot access attribute "add" for class "object"
  Attribute "add" is unknown
  Line 122  [ERROR] Cannot access attribute "commit" for class "object"
  Attribute "commit" is unknown
  Line 126  [ERROR] Cannot access attribute "refresh" for class "object"
  Attribute "refresh" is unknown
  Line 135  [ERROR] Cannot access attribute "is_active" for class "object"
  Attribute "is_active" is unknown
  Line 136  [ERROR] Cannot access attribute "rollback" for class "object"
  Attribute "rollback" is unknown

[/app/tests/api/routers/test_inventory_router.py] — 9 issue(s):
  Line 1    [ERROR] Import "pytest" could not be resolved
  Line 6    [ERROR] Import "fastapi" could not be resolved
  Line 7    [ERROR] Import "sqlalchemy.exc" could not be resolved
  Line 59   [ERROR] Cannot access attribute "assert_called_once_with" for class "FunctionType"
  Attribute "assert_called_once_with" is unknown
  Line 60   [ERROR] Cannot access attribute "assert_called_once_with" for class "FunctionType"
  Attribute "assert_called_once_with" is unknown
  Line 72   [ERROR] Cannot access attribute "assert_not_called" for class "FunctionType"
  Attribute "assert_not_called" is unknown
  Line 92   [ERROR] Cannot access attribute "assert_called_once_with" for class "FunctionType"
  Attribute "assert_called_once_with" is unknown
  Line 131  [ERROR] Cannot access attribute "assert_called_once" for class "FunctionType"
  Attribute "assert_called_once" is unknown
  Line 146  [ERROR] Cannot access attribute "assert_called_once" for class "FunctionType"
  Attribute "assert_called_once" is unknown

[/app/tests/game/ai/test_npc_combat_ai.py] — 9 issue(s):
  Line 24   [ERROR] Arguments missing for parameters "discord_user_id", "name_i18n"
  Line 24   [ERROR] No parameter named "name"
  Line 25   [ERROR] Arguments missing for parameters "discord_user_id", "name_i18n"
  Line 25   [ERROR] No parameter named "name"
  Line 121  [ERROR] "hp" is not a known attribute of "None"
  Line 130  [ERROR] Argument of type "list[Character]" cannot be assigned to parameter "potential_targets" of type "List[Character | NPC]" in function "get_npc_combat_action"
  "list[Character]" is not assignable to "List[Character | NPC]"
    Type parameter "_T@list" is invariant, but "Character" is not the same as "Character | NPC"
    Consider switching from "list" to "Sequence" which is covariant
  Line 139  [ERROR] "hp" is not a known attribute of "None"
  Line 147  [ERROR] Argument of type "list[Character]" cannot be assigned to parameter "potential_targets" of type "List[Character | NPC]" in function "get_npc_combat_action"
  "list[Character]" is not assignable to "List[Character | NPC]"
    Type parameter "_T@list" is invariant, but "Character" is not the same as "Character | NPC"
    Consider switching from "list" to "Sequence" which is covariant
  Line 164  [ERROR] Argument of type "list[Character]" cannot be assigned to parameter "potential_targets" of type "List[Character | NPC]" in function "get_npc_combat_action"
  "list[Character]" is not assignable to "List[Character | NPC]"
    Type parameter "_T@list" is invariant, but "Character" is not the same as "Character | NPC"
    Consider switching from "list" to "Sequence" which is covariant

[/app/tests/game/managers/test_character_manager.py] — 9 issue(s):
  Line 6    [ERROR] Import "sqlalchemy.ext.asyncio" could not be resolved
  Line 137  [ERROR] "name" is not a known attribute of "None"
  Line 138  [ERROR] "name_i18n" is not a known attribute of "None"
  Line 139  [ERROR] "discord_user_id" is not a known attribute of "None"
  Line 140  [ERROR] "guild_id" is not a known attribute of "None"
  Line 141  [ERROR] "location_id" is not a known attribute of "None"
  Line 148  [ERROR] "id" is not a known attribute of "None"
  Line 267  [ERROR] Cannot access attribute "assert_called_once_with" for class "MethodType"
  Attribute "assert_called_once_with" is unknown
  Line 332  [ERROR] Cannot access attribute "equipment_slots_json" for class "Character"
  Attribute "equipment_slots_json" is unknown

[/app/tests/game/test_faction_integration.py] — 9 issue(s):
  Line 27   [ERROR] Import "pydantic" could not be resolved
  Line 44   [ERROR] Import "pydantic" could not be resolved
  Line 118  [ERROR] Argument missing for parameter "game_manager"
  Line 118  [ERROR] No parameter named "db_service"
  Line 118  [ERROR] No parameter named "settings"
  Line 145  [ERROR] "Any" cannot be instantiated
  Line 146  [ERROR] "Any" cannot be instantiated
  Line 174  [ERROR] Cannot access attribute "create_faction_from_ai" for class "FactionManager"
  Attribute "create_faction_from_ai" is unknown
  Line 207  [ERROR] Cannot access attribute "_dirty_factions" for class "FactionManager"
  Attribute "_dirty_factions" is unknown

[/app/bot/game/command_handlers/party_handler.py] — 8 issue(s):
  Line 9    [ERROR] Import "discord" could not be resolved
  Line 165  [ERROR] No parameter named "leader_id"
  Line 166  [ERROR] No parameter named "member_ids"
  Line 169  [ERROR] No parameter named "current_location_id"
  Line 249  [ERROR] Cannot access attribute "add_member_to_party" for class "PartyManager"
  Attribute "add_member_to_party" is unknown
  Line 312  [ERROR] Cannot access attribute "remove_member_from_party" for class "PartyManager"
  Attribute "remove_member_from_party" is unknown
  Line 365  [ERROR] Cannot access attribute "remove_party" for class "PartyManager"
  Attribute "remove_party" is unknown
  Line 408  [ERROR] Cannot access attribute "get_party_by_member_id" for class "PartyManager"
  Attribute "get_party_by_member_id" is unknown

[/app/bot/game/managers/game_log_manager.py] — 8 issue(s):
  Line 8    [ERROR] Import "asyncpg.exceptions" could not be resolved
  Line 9    [ERROR] Import "sqlalchemy.ext.asyncio" could not be resolved
  Line 10   [ERROR] Import "sqlalchemy" could not be resolved
  Line 78   [ERROR] Import "sqlalchemy.future" could not be resolved
  Line 89   [ERROR] Import "sqlalchemy.future" could not be resolved
  Line 91   [ERROR] Cannot access attribute "execute" for class "object"
  Attribute "execute" is unknown
  Line 102  [ERROR] Cannot access attribute "begin" for class "object"
  Attribute "begin" is unknown
  Line 104  [ERROR] Import "sqlalchemy.exc" could not be resolved

[/app/tests/cogs/test_master_commands.py] — 8 issue(s):
  Line 1    [ERROR] Import "pytest" could not be resolved
  Line 7    [ERROR] Import "discord" could not be resolved
  Line 8    [ERROR] Import "discord" could not be resolved
  Line 9    [ERROR] Import "discord.ext" could not be resolved
  Line 10   [ERROR] Import "sqlalchemy.ext.asyncio" could not be resolved
  Line 25   [ERROR] "asyncio" is not defined
  Line 30   [ERROR] "GameManager" is not defined
  Line 161  [ERROR] "logger" is not defined

[/app/tests/game/managers/test_global_npc_manager.py] — 8 issue(s):
  Line 64   [ERROR] "id" is not a known attribute of "None"
  Line 65   [ERROR] "name_i18n" is not a known attribute of "None"
  Line 78   [ERROR] "id" is not a known attribute of "None"
  Line 79   [ERROR] "guild_id" is not a known attribute of "None"
  Line 136  [ERROR] "name_i18n" is not a known attribute of "None"
  Line 137  [ERROR] "current_location_id" is not a known attribute of "None"
  Line 199  [ERROR] Object of type "None" is not subscriptable
  Line 234  [ERROR] Argument of type "dict[str, dict[str, str]]" cannot be assigned to parameter "exits" of type "List[Dict[str, Any]] | None" in function "__init__"
  Type "dict[str, dict[str, str]]" is not assignable to type "List[Dict[str, Any]] | None"
    "dict[str, dict[str, str]]" is not assignable to "List[Dict[str, Any]]"
    "dict[str, dict[str, str]]" is not assignable to "None"

[/app/tests/game/rules/test_rule_engine_relationship_influence.py] — 8 issue(s):
  Line 1    [ERROR] Import "pytest" could not be resolved
  Line 152  [ERROR] Argument of type "MockCharacterManager" cannot be assigned to parameter "character_manager" of type "CharacterManager | None" in function "__init__"
  Type "MockCharacterManager" is not assignable to type "CharacterManager | None"
    "MockCharacterManager" is not assignable to "CharacterManager"
    "MockCharacterManager" is not assignable to "None"
  Line 153  [ERROR] Argument of type "MockNpcManager" cannot be assigned to parameter "npc_manager" of type "NpcManager | None" in function "__init__"
  Type "MockNpcManager" is not assignable to type "NpcManager | None"
    "MockNpcManager" is not assignable to "NpcManager"
    "MockNpcManager" is not assignable to "None"
  Line 154  [ERROR] Argument of type "MockRelationshipManager" cannot be assigned to parameter "relationship_manager" of type "RelationshipManager | None" in function "__init__"
  Type "MockRelationshipManager" is not assignable to type "RelationshipManager | None"
    "MockRelationshipManager" is not assignable to "RelationshipManager"
    "MockRelationshipManager" is not assignable to "None"
  Line 155  [ERROR] Argument of type "MockDialogueManager" cannot be assigned to parameter "dialogue_manager" of type "DialogueManager | None" in function "__init__"
  Type "MockDialogueManager" is not assignable to type "DialogueManager | None"
    "MockDialogueManager" is not assignable to "DialogueManager"
    "MockDialogueManager" is not assignable to "None"
  Line 156  [ERROR] Argument of type "MockGameLogManager" cannot be assigned to parameter "game_log_manager" of type "GameLogManager | None" in function "__init__"
  Type "MockGameLogManager" is not assignable to type "GameLogManager | None"
    "MockGameLogManager" is not assignable to "GameLogManager"
    "MockGameLogManager" is not assignable to "None"
  Line 233  [ERROR] Cannot access attribute "_calculate_skill_check_dc_with_relationship_bonus" for class "RuleEngine"
  Attribute "_calculate_skill_check_dc_with_relationship_bonus" is unknown
  Line 382  [ERROR] Cannot assign to attribute "_calculate_skill_check_dc_with_relationship_bonus" for class "type[RuleEngine]"
  Attribute "_calculate_skill_check_dc_with_relationship_bonus" is unknown

[/app/bot/ai/ai_response_validator.py] — 7 issue(s):
  Line 3    [ERROR] Import "pydantic" could not be resolved
  Line 227  [ERROR] Cannot access attribute "NPC_PROFILE_GENERATION" for class "type[GenerationType]"
  Attribute "NPC_PROFILE_GENERATION" is unknown
  Line 228  [ERROR] Cannot access attribute "QUEST_GENERATION" for class "type[GenerationType]"
  Attribute "QUEST_GENERATION" is unknown
  Line 229  [ERROR] Cannot access attribute "ITEM_PROFILE_GENERATION" for class "type[GenerationType]"
  Attribute "ITEM_PROFILE_GENERATION" is unknown
  Line 271  [ERROR] Cannot access attribute "NPC_PROFILE_GENERATION" for class "type[GenerationType]"
  Attribute "NPC_PROFILE_GENERATION" is unknown
  Line 273  [ERROR] Cannot access attribute "QUEST_GENERATION" for class "type[GenerationType]"
  Attribute "QUEST_GENERATION" is unknown
  Line 277  [ERROR] Cannot access attribute "ITEM_PROFILE_GENERATION" for class "type[GenerationType]"
  Attribute "ITEM_PROFILE_GENERATION" is unknown

[/app/bot/ai/rules_schema.py] — 7 issue(s):
  Line 9    [ERROR] Import "pydantic" could not be resolved
  Line 275  [ERROR] Class declaration "ItemRarityDefinition" is obscured by a declaration of the same name
  Line 282  [ERROR] Class declaration "ItemTypeDefinition" is obscured by a declaration of the same name
  Line 289  [ERROR] Class declaration "ShopInventoryItemRule" is obscured by a declaration of the same name
  Line 296  [ERROR] Class declaration "ShopRestockRule" is obscured by a declaration of the same name
  Line 301  [ERROR] Class declaration "ShopTypeDefaultSettings" is obscured by a declaration of the same name
  Line 311  [ERROR] Class declaration "CoreGameRulesConfig" is obscured by a declaration of the same name

[/app/bot/api/routers/rule_config.py] — 7 issue(s):
  Line 2    [ERROR] Import "fastapi" could not be resolved
  Line 3    [ERROR] Import "sqlalchemy.ext.asyncio" could not be resolved
  Line 4    [ERROR] Import "sqlalchemy.future" could not be resolved
  Line 140  [ERROR] Try statement must have at least one except or finally clause
  Line 159  [ERROR] Expected expression
  Line 162  [ERROR] "e_update" is not defined
  Line 162  [ERROR] Unexpected indentation

[/app/bot/command_modules/character_cmds.py] — 7 issue(s):
  Line 4    [ERROR] Import "discord" could not be resolved
  Line 5    [ERROR] Import "discord" could not be resolved
  Line 6    [ERROR] Import "discord.ext" could not be resolved
  Line 68   [ERROR] Cannot access attribute "get_rules_data_for_guild" for class "RuleEngine"
  Attribute "get_rules_data_for_guild" is unknown
  Line 136  [ERROR] Cannot access attribute "send_notification" for class "NotificationService"
  Attribute "send_notification" is unknown
  Line 153  [ERROR] "Character" is not awaitable
  "Character" is incompatible with protocol "Awaitable[_T_co@Awaitable]"
    "__await__" is not present
  Line 153  [ERROR] "None" is not awaitable
  "None" is incompatible with protocol "Awaitable[_T_co@Awaitable]"
    "__await__" is not present

[/app/bot/game/conflict_resolver.py] — 7 issue(s):
  Line 39   [ERROR] "CoreGameRulesConfig" is not defined
  Line 317  [ERROR] "object" is not awaitable
  "object" is incompatible with protocol "Awaitable[_T_co@Awaitable]"
    "__await__" is not present
  Line 363  [ERROR] "CoreGameRulesConfig" is not defined
  Line 365  [ERROR] "ConflictResolutionRules" is unknown import symbol
  Line 380  [ERROR] Cannot access attribute "model_dump" for class "str"
  Attribute "model_dump" is unknown
  Line 421  [ERROR] "object" is not awaitable
  "object" is incompatible with protocol "Awaitable[_T_co@Awaitable]"
    "__await__" is not present
  Line 442  [ERROR] "object" is not awaitable
  "object" is incompatible with protocol "Awaitable[_T_co@Awaitable]"
    "__await__" is not present

[/app/bot/game/rules/action_processor.py] — 7 issue(s):
  Line 72   [ERROR] Cannot access attribute "get_location" for class "LocationManager"
  Attribute "get_location" is unknown
  Line 88   [ERROR] Cannot access attribute "get_active_events_in_location" for class "EventManager"
  Attribute "get_active_events_in_location" is unknown
  Line 98   [ERROR] Expected 5 positional arguments
  Line 115  [ERROR] Cannot access attribute "name" for class "Event"
  Attribute "name" is unknown
  Line 125  [ERROR] Cannot access attribute "get_exit_target" for class "LocationManager"
  Attribute "get_exit_target" is unknown
  Line 128  [ERROR] Cannot access attribute "find_location_by_name_or_id" for class "LocationManager"
  Attribute "find_location_by_name_or_id" is unknown
  Line 167  [ERROR] Cannot access attribute "perform_check" for class "RuleEngine"
  Attribute "perform_check" is unknown

[/app/bot/game/rules/resolvers/dialogue_resolver.py] — 7 issue(s):
  Line 39   [ERROR] Argument of type "Any | None" cannot be assigned to parameter "template_id" of type "str" in function "get_dialogue_template"
  Type "Any | None" is not assignable to type "str"
    "None" is not assignable to "str"
  Line 61   [ERROR] "Character" is not awaitable
  "Character" is incompatible with protocol "Awaitable[_T_co@Awaitable]"
    "__await__" is not present
  Line 61   [ERROR] "None" is not awaitable
  "None" is incompatible with protocol "Awaitable[_T_co@Awaitable]"
    "__await__" is not present
  Line 67   [ERROR] "None" is not awaitable
  "None" is incompatible with protocol "Awaitable[_T_co@Awaitable]"
    "__await__" is not present
  Line 157  [ERROR] "Character" is not awaitable
  "Character" is incompatible with protocol "Awaitable[_T_co@Awaitable]"
    "__await__" is not present
  Line 157  [ERROR] "None" is not awaitable
  "None" is incompatible with protocol "Awaitable[_T_co@Awaitable]"
    "__await__" is not present
  Line 167  [ERROR] "None" is not awaitable
  "None" is incompatible with protocol "Awaitable[_T_co@Awaitable]"
    "__await__" is not present

[/app/bot/persistence/pending_generation_crud.py] — 7 issue(s):
  Line 4    [ERROR] Import "sqlalchemy.ext.asyncio" could not be resolved
  Line 5    [ERROR] Import "sqlalchemy.future" could not be resolved
  Line 6    [ERROR] Import "sqlalchemy" could not be resolved
  Line 98   [ERROR] Argument of type "List[Dict[str, Any]]" cannot be assigned to parameter "value" of type "PendingStatus" in function "__setitem__"
  "List[Dict[str, Any]]" is not assignable to "PendingStatus"
  Line 102  [ERROR] Argument of type "Dict[str, Any]" cannot be assigned to parameter "value" of type "PendingStatus" in function "__setitem__"
  "Dict[str, Any]" is not assignable to "PendingStatus"
  Line 107  [ERROR] Argument of type "str" cannot be assigned to parameter "value" of type "PendingStatus" in function "__setitem__"
  "str" is not assignable to "PendingStatus"
  Line 110  [ERROR] Argument of type "str" cannot be assigned to parameter "value" of type "PendingStatus" in function "__setitem__"
  "str" is not assignable to "PendingStatus"

[/app/tests/game/managers/test_status_manager.py] — 7 issue(s):
  Line 1    [ERROR] Import "pytest" could not be resolved
  Line 16   [ERROR] Import "sqlalchemy.ext.asyncio" could not be resolved
  Line 133  [ERROR] Cannot access attribute "get" for class "object"
  Attribute "get" is unknown
  Line 176  [ERROR] Cannot access attribute "begin_nested" for class "object"
  Attribute "begin_nested" is unknown
  Line 177  [ERROR] Cannot access attribute "commit" for class "object"
  Attribute "commit" is unknown
  Line 185  [ERROR] Cannot access attribute "get" for class "object"
  Attribute "get" is unknown
  Line 200  [ERROR] Cannot access attribute "get" for class "object"
  Attribute "get" is unknown

[/app/tests/integration/test_database_model_constraints.py] — 7 issue(s):
  Line 1    [ERROR] Import "pytest" could not be resolved
  Line 2    [ERROR] Import "pytest_asyncio" could not be resolved
  Line 8    [ERROR] Import "sqlalchemy.ext.asyncio" could not be resolved
  Line 9    [ERROR] Import "sqlalchemy.orm" could not be resolved
  Line 10   [ERROR] Import "sqlalchemy.exc" could not be resolved
  Line 11   [ERROR] Import "sqlalchemy" could not be resolved
  Line 439  [ERROR] Class declaration "TestPartyModelConstraints" is obscured by a declaration of the same name

[/app/bot/api/routers/master.py] — 6 issue(s):
  Line 1    [ERROR] Import "fastapi" could not be resolved
  Line 73   [ERROR] Import "fastapi.responses" could not be resolved
  Line 79   [ERROR] Import "fastapi" could not be resolved
  Line 989  [ERROR] Type "dict[Unknown, Unknown]" is not assignable to declared type "List[Dict[str, Any]] | None"
  Type "dict[Unknown, Unknown]" is not assignable to type "List[Dict[str, Any]] | None"
    "dict[Unknown, Unknown]" is not assignable to "List[Dict[str, Any]]"
    "dict[Unknown, Unknown]" is not assignable to "None"
  Line 1107 [ERROR] Argument of type "str | None" cannot be assigned to parameter "lang" of type "str" in function "format_battle_report"
  Type "str | None" is not assignable to type "str"
    "None" is not assignable to "str"
  Line 1111 [ERROR] Argument of type "str | None" cannot be assigned to parameter "lang" of type "str" in function "format_quest_report"
  Type "str | None" is not assignable to type "str"
    "None" is not assignable to "str"

[/app/bot/services/nlu_data_service.py] — 6 issue(s):
  Line 70   [ERROR] Argument of type "str | None" cannot be assigned to parameter "key" of type "str" in function "get"
  Type "str | None" is not assignable to type "str"
    "None" is not assignable to "str"
  Line 70   [ERROR] No overloads for "get" match the provided arguments
  Line 202  [ERROR] No overloads for "__init__" match the provided arguments
  Argument types: (str, str, Any, str, None)
  Line 212  [ERROR] No overloads for "__init__" match the provided arguments
  Argument types: (str, str, Any, str, str)
  Line 221  [ERROR] No overloads for "__init__" match the provided arguments
  Argument types: (str, str, Any, str, str)
  Line 234  [ERROR] No overloads for "__init__" match the provided arguments
  Argument types: (str, str, Any, str, str)

[/app/tests/database/test_crud_utils.py] — 6 issue(s):
  Line 2    [ERROR] Import "pytest" could not be resolved
  Line 5    [ERROR] Import "sqlalchemy.exc" could not be resolved
  Line 6    [ERROR] Import "sqlalchemy.ext.asyncio" could not be resolved
  Line 10   [ERROR] Import "sqlalchemy" could not be resolved
  Line 227  [ERROR] Function declaration "test_create_entity_integrity_error" is obscured by a declaration of the same name
  Line 356  [ERROR] Import "sqlalchemy" could not be resolved

[/app/tests/game/ai/test_faction_generator.py] — 6 issue(s):
  Line 28   [ERROR] Import "pydantic" could not be resolved
  Line 130  [ERROR] Cannot access attribute "get_game_manager_dependency_type" for class "type[FactionManager]"
  Attribute "get_game_manager_dependency_type" is unknown
  Line 159  [ERROR] Cannot access attribute "create_faction_from_ai" for class "FactionManager"
  Attribute "create_faction_from_ai" is unknown
  Line 202  [ERROR] Cannot access attribute "create_faction_from_ai" for class "FactionManager"
  Attribute "create_faction_from_ai" is unknown
  Line 240  [ERROR] Cannot access attribute "get_game_manager_dependency_type" for class "type[FactionManager]"
  Attribute "get_game_manager_dependency_type" is unknown
  Line 325  [ERROR] "npc" is not defined

[/app/tests/game/test_conflict_resolver.py] — 6 issue(s):
  Line 162  [ERROR] Cannot access attribute "analyze_actions_for_conflicts" for class "ConflictResolver"
  Attribute "analyze_actions_for_conflicts" is unknown
  Line 192  [ERROR] Cannot access attribute "analyze_actions_for_conflicts" for class "ConflictResolver"
  Attribute "analyze_actions_for_conflicts" is unknown
  Line 222  [ERROR] Cannot access attribute "analyze_actions_for_conflicts" for class "ConflictResolver"
  Attribute "analyze_actions_for_conflicts" is unknown
  Line 258  [ERROR] Cannot access attribute "analyze_actions_for_conflicts" for class "ConflictResolver"
  Attribute "analyze_actions_for_conflicts" is unknown
  Line 293  [ERROR] Cannot access attribute "analyze_actions_for_conflicts" for class "ConflictResolver"
  Attribute "analyze_actions_for_conflicts" is unknown
  Line 318  [ERROR] Cannot access attribute "analyze_actions_for_conflicts" for class "ConflictResolver"
  Attribute "analyze_actions_for_conflicts" is unknown

[/app/tests/game/test_guild_initializer.py] — 6 issue(s):
  Line 2    [ERROR] Import "pytest" could not be resolved
  Line 4    [ERROR] Import "sqlalchemy.ext.asyncio" could not be resolved
  Line 5    [ERROR] Import "sqlalchemy.future" could not be resolved
  Line 283  [ERROR] "IntegrityError" is not defined
  Line 286  [ERROR] "patch" is not defined
  Line 287  [ERROR] "IntegrityError" is not defined

[/app/tests/game/test_npc_action_processor.py] — 6 issue(s):
  Line 2    [ERROR] Import "pytest" could not be resolved
  Line 83   [ERROR] "mock" is not a known attribute of module "unittest"
  Line 107  [ERROR] "mock" is not a known attribute of module "unittest"
  Line 137  [ERROR] "mock" is not a known attribute of module "unittest"
  Line 166  [ERROR] "mock" is not a known attribute of module "unittest"
  Line 190  [ERROR] "mock" is not a known attribute of module "unittest"

[/app/tests/integration/test_api_guild_context.py] — 6 issue(s):
  Line 1    [ERROR] Import "pytest" could not be resolved
  Line 2    [ERROR] Import "pytest_asyncio" could not be resolved
  Line 8    [ERROR] Import "fastapi.testclient" could not be resolved
  Line 9    [ERROR] Import "sqlalchemy.ext.asyncio" could not be resolved
  Line 10   [ERROR] Import "sqlalchemy.orm" could not be resolved
  Line 11   [ERROR] Import "sqlalchemy" could not be resolved

[/app/bot/ai/ai_data_models.py] — 5 issue(s):
  Line 1    [ERROR] Import "pydantic" could not be resolved
  Line 163  [ERROR] Expected 2 positional arguments
  Line 281  [ERROR] Expected 2 positional arguments
  Line 376  [ERROR] Expected 2 positional arguments
  Line 386  [ERROR] Expected 2 positional arguments

[/app/bot/ai/prompt_context_collector.py] — 5 issue(s):
  Line 26   [ERROR] Import "sqlalchemy.ext.asyncio" could not be resolved
  Line 82   [ERROR] "object" is not awaitable
  "object" is incompatible with protocol "Awaitable[_T_co@Awaitable]"
    "__await__" is not present
  Line 90   [ERROR] "object" is not awaitable
  "object" is incompatible with protocol "Awaitable[_T_co@Awaitable]"
    "__await__" is not present
  Line 137  [ERROR] "object" is not awaitable
  "object" is incompatible with protocol "Awaitable[_T_co@Awaitable]"
    "__await__" is not present
  Line 153  [ERROR] "object" is not awaitable
  "object" is incompatible with protocol "Awaitable[_T_co@Awaitable]"
    "__await__" is not present

[/app/bot/api/main.py] — 5 issue(s):
  Line 2    [ERROR] Import "fastapi" could not be resolved
  Line 3    [ERROR] Import "fastapi.responses" could not be resolved
  Line 4    [ERROR] Import "fastapi.exceptions" could not be resolved
  Line 5    [ERROR] Import "pydantic" could not be resolved
  Line 8    [ERROR] Import "uvicorn" could not be resolved

[/app/bot/api/routers/action.py] — 5 issue(s):
  Line 2    [ERROR] Import "fastapi" could not be resolved
  Line 3    [ERROR] Import "sqlalchemy.ext.asyncio" could not be resolved
  Line 4    [ERROR] Import "sqlalchemy.future" could not be resolved
  Line 5    [ERROR] Import "sqlalchemy.orm" could not be resolved
  Line 8    [ERROR] Import "pydantic" could not be resolved

[/app/bot/api/routers/player.py] — 5 issue(s):
  Line 2    [ERROR] Import "fastapi" could not be resolved
  Line 3    [ERROR] Import "sqlalchemy.ext.asyncio" could not be resolved
  Line 4    [ERROR] Import "sqlalchemy.future" could not be resolved
  Line 5    [ERROR] Import "sqlalchemy.orm" could not be resolved
  Line 6    [ERROR] Import "sqlalchemy.exc" could not be resolved

[/app/bot/command_modules/utility_cmds.py] — 5 issue(s):
  Line 1    [ERROR] Import "discord" could not be resolved
  Line 2    [ERROR] Import "discord" could not be resolved
  Line 3    [ERROR] Import "discord.ext" could not be resolved
  Line 15   [ERROR] Incorrect keyword arguments for __init_subclass__ method
  Line 15   [ERROR] No parameter named "name"

[/app/bot/database/models/character_related.py] — 5 issue(s):
  Line 2    [ERROR] Import "sqlalchemy" could not be resolved
  Line 6    [ERROR] Import "sqlalchemy.dialects.postgresql" could not be resolved
  Line 7    [ERROR] Import "sqlalchemy.orm" could not be resolved
  Line 8    [ERROR] Import "sqlalchemy.sql" could not be resolved
  Line 18   [ERROR] Class declaration "Party" is obscured by a declaration of the same name

[/app/bot/game/managers/npc_manager.py] — 5 issue(s):
  Line 11   [ERROR] Import "sqlalchemy.ext.asyncio" could not be resolved
  Line 12   [ERROR] Import "sqlalchemy.orm.attributes" could not be resolved
  Line 296  [ERROR] Cannot access attribute "begin" for class "object"
  Attribute "begin" is unknown
  Line 301  [ERROR] Cannot access attribute "merge" for class "object"
  Attribute "merge" is unknown
  Line 312  [ERROR] Cannot access attribute "execute" for class "object"
  Attribute "execute" is unknown

[/app/bot/game/managers/status_manager.py] — 5 issue(s):
  Line 10   [ERROR] Import "pydantic" could not be resolved
  Line 12   [ERROR] Import "sqlalchemy.ext.asyncio" could not be resolved
  Line 13   [ERROR] Import "sqlalchemy.orm.attributes" could not be resolved
  Line 65   [ERROR] Cannot access attribute "rules_config_data" for class "RuleEngine"
  Attribute "rules_config_data" is unknown
  Line 153  [ERROR] Cannot access attribute "get_current_turn" for class "TimeManager"
  Attribute "get_current_turn" is unknown

[/app/bot/game/rules/resolvers/combat_ai_resolver.py] — 5 issue(s):
  Line 132  [ERROR] Argument missing for parameter "location_id"
  Line 168  [ERROR] Cannot access attribute "can_start_dialogue" for class "DialogueManager"
  Attribute "can_start_dialogue" is unknown
  Line 172  [ERROR] Argument missing for parameter "instance_id"
  Line 189  [ERROR] Argument missing for parameter "entity_id"
  Line 189  [ERROR] No parameter named "context"

[/app/bot/utils/config_utils.py] — 5 issue(s):
  Line 5    [ERROR] Import "sqlalchemy.ext.asyncio" could not be resolved
  Line 6    [ERROR] Import "sqlalchemy.future" could not be resolved
  Line 7    [ERROR] Import "sqlalchemy.sql" could not be resolved
  Line 8    [ERROR] Import "sqlalchemy.dialects.postgresql" could not be resolved
  Line 169  [ERROR] Import "sqlalchemy.ext.asyncio" could not be resolved

[/app/tests/ai/test_multilingual_prompt_generator.py] — 5 issue(s):
  Line 41   [ERROR] Argument missing for parameter "main_bot_language"
  Line 81   [ERROR] Argument missing for parameter "generation_context"
  Line 83   [ERROR] No parameter named "context_data"
  Line 122  [ERROR] Argument missing for parameter "generation_context"
  Line 124  [ERROR] No parameter named "context_data"

[/app/tests/api/routers/test_character_api.py] — 5 issue(s):
  Line 1    [ERROR] Import "pytest" could not be resolved
  Line 2    [ERROR] Import "pytest_asyncio" could not be resolved
  Line 3    [ERROR] Import "httpx" could not be resolved
  Line 4    [ERROR] Import "sqlalchemy.ext.asyncio" could not be resolved
  Line 5    [ERROR] Import "sqlalchemy" could not be resolved

[/app/tests/api/routers/test_player_api.py] — 5 issue(s):
  Line 1    [ERROR] Import "pytest" could not be resolved
  Line 2    [ERROR] Import "pytest_asyncio" could not be resolved
  Line 3    [ERROR] Import "httpx" could not be resolved
  Line 4    [ERROR] Import "sqlalchemy.ext.asyncio" could not be resolved
  Line 5    [ERROR] Import "sqlalchemy" could not be resolved

[/app/tests/commands/test_action_cmds.py] — 5 issue(s):
  Line 1    [ERROR] Import "pytest" could not be resolved
  Line 5    [ERROR] Import "discord" could not be resolved
  Line 6    [ERROR] Import "discord" could not be resolved
  Line 90   [ERROR] Cannot access attribute "return_value" for class "bool"
  Attribute "return_value" is unknown
  Line 119  [ERROR] Cannot access attribute "return_value" for class "bool"
  Attribute "return_value" is unknown

[/app/tests/commands/test_game_setup_cmds.py] — 5 issue(s):
  Line 1    [ERROR] Import "pytest" could not be resolved
  Line 7    [ERROR] Import "discord" could not be resolved
  Line 8    [ERROR] Import "discord" could not be resolved
  Line 9    [ERROR] Import "discord.ext" could not be resolved
  Line 32   [ERROR] "DBService" is not a known attribute of module "bot.database.crud_utils"

[/app/tests/game/managers/test_character_manager_data_handling.py] — 5 issue(s):
  Line 11   [ERROR] Import "sqlalchemy.ext.asyncio" could not be resolved
  Line 92   [ERROR] Cannot access attribute "model_copy" for class "Character"
  Attribute "model_copy" is unknown
  Line 175  [ERROR] Cannot access attribute "model_copy" for class "Character"
  Attribute "model_copy" is unknown
  Line 197  [ERROR] Cannot access attribute "model_copy" for class "Character"
  Attribute "model_copy" is unknown
  Line 218  [ERROR] Cannot access attribute "model_copy" for class "Character"
  Attribute "model_copy" is unknown

[/app/tests/game/managers/test_lore_manager.py] — 5 issue(s):
  Line 78   [ERROR] Cannot access attribute "_diagnostic_log" for class "LoreManager"
  Attribute "_diagnostic_log" is unknown
  Line 88   [ERROR] "id" is not a known attribute of "None"
  Line 89   [ERROR] "title_i18n" is not a known attribute of "None"
  Line 121  [ERROR] Argument of type "dict[str, str]" cannot be assigned to parameter "data" of type "list[Unknown]" in function "_write_dummy_lore_file"
  Line 131  [ERROR] "id" is not a known attribute of "None"

[/app/tests/game/managers/test_npc_manager.py] — 5 issue(s):
  Line 1    [ERROR] Import "pytest" could not be resolved
  Line 9    [ERROR] Import "sqlalchemy.ext.asyncio" could not be resolved
  Line 113  [ERROR] "get" is not a known attribute of "None"
  Line 114  [ERROR] "get" is not a known attribute of "None"
  Line 115  [ERROR] "get" is not a known attribute of "None"

[/app/tests/game/models/test_status_model.py] — 5 issue(s):
  Line 1    [ERROR] Import "pytest" could not be resolved
  Line 14   [ERROR] Cannot access attribute "name" for class "Status"
  Attribute "name" is unknown
  Line 15   [ERROR] Cannot access attribute "duration_turns" for class "Status"
  Attribute "duration_turns" is unknown
  Line 69   [ERROR] Cannot access attribute "current_tick" for class "Status"
  Attribute "current_tick" is unknown
  Line 70   [ERROR] Cannot access attribute "max_duration" for class "Status"
  Attribute "max_duration" is unknown

[/app/tests/game/utils/test_stats_calculator.py] — 5 issue(s):
  Line 2    [ERROR] Import "pytest" could not be resolved
  Line 125  [ERROR] "get_equipped_item_instances" is not a known attribute of "None"
  Line 149  [ERROR] "get_active_statuses_for_entity" is not a known attribute of "None"
  Line 171  [ERROR] "get_equipped_item_instances" is not a known attribute of "None"
  Line 172  [ERROR] "get_active_statuses_for_entity" is not a known attribute of "None"

[/app/bot/alembic/env.py] — 4 issue(s):
  Line 15   [ERROR] Import "sqlalchemy" could not be resolved
  Line 16   [ERROR] Import "sqlalchemy.engine" could not be resolved
  Line 17   [ERROR] Import "sqlalchemy.ext.asyncio" could not be resolved
  Line 19   [ERROR] "context" is unknown import symbol

[/app/bot/api/routers/ability.py] — 4 issue(s):
  Line 2    [ERROR] Import "fastapi" could not be resolved
  Line 3    [ERROR] Import "sqlalchemy.ext.asyncio" could not be resolved
  Line 4    [ERROR] Import "sqlalchemy.future" could not be resolved
  Line 5    [ERROR] Import "sqlalchemy.exc" could not be resolved

[/app/bot/api/routers/game_log.py] — 4 issue(s):
  Line 2    [ERROR] Import "fastapi" could not be resolved
  Line 3    [ERROR] Import "sqlalchemy.ext.asyncio" could not be resolved
  Line 4    [ERROR] Import "sqlalchemy.future" could not be resolved
  Line 5    [ERROR] Import "sqlalchemy.exc" could not be resolved

[/app/bot/api/routers/guild.py] — 4 issue(s):
  Line 2    [ERROR] Import "fastapi" could not be resolved
  Line 3    [ERROR] Import "pydantic" could not be resolved
  Line 4    [ERROR] Import "sqlalchemy.ext.asyncio" could not be resolved
  Line 56   [ERROR] Import "sqlalchemy.future" could not be resolved

[/app/bot/api/routers/location.py] — 4 issue(s):
  Line 2    [ERROR] Import "fastapi" could not be resolved
  Line 3    [ERROR] Import "sqlalchemy.ext.asyncio" could not be resolved
  Line 4    [ERROR] Import "sqlalchemy.future" could not be resolved
  Line 5    [ERROR] Import "sqlalchemy.exc" could not be resolved

[/app/bot/api/routers/map.py] — 4 issue(s):
  Line 2    [ERROR] Import "fastapi" could not be resolved
  Line 3    [ERROR] Import "sqlalchemy.ext.asyncio" could not be resolved
  Line 4    [ERROR] Import "sqlalchemy.future" could not be resolved
  Line 7    [ERROR] Import "pydantic" could not be resolved

[/app/bot/command_modules/general_cmds.py] — 4 issue(s):
  Line 3    [ERROR] Import "discord" could not be resolved
  Line 4    [ERROR] Import "discord.ext" could not be resolved
  Line 13   [ERROR] Incorrect keyword arguments for __init_subclass__ method
  Line 13   [ERROR] No parameter named "name"

[/app/bot/command_modules/quest_cmds.py] — 4 issue(s):
  Line 5    [ERROR] Import "discord" could not be resolved
  Line 6    [ERROR] Import "discord" could not be resolved
  Line 7    [ERROR] Import "discord.ext" could not be resolved
  Line 8    [ERROR] Import "sqlalchemy.ext.asyncio" could not be resolved

[/app/bot/database/inventory_crud.py] — 4 issue(s):
  Line 2    [ERROR] Import "sqlalchemy.ext.asyncio" could not be resolved
  Line 3    [ERROR] Import "sqlalchemy" could not be resolved
  Line 4    [ERROR] Import "sqlalchemy.orm" could not be resolved
  Line 5    [ERROR] Import "sqlalchemy.exc" could not be resolved

[/app/bot/database/models/config_related.py] — 4 issue(s):
  Line 1    [ERROR] Import "sqlalchemy" could not be resolved
  Line 6    [ERROR] Import "sqlalchemy.dialects.postgresql" could not be resolved
  Line 7    [ERROR] Import "sqlalchemy.orm" could not be resolved
  Line 8    [ERROR] Import "sqlalchemy.sql" could not be resolved

[/app/bot/database/models/game_mechanics.py] — 4 issue(s):
  Line 1    [ERROR] Import "sqlalchemy" could not be resolved
  Line 5    [ERROR] Import "sqlalchemy.dialects.postgresql" could not be resolved
  Line 6    [ERROR] Import "sqlalchemy.orm" could not be resolved
  Line 7    [ERROR] Import "sqlalchemy.sql" could not be resolved

[/app/bot/database/models/item_related.py] — 4 issue(s):
  Line 1    [ERROR] Import "sqlalchemy" could not be resolved
  Line 5    [ERROR] Import "sqlalchemy.dialects.postgresql" could not be resolved
  Line 6    [ERROR] Import "sqlalchemy.orm" could not be resolved
  Line 7    [ERROR] Import "sqlalchemy.sql" could not be resolved

[/app/bot/database/models/log_event_related.py] — 4 issue(s):
  Line 1    [ERROR] Import "sqlalchemy" could not be resolved
  Line 5    [ERROR] Import "sqlalchemy.dialects.postgresql" could not be resolved
  Line 6    [ERROR] Import "sqlalchemy.orm" could not be resolved
  Line 7    [ERROR] Import "sqlalchemy.sql" could not be resolved

[/app/bot/database/models/quest_related.py] — 4 issue(s):
  Line 1    [ERROR] Import "sqlalchemy" could not be resolved
  Line 5    [ERROR] Import "sqlalchemy.dialects.postgresql" could not be resolved
  Line 6    [ERROR] Import "sqlalchemy.orm" could not be resolved
  Line 7    [ERROR] Import "sqlalchemy.sql" could not be resolved

[/app/bot/database/models/world_related.py] — 4 issue(s):
  Line 1    [ERROR] Import "sqlalchemy" could not be resolved
  Line 5    [ERROR] Import "sqlalchemy.dialects.postgresql" could not be resolved
  Line 6    [ERROR] Import "sqlalchemy.orm" could not be resolved
  Line 7    [ERROR] Import "sqlalchemy.sql" could not be resolved

[/app/bot/database/postgres_adapter.py] — 4 issue(s):
  Line 12   [ERROR] Import "asyncpg" could not be resolved
  Line 13   [ERROR] Import "sqlalchemy.ext.asyncio" could not be resolved
  Line 14   [ERROR] Import "sqlalchemy.orm" could not be resolved
  Line 273  [ERROR] "Never" is not awaitable

[/app/bot/database/user_settings_crud.py] — 4 issue(s):
  Line 2    [ERROR] Import "sqlalchemy.ext.asyncio" could not be resolved
  Line 3    [ERROR] Import "sqlalchemy" could not be resolved
  Line 4    [ERROR] Import "sqlalchemy.exc" could not be resolved
  Line 5    [ERROR] Import "sqlalchemy.orm" could not be resolved

[/app/bot/game/guild_initializer.py] — 4 issue(s):
  Line 4    [ERROR] Import "sqlalchemy.ext.asyncio" could not be resolved
  Line 5    [ERROR] Import "sqlalchemy.future" could not be resolved
  Line 6    [ERROR] Import "sqlalchemy.exc" could not be resolved
  Line 7    [ERROR] Import "sqlalchemy.dialects.postgresql" could not be resolved

[/app/bot/game/managers/dialogue_manager.py] — 4 issue(s):
  Line 13   [ERROR] Import "asyncpg.exceptions" could not be resolved
  Line 179  [ERROR] "float" is not awaitable
  "float" is incompatible with protocol "Awaitable[_T_co@Awaitable]"
    "__await__" is not present
  Line 290  [ERROR] "None" is not awaitable
  "None" is incompatible with protocol "Awaitable[_T_co@Awaitable]"
    "__await__" is not present
  Line 299  [ERROR] "float" is not awaitable
  "float" is incompatible with protocol "Awaitable[_T_co@Awaitable]"
    "__await__" is not present

[/app/bot/game/managers/global_npc_manager.py] — 4 issue(s):
  Line 3    [ERROR] Import "sqlalchemy.orm" could not be resolved
  Line 4    [ERROR] Import "sqlalchemy.exc" could not be resolved
  Line 5    [ERROR] Import "sqlalchemy" could not be resolved
  Line 271  [ERROR] Argument of type "str | None" cannot be assigned to parameter "npc_id" of type "str" in function "update_global_npc"
  Type "str | None" is not assignable to type "str"
    "None" is not assignable to "str"

[/app/bot/game/managers/inventory_manager.py] — 4 issue(s):
  Line 9    [ERROR] Import "sqlalchemy.ext.asyncio" could not be resolved
  Line 10   [ERROR] Import "sqlalchemy.orm.attributes" could not be resolved
  Line 140  [ERROR] Cannot access attribute "get_item_template_as_dict" for class "ItemManager"
  Attribute "get_item_template_as_dict" is unknown
  Line 154  [ERROR] Cannot access attribute "get_item_template_as_dict" for class "ItemManager"
  Attribute "get_item_template_as_dict" is unknown

[/app/bot/game/managers/item_manager.py] — 4 issue(s):
  Line 14   [ERROR] Import "sqlalchemy.ext.asyncio" could not be resolved
  Line 94   [ERROR] Cannot access attribute "rules_config_data" for class "RuleEngine"
  Attribute "rules_config_data" is unknown
  Line 186  [ERROR] Cannot access attribute "apply_status" for class "StatusManager"
  Attribute "apply_status" is unknown
  Line 467  [ERROR] Cannot access attribute "get_entity_by_pk" for class "DBService"
  Attribute "get_entity_by_pk" is unknown

[/app/bot/game/managers/mobile_group_manager.py] — 4 issue(s):
  Line 3    [ERROR] Import "sqlalchemy.orm" could not be resolved
  Line 4    [ERROR] Import "sqlalchemy.exc" could not be resolved
  Line 5    [ERROR] Import "sqlalchemy" could not be resolved
  Line 278  [ERROR] Argument of type "str | None" cannot be assigned to parameter "group_id" of type "str" in function "update_mobile_group"
  Type "str | None" is not assignable to type "str"
    "None" is not assignable to "str"

[/app/bot/game/npc_action_handlers/npc_use_item_completion_handler.py] — 4 issue(s):
  Line 79   [ERROR] Cannot access attribute "get_item" for class "ItemManager"
  Attribute "get_item" is unknown
  Line 84   [ERROR] Argument missing for parameter "character_id"
  Line 86   [ERROR] Argument missing for parameter "npc_id"
  Line 100  [ERROR] Cannot access attribute "resolve_item_use" for class "RuleEngine"
  Attribute "resolve_item_use" is unknown

[/app/bot/game/rules/resolvers/economic_resolver.py] — 4 issue(s):
  Line 79   [ERROR] Cannot access attribute "get_market_inventory_level_ratio" for class "EconomyManager"
  Attribute "get_market_inventory_level_ratio" is unknown
  Line 105  [ERROR] Cannot access attribute "get_location" for class "LocationManager"
  Attribute "get_location" is unknown
  Line 134  [ERROR] "Character" is not awaitable
  "Character" is incompatible with protocol "Awaitable[_T_co@Awaitable]"
    "__await__" is not present
  Line 134  [ERROR] "None" is not awaitable
  "None" is incompatible with protocol "Awaitable[_T_co@Awaitable]"
    "__await__" is not present

[/app/bot/models/pending_generation.py] — 4 issue(s):
  Line 3    [ERROR] Import "sqlalchemy" could not be resolved
  Line 4    [ERROR] Import "sqlalchemy.orm" could not be resolved
  Line 5    [ERROR] Import "sqlalchemy.sql" could not be resolved
  Line 9    [ERROR] Import "sqlalchemy" could not be resolved

[/app/tests/commands/test_guild_config_cmds.py] — 4 issue(s):
  Line 2    [ERROR] Import "pytest" could not be resolved
  Line 4    [ERROR] Import "discord" could not be resolved
  Line 5    [ERROR] Import "sqlalchemy.ext.asyncio" could not be resolved
  Line 211  [ERROR] Import "discord" could not be resolved

[/app/tests/commands/test_undo_commands.py] — 4 issue(s):
  Line 8    [ERROR] Import "discord" could not be resolved
  Line 67   [ERROR] Cannot access attribute "callback" for class "MethodType"
  Attribute "callback" is unknown
  Line 80   [ERROR] Cannot access attribute "callback" for class "MethodType"
  Attribute "callback" is unknown
  Line 96   [ERROR] Cannot access attribute "callback" for class "MethodType"
  Attribute "callback" is unknown

[/app/tests/database/test_models_structure.py] — 4 issue(s):
  Line 1    [ERROR] Import "pytest" could not be resolved
  Line 2    [ERROR] Import "sqlalchemy" could not be resolved
  Line 3    [ERROR] Import "sqlalchemy.dialects.postgresql" could not be resolved
  Line 294  [ERROR] Import "sqlalchemy" could not be resolved

[/app/tests/game/managers/test_mobile_group_manager.py] — 4 issue(s):
  Line 71   [ERROR] "id" is not a known attribute of "None"
  Line 84   [ERROR] "id" is not a known attribute of "None"
  Line 119  [ERROR] "name_i18n" is not a known attribute of "None"
  Line 120  [ERROR] "current_location_id" is not a known attribute of "None"

[/app/tests/game/test_turn_processing_service.py] — 4 issue(s):
  Line 1    [ERROR] Import "pytest" could not be resolved
  Line 150  [ERROR] "self" is not defined
  Line 151  [ERROR] "self" is not defined
  Line 163  [ERROR] "self" is not defined

[/app/tests/persistence/test_pending_generation_crud.py] — 4 issue(s):
  Line 1    [ERROR] Import "pytest" could not be resolved
  Line 5    [ERROR] Import "sqlalchemy.ext.asyncio" could not be resolved
  Line 6    [ERROR] Import "sqlalchemy.future" could not be resolved
  Line 31   [ERROR] No parameter named "db_service"

[/app/tests/test_bot_core.py] — 4 issue(s):
  Line 15   [ERROR] Import "discord" could not be resolved
  Line 92   [ERROR] Argument of type "Unknown | None" cannot be assigned to parameter "s" of type "str | bytes | bytearray" in function "loads"
  Type "Unknown | None" is not assignable to type "str | bytes | bytearray"
    Type "None" is not assignable to type "str | bytes | bytearray"
      "None" is not assignable to "str"
      "None" is not assignable to "bytes"
      "None" is not assignable to "bytearray"
  Line 110  [ERROR] Argument of type "Unknown | None" cannot be assigned to parameter "s" of type "str | bytes | bytearray" in function "loads"
  Type "Unknown | None" is not assignable to type "str | bytes | bytearray"
    Type "None" is not assignable to type "str | bytes | bytearray"
      "None" is not assignable to "str"
      "None" is not assignable to "bytes"
      "None" is not assignable to "bytearray"
  Line 291  [ERROR] Argument of type "Unknown | None" cannot be assigned to parameter "s" of type "str | bytes | bytearray" in function "loads"
  Type "Unknown | None" is not assignable to type "str | bytes | bytearray"
    Type "None" is not assignable to type "str | bytes | bytearray"
      "None" is not assignable to "str"
      "None" is not assignable to "bytes"
      "None" is not assignable to "bytearray"

[/app/tests/utils/test_config_utils.py] — 4 issue(s):
  Line 2    [ERROR] Import "pytest" could not be resolved
  Line 4    [ERROR] Import "sqlalchemy.ext.asyncio" could not be resolved
  Line 5    [ERROR] Import "sqlalchemy" could not be resolved
  Line 7    [ERROR] Import "sqlalchemy.dialects.postgresql" could not be resolved

[/app/bot/alembic/versions/0d4c09723168_add_dialogues_table.py] — 3 issue(s):
  Line 10   [ERROR] "op" is unknown import symbol
  Line 11   [ERROR] Import "sqlalchemy" could not be resolved
  Line 12   [ERROR] Import "sqlalchemy.dialects" could not be resolved

[/app/bot/alembic/versions/202401010001_add_generated_details_to_location.py] — 3 issue(s):
  Line 10   [ERROR] "op" is unknown import symbol
  Line 11   [ERROR] Import "sqlalchemy" could not be resolved
  Line 12   [ERROR] Import "sqlalchemy.dialects" could not be resolved

[/app/bot/alembic/versions/202401010002_add_static_id_to_ability_status.py] — 3 issue(s):
  Line 10   [ERROR] "op" is unknown import symbol
  Line 11   [ERROR] Import "sqlalchemy" could not be resolved
  Line 12   [ERROR] Import "sqlalchemy.dialects" could not be resolved

[/app/bot/alembic/versions/506f4e6c1756_add_description_column_to_rules_config.py] — 3 issue(s):
  Line 10   [ERROR] "op" is unknown import symbol
  Line 11   [ERROR] Import "sqlalchemy" could not be resolved
  Line 12   [ERROR] Import "sqlalchemy.dialects" could not be resolved

[/app/bot/alembic/versions/6cfb30b3f2be_create_game_logs_table.py] — 3 issue(s):
  Line 10   [ERROR] "op" is unknown import symbol
  Line 11   [ERROR] Import "sqlalchemy" could not be resolved
  Line 12   [ERROR] Import "sqlalchemy.dialects" could not be resolved

[/app/bot/alembic/versions/8275f48039b4_merge_two_heads.py] — 3 issue(s):
  Line 10   [ERROR] "op" is unknown import symbol
  Line 11   [ERROR] Import "sqlalchemy" could not be resolved
  Line 16   [ERROR] Type "tuple[Literal['506f4e6c1756'], Literal['b43c1b9235b3']]" is not assignable to declared type "str | None"
  Type "tuple[Literal['506f4e6c1756'], Literal['b43c1b9235b3']]" is not assignable to type "str | None"
    "tuple[Literal['506f4e6c1756'], Literal['b43c1b9235b3']]" is not assignable to "str"
    "tuple[Literal['506f4e6c1756'], Literal['b43c1b9235b3']]" is not assignable to "None"

[/app/bot/alembic/versions/b43c1b9235b3_create_dialogues_table.py] — 3 issue(s):
  Line 10   [ERROR] "op" is unknown import symbol
  Line 11   [ERROR] Import "sqlalchemy" could not be resolved
  Line 12   [ERROR] Import "sqlalchemy.dialects" could not be resolved

[/app/bot/alembic/versions/b9cc85c9328c_add_game_logs_table.py] — 3 issue(s):
  Line 10   [ERROR] "op" is unknown import symbol
  Line 11   [ERROR] Import "sqlalchemy" could not be resolved
  Line 12   [ERROR] Import "sqlalchemy.dialects" could not be resolved

[/app/bot/alembic/versions/bd440ca4c528_create_initial_schema.py] — 3 issue(s):
  Line 10   [ERROR] "op" is unknown import symbol
  Line 11   [ERROR] Import "sqlalchemy" could not be resolved
  Line 12   [ERROR] Import "sqlalchemy.dialects" could not be resolved

[/app/bot/alembic/versions/d9dbc4f4caa8_merge_multiple_heads_into_one.py] — 3 issue(s):
  Line 10   [ERROR] "op" is unknown import symbol
  Line 11   [ERROR] Import "sqlalchemy" could not be resolved
  Line 16   [ERROR] Type "tuple[Literal['6789a895c800'], Literal['d275002e4c9b']]" is not assignable to declared type "str | None"
  Type "tuple[Literal['6789a895c800'], Literal['d275002e4c9b']]" is not assignable to type "str | None"
    "tuple[Literal['6789a895c800'], Literal['d275002e4c9b']]" is not assignable to "str"
    "tuple[Literal['6789a895c800'], Literal['d275002e4c9b']]" is not assignable to "None"

[/app/bot/alembic/versions/ef248acacb6c_merge_heads.py] — 3 issue(s):
  Line 10   [ERROR] "op" is unknown import symbol
  Line 11   [ERROR] Import "sqlalchemy" could not be resolved
  Line 16   [ERROR] Type "tuple[Literal['202401010002'], Literal['8275f48039b4']]" is not assignable to declared type "str | None"
  Type "tuple[Literal['202401010002'], Literal['8275f48039b4']]" is not assignable to type "str | None"
    "tuple[Literal['202401010002'], Literal['8275f48039b4']]" is not assignable to "str"
    "tuple[Literal['202401010002'], Literal['8275f48039b4']]" is not assignable to "None"

[/app/bot/api/routers/inventory_router.py] — 3 issue(s):
  Line 1    [ERROR] Import "fastapi" could not be resolved
  Line 2    [ERROR] Import "sqlalchemy.ext.asyncio" could not be resolved
  Line 3    [ERROR] Import "sqlalchemy.exc" could not be resolved

[/app/bot/api/routers/item_router.py] — 3 issue(s):
  Line 1    [ERROR] Import "fastapi" could not be resolved
  Line 2    [ERROR] Import "sqlalchemy.ext.asyncio" could not be resolved
  Line 3    [ERROR] Import "sqlalchemy.exc" could not be resolved

[/app/bot/database/base.py] — 3 issue(s):
  Line 1    [ERROR] Import "sqlalchemy.ext.declarative" could not be resolved
  Line 2    [ERROR] Import "sqlalchemy.types" could not be resolved
  Line 3    [ERROR] Import "sqlalchemy.dialects.postgresql" could not be resolved

[/app/bot/database/item_crud.py] — 3 issue(s):
  Line 2    [ERROR] Import "sqlalchemy.ext.asyncio" could not be resolved
  Line 3    [ERROR] Import "sqlalchemy" could not be resolved
  Line 4    [ERROR] Import "sqlalchemy.exc" could not be resolved

[/app/bot/database/pending_generation_crud.py] — 3 issue(s):
  Line 8    [ERROR] Import "sqlalchemy.ext.asyncio" could not be resolved
  Line 9    [ERROR] Import "sqlalchemy.future" could not be resolved
  Line 10   [ERROR] Import "sqlalchemy" could not be resolved

[/app/bot/database/rpg_character_crud.py] — 3 issue(s):
  Line 4    [ERROR] Import "sqlalchemy.ext.asyncio" could not be resolved
  Line 5    [ERROR] Import "sqlalchemy.future" could not be resolved
  Line 6    [ERROR] Import "sqlalchemy.orm" could not be resolved

[/app/bot/game/ai/event_ai_generator.py] — 3 issue(s):
  Line 52   [ERROR] Arguments missing for parameters "request_type", "request_params"
  Line 78   [ERROR] Argument missing for parameter "generation_context"
  Line 80   [ERROR] No parameter named "context_data"

[/app/bot/game/combat_rewards.py] — 3 issue(s):
  Line 4    [ERROR] Import "sqlalchemy.ext.asyncio" could not be resolved
  Line 5    [ERROR] Import "sqlalchemy.future" could not be resolved
  Line 6    [ERROR] Import "sqlalchemy.orm" could not be resolved

[/app/bot/game/command_router.py] — 3 issue(s):
  Line 17   [ERROR] Import "discord" could not be resolved
  Line 18   [ERROR] Import "discord" could not be resolved
  Line 39   [ERROR] Import "discord" could not be resolved

[/app/bot/game/event_processors/event_action_processor.py] — 3 issue(s):
  Line 275  [ERROR] Type "Dict[str, Any]" is not assignable to declared type "EventStage"
  "Dict[str, Any]" is not assignable to "EventStage"
  Line 278  [ERROR] Cannot access attribute "get" for class "EventStage"
  Attribute "get" is unknown
  Line 280  [ERROR] Cannot access attribute "get" for class "EventStage"
  Attribute "get" is unknown

[/app/bot/game/npc_action_handlers/npc_rest_completion_handler.py] — 3 issue(s):
  Line 64   [ERROR] Cannot access attribute "calculate_rest_recovery" for class "RuleEngine"
  Attribute "calculate_rest_recovery" is unknown
  Line 71   [ERROR] Cannot access attribute "add" for class "Dict[str, Set[str]]"
  Attribute "add" is unknown
  Line 85   [ERROR] Parameter "target_id" is already assigned

[/app/bot/game/rules/check_resolver.py] — 3 issue(s):
  Line 50   [ERROR] "None" is not awaitable
  "None" is incompatible with protocol "Awaitable[_T_co@Awaitable]"
    "__await__" is not present
  Line 161  [ERROR] "None" is not awaitable
  "None" is incompatible with protocol "Awaitable[_T_co@Awaitable]"
    "__await__" is not present
  Line 182  [ERROR] Operator ">=" not supported for types "int" and "int | None"
  Operator ">=" not supported for types "int" and "None"

[/app/bot/game/rules/world_simulator.py] — 3 issue(s):
  Line 40   [ERROR] Expected class but received "(obj: object, /) -> TypeIs[(...) -> object]"
  Line 65   [ERROR] Cannot access attribute "_active_events_data" for class "EventManager"
  Attribute "_active_events_data" is unknown
  Line 70   [ERROR] Cannot access attribute "run_event_simulation" for class "EventManager"
  Attribute "run_event_simulation" is unknown

[/app/bot/services/notification_service.py] — 3 issue(s):
  Line 6    [ERROR] "I18nUtils" is unknown import symbol
  Line 70   [ERROR] "Character" is not awaitable
  "Character" is incompatible with protocol "Awaitable[_T_co@Awaitable]"
    "__await__" is not present
  Line 70   [ERROR] "None" is not awaitable
  "None" is incompatible with protocol "Awaitable[_T_co@Awaitable]"
    "__await__" is not present

[/app/bot/utils/decorators.py] — 3 issue(s):
  Line 3    [ERROR] Import "discord" could not be resolved
  Line 4    [ERROR] Import "discord" could not be resolved
  Line 35   [ERROR] Import "sqlalchemy.future" could not be resolved

[/app/tests/ai/test_ai_response_validator.py] — 3 issue(s):
  Line 15   [ERROR] "GeneralSettings" is unknown import symbol
  Line 15   [ERROR] "GlobalStatLimits" is unknown import symbol
  Line 15   [ERROR] "NPCStatRangesByRole" is unknown import symbol

[/app/tests/commands/test_party_cmds.py] — 3 issue(s):
  Line 4    [ERROR] Import "discord" could not be resolved
  Line 325  [ERROR] Cannot access attribute "callback" for class "MethodType"
  Attribute "callback" is unknown
  Line 348  [ERROR] Cannot access attribute "callback" for class "MethodType"
  Attribute "callback" is unknown

[/app/tests/core/test_bot_events.py] — 3 issue(s):
  Line 2    [ERROR] Import "pytest" could not be resolved
  Line 4    [ERROR] Import "discord" could not be resolved
  Line 12   [ERROR] Import "sqlalchemy.ext.asyncio" could not be resolved

[/app/tests/game/managers/test_economy_manager.py] — 3 issue(s):
  Line 1    [ERROR] Import "pytest" could not be resolved
  Line 143  [ERROR] Object of type "None" is not subscriptable
  Line 223  [ERROR] Object of type "None" is not subscriptable

[/app/tests/game/managers/test_item_manager.py] — 3 issue(s):
  Line 1    [ERROR] Import "pytest" could not be resolved
  Line 5    [ERROR] Import "pydantic" could not be resolved
  Line 12   [ERROR] Import "sqlalchemy.ext.asyncio" could not be resolved

[/app/tests/game/models/test_location_model.py] — 3 issue(s):
  Line 37   [ERROR] Cannot access attribute "state" for class "Location"
  Attribute "state" is unknown
  Line 38   [ERROR] Cannot access attribute "custom_field" for class "Location"
  Attribute "custom_field" is unknown
  Line 72   [ERROR] Cannot access attribute "state" for class "Location"
  Attribute "state" is unknown

[/app/tests/game/services/test_location_interaction_service.py] — 3 issue(s):
  Line 64   [ERROR] Cannot access attribute "process_interaction" for class "LocationInteractionService"
  Attribute "process_interaction" is unknown
  Line 105  [ERROR] Cannot access attribute "process_interaction" for class "LocationInteractionService"
  Attribute "process_interaction" is unknown
  Line 138  [ERROR] Cannot access attribute "process_interaction" for class "LocationInteractionService"
  Attribute "process_interaction" is unknown

[/app/tests/services/test_nlu_data_service.py] — 3 issue(s):
  Line 9    [ERROR] Type "type[bot.services.nlu_data_service.GameEntity]" is not assignable to declared type "type[tests.services.test_nlu_data_service.GameEntity]"
  Type "type[bot.services.nlu_data_service.GameEntity]" is not assignable to type "type[tests.services.test_nlu_data_service.GameEntity]"
    "id" is not required in "GameEntity"
    "name" is not required in "GameEntity"
    "type" is not required in "GameEntity"
    "lang" is not required in "GameEntity"
    "parent_location_id" is not required in "GameEntity"
  Line 50   [ERROR] Cannot assign to attribute "CACHE_TTL_SECONDS" for class "type[NLUDataService]"
  Expression of type "int" cannot be assigned to attribute "CACHE_TTL_SECONDS" of class "NLUDataService"
    "int" is not assignable to type "Literal[300]"
  Line 191  [ERROR] Cannot assign to attribute "CACHE_TTL_SECONDS" for class "NLUDataService"
  Expression of type "float" cannot be assigned to attribute "CACHE_TTL_SECONDS" of class "NLUDataService"
    "float" is not assignable to "Literal[300]"

[/app/bot/alembic/versions/6789a895c800_test_detection2.py] — 2 issue(s):
  Line 10   [ERROR] "op" is unknown import symbol
  Line 11   [ERROR] Import "sqlalchemy" could not be resolved

[/app/bot/alembic/versions/96aa5aef75fb_test_detection.py] — 2 issue(s):
  Line 10   [ERROR] "op" is unknown import symbol
  Line 11   [ERROR] Import "sqlalchemy" could not be resolved

[/app/bot/alembic/versions/d275002e4c9b_add_description_column_to_rules_config.py] — 2 issue(s):
  Line 10   [ERROR] "op" is unknown import symbol
  Line 11   [ERROR] Import "sqlalchemy" could not be resolved

[/app/bot/api/dependencies.py] — 2 issue(s):
  Line 2    [ERROR] Import "sqlalchemy.ext.asyncio" could not be resolved
  Line 3    [ERROR] Import "sqlalchemy.orm" could not be resolved

[/app/bot/api/routers/rpg_character_api.py] — 2 issue(s):
  Line 4    [ERROR] Import "fastapi" could not be resolved
  Line 6    [ERROR] Import "sqlalchemy.ext.asyncio" could not be resolved

[/app/bot/api/schemas/item_schemas.py] — 2 issue(s):
  Line 1    [ERROR] Import "pydantic" could not be resolved
  Line 32   [ERROR] "Config" overrides symbol of same name in class "NewItemBase"
  "bot.api.schemas.item_schemas.NewItemRead.Config" is not assignable to "bot.api.schemas.item_schemas.NewItemBase.Config"
  Type "type[bot.api.schemas.item_schemas.NewItemRead.Config]" is not assignable to type "type[bot.api.schemas.item_schemas.NewItemBase.Config]"

[/app/bot/api/schemas/player_schemas.py] — 2 issue(s):
  Line 2    [ERROR] Import "pydantic" could not be resolved
  Line 37   [ERROR] "discord_id" overrides symbol of same name in class "PlayerBase"
  Variable is mutable so its type is invariant
    Override type "str" is not the same as base type "str | None"

[/app/bot/database/models/game_log_model.py] — 2 issue(s):
  Line 1    [ERROR] Import "sqlalchemy" could not be resolved
  Line 3    [ERROR] Import "sqlalchemy.sql" could not be resolved

[/app/bot/database/sqlite_adapter.py] — 2 issue(s):
  Line 2    [ERROR] Import "aiosqlite" could not be resolved
  Line 38   [ERROR] "row_factory" is not a known attribute of "None"

[/app/bot/game/command_handlers/quest_commands.py] — 2 issue(s):
  Line 2    [ERROR] Import "discord" could not be resolved
  Line 37   [ERROR] "format" is not a known attribute of "None"

[/app/bot/game/event_processors/event_simulation_processor.py] — 2 issue(s):
  Line 98   [ERROR] Cannot access attribute "passive_sim_checks" for class "EventStage"
  Attribute "passive_sim_checks" is unknown
  Line 99   [ERROR] Cannot access attribute "passive_sim_checks" for class "EventStage"
  Attribute "passive_sim_checks" is unknown

[/app/bot/game/managers/event_manager.py] — 2 issue(s):
  Line 115  [ERROR] "get" is not a known attribute of "None"
  Line 325  [ERROR] Cannot assign to attribute "is_active" for class "Event"
  Attribute "is_active" is unknown

[/app/bot/game/npc_action_handlers/npc_move_completion_handler.py] — 2 issue(s):
  Line 65   [ERROR] Cannot access attribute "add" for class "Dict[str, Set[str]]"
  Attribute "add" is unknown
  Line 79   [ERROR] Argument missing for parameter "instance_id"

[/app/bot/game/npc_action_handlers/npc_search_completion_handler.py] — 2 issue(s):
  Line 113  [ERROR] Cannot access attribute "create_item" for class "ItemManager"
  Attribute "create_item" is unknown
  Line 126  [ERROR] Cannot access attribute "move_item" for class "ItemManager"
  Attribute "move_item" is unknown

[/app/bot/game/services/relationship_event_processor.py] — 2 issue(s):
  Line 72   [ERROR] Argument of type "Any | None" cannot be assigned to parameter "s" of type "str | bytes | bytearray" in function "loads"
  Type "Any | None" is not assignable to type "str | bytes | bytearray"
    Type "None" is not assignable to type "str | bytes | bytearray"
      "None" is not assignable to "str"
      "None" is not assignable to "bytes"
      "None" is not assignable to "bytearray"
  Line 76   [ERROR] Object of type "None" is not subscriptable

[/app/bot/game/turn_processing_service.py] — 2 issue(s):
  Line 232  [ERROR] No parameter named "reason"
  Line 291  [ERROR] No parameter named "reason"

[/app/bot/services/openai_service.py] — 2 issue(s):
  Line 9    [ERROR] Import "openai" could not be resolved
  Line 19   [ERROR] Import "openai" could not be resolved

[/app/bot/utils/discord_utils.py] — 2 issue(s):
  Line 1    [ERROR] Import "discord" could not be resolved
  Line 2    [ERROR] Import "discord.ext" could not be resolved

[/app/tests/ai/test_ai_data_models.py] — 2 issue(s):
  Line 1    [ERROR] Import "pytest" could not be resolved
  Line 2    [ERROR] Import "pydantic" could not be resolved

[/app/tests/ai/test_generation_manager.py] — 2 issue(s):
  Line 1    [ERROR] Import "pytest" could not be resolved
  Line 25   [ERROR] Expression of type "None" cannot be assigned to parameter of type "str"
  "None" is not assignable to "str"

[/app/tests/commands/test_general_cmds.py] — 2 issue(s):
  Line 2    [ERROR] Import "pytest" could not be resolved
  Line 4    [ERROR] Import "discord" could not be resolved

[/app/tests/game/managers/test_dialogue_manager.py] — 2 issue(s):
  Line 1    [ERROR] Import "pytest" could not be resolved
  Line 91   [ERROR] No parameter named "event_action_processor"

[/app/tests/game/managers/test_game_log_manager.py] — 2 issue(s):
  Line 5    [ERROR] Import "sqlalchemy.ext.asyncio" could not be resolved
  Line 352  [ERROR] "mock" is not a known attribute of module "unittest"

[/app/tests/game/managers/test_item_manager_revert_logic.py] — 2 issue(s):
  Line 195  [ERROR] "quantity" is not a known attribute of "None"
  Line 220  [ERROR] Argument of type "main" cannot be assigned to parameter "main" of type "Coroutine[Any, Any, _T@run]" in function "run"
  "TestProgram" is not assignable to "Coroutine[Any, Any, _T@run]"

[/app/tests/game/managers/test_relationship_manager.py] — 2 issue(s):
  Line 16   [ERROR] Import "pydantic" could not be resolved
  Line 85   [ERROR] "Any" cannot be instantiated

[/app/tests/game/managers/test_time_manager.py] — 2 issue(s):
  Line 3    [ERROR] Import "pytest" could not be resolved
  Line 4    [ERROR] Import "pytest_asyncio" could not be resolved

[/app/tests/game/test_action_scheduler.py] — 2 issue(s):
  Line 121  [ERROR] "status" is not a known attribute of "None"
  Line 122  [ERROR] "result" is not a known attribute of "None"

[/app/tests/integration/test_db_service.py] — 2 issue(s):
  Line 42   [ERROR] "object" is not awaitable
  "object" is incompatible with protocol "Awaitable[_T_co@Awaitable]"
    "__await__" is not present
  Line 60   [ERROR] Import "sqlalchemy" could not be resolved

[/app/bot/ai/multilingual_prompt_generator.py] — 1 issue(s):
  Line 8    [ERROR] Import "sqlalchemy.ext.asyncio" could not be resolved

[/app/bot/api/routers/quest_router.py] — 1 issue(s):
  Line 1    [ERROR] Import "fastapi" could not be resolved

[/app/bot/api/schemas/ability_schemas.py] — 1 issue(s):
  Line 2    [ERROR] Import "pydantic" could not be resolved

[/app/bot/api/schemas/character_schemas.py] — 1 issue(s):
  Line 2    [ERROR] Import "pydantic" could not be resolved

[/app/bot/api/schemas/combat_schemas.py] — 1 issue(s):
  Line 2    [ERROR] Import "pydantic" could not be resolved

[/app/bot/api/schemas/game_log_schemas.py] — 1 issue(s):
  Line 2    [ERROR] Import "pydantic" could not be resolved

[/app/bot/api/schemas/inventory_schemas.py] — 1 issue(s):
  Line 1    [ERROR] Import "pydantic" could not be resolved

[/app/bot/api/schemas/location_schemas.py] — 1 issue(s):
  Line 2    [ERROR] Import "pydantic" could not be resolved

[/app/bot/api/schemas/master_schemas.py] — 1 issue(s):
  Line 1    [ERROR] Import "pydantic" could not be resolved

[/app/bot/api/schemas/quest_schemas.py] — 1 issue(s):
  Line 1    [ERROR] Import "pydantic" could not be resolved

[/app/bot/api/schemas/rpg_character_schemas.py] — 1 issue(s):
  Line 3    [ERROR] Import "pydantic" could not be resolved

[/app/bot/api/schemas/rule_config_schemas.py] — 1 issue(s):
  Line 2    [ERROR] Import "pydantic" could not be resolved

[/app/bot/database/models/dialogue_model.py] — 1 issue(s):
  Line 1    [ERROR] Import "sqlalchemy" could not be resolved

[/app/bot/game/character_processors/character_view_service.py] — 1 issue(s):
  Line 4    [ERROR] Import "discord" could not be resolved

[/app/bot/game/command_handlers/character_commands.py] — 1 issue(s):
  Line 3    [ERROR] Import "discord" could not be resolved

[/app/bot/game/command_handlers/gm_commands.py] — 1 issue(s):
  Line 2    [ERROR] Import "discord" could not be resolved

[/app/bot/game/command_handlers/inventory_commands.py] — 1 issue(s):
  Line 2    [ERROR] Import "discord" could not be resolved

[/app/bot/game/command_handlers/meta_commands.py] — 1 issue(s):
  Line 3    [ERROR] Import "discord" could not be resolved

[/app/bot/game/command_handlers/moderation_commands.py] — 1 issue(s):
  Line 2    [ERROR] Import "discord" could not be resolved

[/app/bot/game/event_processors/event_condition_checker.py] — 1 issue(s):
  Line 39   [ERROR] Cannot access attribute "get" for class "EventOutcome"
  Attribute "get" is unknown

[/app/bot/game/event_processors/event_stage_processor.py] — 1 issue(s):
  Line 213  [ERROR] Cannot access attribute "get_stage_by_id" for class "Event"
  Attribute "get_stage_by_id" is unknown

[/app/bot/game/event_processors/on_enter_action_executor.py] — 1 issue(s):
  Line 139  [ERROR] Cannot access attribute "add_status_effect_to_entity" for class "StatusManager"
  Attribute "add_status_effect_to_entity" is unknown

[/app/bot/game/managers/crafting_manager.py] — 1 issue(s):
  Line 222  [ERROR] Cannot access attribute "add_item_to_entity_inventory_by_template_id" for class "ItemManager"
  Attribute "add_item_to_entity_inventory_by_template_id" is unknown

[/app/bot/game/managers/relationship_manager.py] — 1 issue(s):
  Line 167  [ERROR] "data" is possibly unbound

[/app/bot/game/models/action_request.py] — 1 issue(s):
  Line 4    [ERROR] Import "pydantic" could not be resolved

[/app/bot/game/models/check_models.py] — 1 issue(s):
  Line 2    [ERROR] Import "pydantic" could not be resolved

[/app/bot/game/models/faction.py] — 1 issue(s):
  Line 65   [ERROR] No parameter named "id"

[/app/bot/game/models/global_npc.py] — 1 issue(s):
  Line 6    [ERROR] "id" overrides symbol of same name in class "BaseModel"
  Variable is mutable so its type is invariant
    Override type "str | None" is not the same as base type "str"

[/app/bot/game/models/mobile_group.py] — 1 issue(s):
  Line 12   [ERROR] "id" overrides symbol of same name in class "BaseModel"
  Variable is mutable so its type is invariant
    Override type "str | None" is not the same as base type "str"

[/app/bot/game/npc_action_handlers/npc_combat_attack_completion_handler.py] — 1 issue(s):
  Line 62   [ERROR] Argument of type "Dict[str, Any]" cannot be assigned to parameter "actor_type" of type "str" in function "handle_participant_action_complete"
  "Dict[str, Any]" is not assignable to "str"

[/app/bot/game/npc_action_handlers/npc_craft_completion_handler.py] — 1 issue(s):
  Line 87   [ERROR] Cannot access attribute "create_item" for class "ItemManager"
  Attribute "create_item" is unknown

[/app/main.py] — 1 issue(s):
  Line 6    [ERROR] Import "dotenv" could not be resolved

[/app/tests/ai/test_prompt_context_collector.py] — 1 issue(s):
  Line 173  [ERROR] "List[Dict[str, Any]]" is not awaitable
  "List[Dict[str, Any]]" is incompatible with protocol "Awaitable[_T_co@Awaitable]"
    "__await__" is not present

[/app/tests/commands/test_inventory_cmds.py] — 1 issue(s):
  Line 4    [ERROR] Import "discord" could not be resolved

[/app/tests/conftest.py] — 1 issue(s):
  Line 17   [ERROR] Import "pytest" could not be resolved

[/app/tests/game/managers/test_game_manager.py] — 1 issue(s):
  Line 1    [ERROR] Import "pytest" could not be resolved

[/app/tests/game/managers/test_party_manager_revert_logic.py] — 1 issue(s):
  Line 75   [ERROR] Cannot assign to attribute "remove_party" for class "PartyManager"
  Attribute "remove_party" is unknown

[/app/tests/game/managers/test_undo_manager.py] — 1 issue(s):
  Line 776  [ERROR] Argument of type "main" cannot be assigned to parameter "main" of type "Coroutine[Any, Any, _T@run]" in function "run"
  "TestProgram" is not assignable to "Coroutine[Any, Any, _T@run]"

[/app/tests/game/models/test_ability_model.py] — 1 issue(s):
  Line 1    [ERROR] Import "pytest" could not be resolved

[/app/tests/game/services/test_report_formatter.py] — 1 issue(s):
  Line 1    [ERROR] Import "pytest" could not be resolved

[/app/tests/integration/test_postgres_connection.py] — 1 issue(s):
  Line 1    [WARNING] Import "psycopg2" could not be resolved from source

[/app/tests/services/test_db_service.py] — 1 issue(s):
  Line 285  [ERROR] Argument of type "Literal['error_table']" cannot be assigned to parameter "model_class" of type "type | None" in function "create_entity"
  Type "Literal['error_table']" is not assignable to type "type | None"
    "Literal['error_table']" is not assignable to "type"
    "Literal['error_table']" is not assignable to "None"

[/app/tests/utils/test_i18n_utils.py] — 1 issue(s):
  Line 2    [ERROR] Import "pytest" could not be resolved
